<?xml version="1.0" encoding="UTF-8"?>
<testsuite name="dd.pyrkova.mantis.tests.RegistrationTests" tests="1" skipped="0" failures="0" errors="0" timestamp="2020-03-29T19:44:54" hostname="CONGO" time="10.551">
  <properties/>
  <testcase name="testRegistration" classname="dd.pyrkova.mantis.tests.RegistrationTests" time="10.551"/>
  <system-out><![CDATA[22:44:54.298 [Test worker] DEBUG org.subethamail.smtp.server.CommandHandler - Added command: AUTH
22:44:54.300 [Test worker] DEBUG org.subethamail.smtp.server.CommandHandler - Added command: DATA
22:44:54.300 [Test worker] DEBUG org.subethamail.smtp.server.CommandHandler - Added command: EHLO
22:44:54.300 [Test worker] DEBUG org.subethamail.smtp.server.CommandHandler - Added command: HELO
22:44:54.300 [Test worker] DEBUG org.subethamail.smtp.server.CommandHandler - Added command: HELP
22:44:54.300 [Test worker] DEBUG org.subethamail.smtp.server.CommandHandler - Added command: MAIL
22:44:54.300 [Test worker] DEBUG org.subethamail.smtp.server.CommandHandler - Added command: NOOP
22:44:54.300 [Test worker] DEBUG org.subethamail.smtp.server.CommandHandler - Added command: QUIT
22:44:54.300 [Test worker] DEBUG org.subethamail.smtp.server.CommandHandler - Added command: RCPT
22:44:54.301 [Test worker] DEBUG org.subethamail.smtp.server.CommandHandler - Added command: RSET
22:44:54.301 [Test worker] DEBUG org.subethamail.smtp.server.CommandHandler - Added command: STARTTLS
22:44:54.301 [Test worker] DEBUG org.subethamail.smtp.server.CommandHandler - Added command: VRFY
22:44:54.301 [Test worker] INFO org.subethamail.smtp.server.SMTPServer - SMTP server *:25 starting
22:44:54.304 [org.subethamail.smtp.server.ServerThread *:25] INFO org.subethamail.smtp.server.ServerThread - SMTP server *:25 started
22:44:54.420 [Test worker] DEBUG io.netty.util.internal.logging.InternalLoggerFactory - Using SLF4J as the default logging framework
22:44:54.424 [Test worker] DEBUG io.netty.util.ResourceLeakDetector - -Dio.netty.leakDetection.level: simple
22:44:54.424 [Test worker] DEBUG io.netty.util.ResourceLeakDetector - -Dio.netty.leakDetection.targetRecords: 4
22:44:54.447 [Test worker] DEBUG io.netty.util.internal.PlatformDependent - Platform: Windows
22:44:54.450 [Test worker] DEBUG io.netty.util.internal.PlatformDependent0 - -Dio.netty.noUnsafe: false
22:44:54.450 [Test worker] DEBUG io.netty.util.internal.PlatformDependent0 - Java version: 8
22:44:54.451 [Test worker] DEBUG io.netty.util.internal.PlatformDependent0 - sun.misc.Unsafe.theUnsafe: available
22:44:54.452 [Test worker] DEBUG io.netty.util.internal.PlatformDependent0 - sun.misc.Unsafe.copyMemory: available
22:44:54.453 [Test worker] DEBUG io.netty.util.internal.PlatformDependent0 - java.nio.Buffer.address: available
22:44:54.453 [Test worker] DEBUG io.netty.util.internal.PlatformDependent0 - direct buffer constructor: available
22:44:54.454 [Test worker] DEBUG io.netty.util.internal.PlatformDependent0 - java.nio.Bits.unaligned: available, true
22:44:54.454 [Test worker] DEBUG io.netty.util.internal.PlatformDependent0 - jdk.internal.misc.Unsafe.allocateUninitializedArray(int): unavailable prior to Java9
22:44:54.455 [Test worker] DEBUG io.netty.util.internal.PlatformDependent0 - java.nio.DirectByteBuffer.<init>(long, int): available
22:44:54.455 [Test worker] DEBUG io.netty.util.internal.PlatformDependent - sun.misc.Unsafe: available
22:44:54.456 [Test worker] DEBUG io.netty.util.internal.PlatformDependent - -Dio.netty.tmpdir: C:\Users\dpyrk\AppData\Local\Temp (java.io.tmpdir)
22:44:54.456 [Test worker] DEBUG io.netty.util.internal.PlatformDependent - -Dio.netty.bitMode: 64 (sun.arch.data.model)
22:44:54.459 [Test worker] DEBUG io.netty.util.internal.PlatformDependent - -Dio.netty.maxDirectMemory: 477626368 bytes
22:44:54.459 [Test worker] DEBUG io.netty.util.internal.PlatformDependent - -Dio.netty.uninitializedArrayAllocationThreshold: -1
22:44:54.461 [Test worker] DEBUG io.netty.util.internal.CleanerJava6 - java.nio.ByteBuffer.cleaner(): available
22:44:54.461 [Test worker] DEBUG io.netty.util.internal.PlatformDependent - -Dio.netty.noPreferDirect: false
22:44:54.462 [Test worker] DEBUG io.netty.util.ResourceLeakDetectorFactory - Loaded default ResourceLeakDetector: io.netty.util.ResourceLeakDetector@51776557
22:44:54.478 [Test worker] DEBUG io.netty.util.internal.PlatformDependent - org.jctools-core.MpscChunkedArrayQueue: available
22:44:54.867 [Test worker] DEBUG io.netty.handler.ssl.JdkSslContext - Default protocols (JDK): [TLSv1.2, TLSv1.1, TLSv1] 
22:44:54.867 [Test worker] DEBUG io.netty.handler.ssl.JdkSslContext - Default cipher suites (JDK): [TLS_ECDHE_ECDSA_WITH_AES_256_GCM_SHA384, TLS_ECDHE_ECDSA_WITH_AES_128_GCM_SHA256, TLS_ECDHE_RSA_WITH_AES_128_GCM_SHA256, TLS_ECDHE_RSA_WITH_AES_256_GCM_SHA384, TLS_ECDHE_RSA_WITH_AES_128_CBC_SHA, TLS_ECDHE_RSA_WITH_AES_256_CBC_SHA, TLS_RSA_WITH_AES_128_GCM_SHA256, TLS_RSA_WITH_AES_128_CBC_SHA, TLS_RSA_WITH_AES_256_CBC_SHA]
22:44:54.906 [Test worker] DEBUG io.netty.util.internal.InternalThreadLocalMap - -Dio.netty.threadLocalMap.stringBuilder.initialSize: 1024
22:44:54.906 [Test worker] DEBUG io.netty.util.internal.InternalThreadLocalMap - -Dio.netty.threadLocalMap.stringBuilder.maxSize: 4096
22:44:54.921 [Test worker] DEBUG io.netty.channel.MultithreadEventLoopGroup - -Dio.netty.eventLoopThreads: 16
22:44:54.944 [Test worker] DEBUG io.netty.channel.nio.NioEventLoop - -Dio.netty.noKeySetOptimization: false
22:44:54.944 [Test worker] DEBUG io.netty.channel.nio.NioEventLoop - -Dio.netty.selectorAutoRebuildThreshold: 512
22:44:54.989 [Test worker] DEBUG io.netty.buffer.PooledByteBufAllocator - -Dio.netty.allocator.numHeapArenas: 4
22:44:54.989 [Test worker] DEBUG io.netty.buffer.PooledByteBufAllocator - -Dio.netty.allocator.numDirectArenas: 4
22:44:54.989 [Test worker] DEBUG io.netty.buffer.PooledByteBufAllocator - -Dio.netty.allocator.pageSize: 8192
22:44:54.989 [Test worker] DEBUG io.netty.buffer.PooledByteBufAllocator - -Dio.netty.allocator.maxOrder: 11
22:44:54.989 [Test worker] DEBUG io.netty.buffer.PooledByteBufAllocator - -Dio.netty.allocator.chunkSize: 16777216
22:44:54.989 [Test worker] DEBUG io.netty.buffer.PooledByteBufAllocator - -Dio.netty.allocator.tinyCacheSize: 512
22:44:54.989 [Test worker] DEBUG io.netty.buffer.PooledByteBufAllocator - -Dio.netty.allocator.smallCacheSize: 256
22:44:54.989 [Test worker] DEBUG io.netty.buffer.PooledByteBufAllocator - -Dio.netty.allocator.normalCacheSize: 64
22:44:54.989 [Test worker] DEBUG io.netty.buffer.PooledByteBufAllocator - -Dio.netty.allocator.maxCachedBufferCapacity: 32768
22:44:54.990 [Test worker] DEBUG io.netty.buffer.PooledByteBufAllocator - -Dio.netty.allocator.cacheTrimInterval: 8192
22:44:54.990 [Test worker] DEBUG io.netty.buffer.PooledByteBufAllocator - -Dio.netty.allocator.cacheTrimIntervalMillis: 0
22:44:54.990 [Test worker] DEBUG io.netty.buffer.PooledByteBufAllocator - -Dio.netty.allocator.useCacheForAllThreads: true
22:44:54.990 [Test worker] DEBUG io.netty.buffer.PooledByteBufAllocator - -Dio.netty.allocator.maxCachedByteBuffersPerChunk: 1023
22:44:55.003 [Test worker] DEBUG io.netty.buffer.ByteBufUtil - -Dio.netty.allocator.type: pooled
22:44:55.003 [Test worker] DEBUG io.netty.buffer.ByteBufUtil - -Dio.netty.threadLocalDirectBufferSize: 0
22:44:55.003 [Test worker] DEBUG io.netty.buffer.ByteBufUtil - -Dio.netty.maxThreadLocalCharBufferSize: 16384
22:44:55.894 [Forwarding newSession on session null to remote] DEBUG io.netty.channel.DefaultChannelId - -Dio.netty.processId: 9080 (auto-detected)
22:44:55.896 [Forwarding newSession on session null to remote] DEBUG io.netty.util.NetUtil - -Djava.net.preferIPv4Stack: false
22:44:55.896 [Forwarding newSession on session null to remote] DEBUG io.netty.util.NetUtil - -Djava.net.preferIPv6Addresses: false
22:44:56.006 [Forwarding newSession on session null to remote] DEBUG io.netty.util.NetUtil - Loopback interface: lo (Software Loopback Interface 1, 127.0.0.1)
22:44:56.006 [Forwarding newSession on session null to remote] DEBUG io.netty.util.NetUtil - Failed to get SOMAXCONN from sysctl and file \proc\sys\net\core\somaxconn. Default: 200
22:44:56.118 [Forwarding newSession on session null to remote] DEBUG io.netty.channel.DefaultChannelId - -Dio.netty.machineId: 50:e5:49:ff:fe:c9:b0:a9 (auto-detected)
22:44:56.173 [AsyncHttpClient-3-1] DEBUG io.netty.buffer.AbstractByteBuf - -Dio.netty.buffer.checkAccessible: true
22:44:56.173 [AsyncHttpClient-3-1] DEBUG io.netty.buffer.AbstractByteBuf - -Dio.netty.buffer.checkBounds: true
22:44:56.173 [AsyncHttpClient-3-1] DEBUG io.netty.util.ResourceLeakDetectorFactory - Loaded default ResourceLeakDetector: io.netty.util.ResourceLeakDetector@7444120b
22:44:56.186 [AsyncHttpClient-3-1] DEBUG org.asynchttpclient.netty.channel.NettyConnectListener - Using new Channel '[id: 0x607860d0, L:/127.0.0.1:55253 - R:localhost/127.0.0.1:41635]' for 'POST' to '/session'
22:44:56.206 [AsyncHttpClient-3-1] DEBUG io.netty.util.Recycler - -Dio.netty.recycler.maxCapacityPerThread: 4096
22:44:56.206 [AsyncHttpClient-3-1] DEBUG io.netty.util.Recycler - -Dio.netty.recycler.maxSharedCapacityFactor: 2
22:44:56.206 [AsyncHttpClient-3-1] DEBUG io.netty.util.Recycler - -Dio.netty.recycler.linkCapacity: 16
22:44:56.206 [AsyncHttpClient-3-1] DEBUG io.netty.util.Recycler - -Dio.netty.recycler.ratio: 8
22:45:00.839 [AsyncHttpClient-3-1] DEBUG org.asynchttpclient.netty.handler.HttpHandler - 

Request DefaultHttpRequest(decodeResult: success, version: HTTP/1.1)
POST /session HTTP/1.1
User-Agent: selenium/4.0.0-alpha-4 (java windows)
Content-Length: 365
Content-Type: application/json; charset=utf-8
host: localhost:41635
accept: */*

Response DefaultHttpResponse(decodeResult: success, version: HTTP/1.1)
HTTP/1.1 200 OK
Content-Length: 678
Content-Type: application/json; charset=utf-8
cache-control: no-cache

22:45:00.866 [AsyncHttpClient-3-1] DEBUG org.asynchttpclient.netty.channel.ChannelManager - Adding key: http://localhost:41635 for channel [id: 0x607860d0, L:/127.0.0.1:55253 - R:localhost/127.0.0.1:41635]
22:45:00.945 [AsyncHttpClient-7-1] DEBUG org.asynchttpclient.netty.channel.NettyConnectListener - Using new Channel '[id: 0x06f6a081, L:/127.0.0.1:55329 - R:localhost/127.0.0.1:55254]' for 'GET' to '/json/version'
22:45:00.947 [AsyncHttpClient-7-1] DEBUG org.asynchttpclient.netty.handler.HttpHandler - 

Request DefaultFullHttpRequest(decodeResult: success, version: HTTP/1.1, content: EmptyByteBufBE)
GET /json/version HTTP/1.1
User-Agent: selenium/4.0.0-alpha-4 (java windows)
host: localhost:55254
accept: */*

Response DefaultHttpResponse(decodeResult: success, version: HTTP/1.1)
HTTP/1.1 200 OK
Content-Length: 426
Content-Type: application/json; charset=UTF-8

22:45:00.947 [AsyncHttpClient-7-1] DEBUG org.asynchttpclient.netty.channel.ChannelManager - Adding key: http://localhost:55254 for channel [id: 0x06f6a081, L:/127.0.0.1:55329 - R:localhost/127.0.0.1:55254]
22:45:00.958 [Test worker] DEBUG io.netty.util.internal.ThreadLocalRandom - -Dio.netty.initialSeedUniquifier: 0xd6908635e543ec19
22:45:00.966 [AsyncHttpClient-9-1] DEBUG org.asynchttpclient.netty.channel.NettyConnectListener - Using new Channel '[id: 0x5f7ef0e5, L:/127.0.0.1:55330 - R:localhost/127.0.0.1:55254]' for 'GET' to '/devtools/browser/64f8c65d-2c94-4b92-a3aa-3c27b58d4d7c'
22:45:00.969 [AsyncHttpClient-9-1] DEBUG org.asynchttpclient.netty.handler.WebSocketHandler - 

Request DefaultFullHttpRequest(decodeResult: success, version: HTTP/1.1, content: EmptyByteBufBE)
GET /devtools/browser/64f8c65d-2c94-4b92-a3aa-3c27b58d4d7c HTTP/1.1
upgrade: websocket
connection: upgrade
sec-websocket-key: VXdnnKSZHKgkLI3wDLKnxA==
sec-websocket-version: 13
origin: http://localhost:55254
host: localhost:55254
accept: */*
user-agent: AHC/2.1

Response DefaultHttpResponse(decodeResult: success, version: HTTP/1.1)
HTTP/1.1 101 WebSocket Protocol Handshake
Upgrade: WebSocket
Connection: Upgrade
Sec-WebSocket-Accept: d2gheI1o80QshPqZbQaGH2B6FuI=

22:45:00.990 [Forwarding setTimeout on session f9a8b35bac234d3e5ac044f9fb8fca03 to remote] DEBUG org.asynchttpclient.netty.request.NettyRequestSender - Using pooled Channel '[id: 0x607860d0, L:/127.0.0.1:55253 - R:localhost/127.0.0.1:41635]' for 'POST' to 'http://localhost:41635/session/f9a8b35bac234d3e5ac044f9fb8fca03/timeouts'
22:45:00.990 [Forwarding setTimeout on session f9a8b35bac234d3e5ac044f9fb8fca03 to remote] DEBUG org.asynchttpclient.netty.request.NettyRequestSender - Using open Channel [id: 0x607860d0, L:/127.0.0.1:55253 - R:localhost/127.0.0.1:41635] for POST '/session/f9a8b35bac234d3e5ac044f9fb8fca03/timeouts'
22:45:00.994 [AsyncHttpClient-3-1] DEBUG org.asynchttpclient.netty.handler.HttpHandler - 

Request DefaultHttpRequest(decodeResult: success, version: HTTP/1.1)
POST /session/f9a8b35bac234d3e5ac044f9fb8fca03/timeouts HTTP/1.1
User-Agent: selenium/4.0.0-alpha-4 (java windows)
Content-Length: 22
Content-Type: application/json; charset=utf-8
host: localhost:41635
accept: */*

Response DefaultHttpResponse(decodeResult: success, version: HTTP/1.1)
HTTP/1.1 200 OK
Content-Length: 14
Content-Type: application/json; charset=utf-8
cache-control: no-cache

22:45:00.994 [AsyncHttpClient-3-1] DEBUG org.asynchttpclient.netty.channel.ChannelManager - Adding key: http://localhost:41635 for channel [id: 0x607860d0, L:/127.0.0.1:55253 - R:localhost/127.0.0.1:41635]
22:45:00.999 [Forwarding get on session f9a8b35bac234d3e5ac044f9fb8fca03 to remote] DEBUG org.asynchttpclient.netty.request.NettyRequestSender - Using pooled Channel '[id: 0x607860d0, L:/127.0.0.1:55253 - R:localhost/127.0.0.1:41635]' for 'POST' to 'http://localhost:41635/session/f9a8b35bac234d3e5ac044f9fb8fca03/url'
22:45:00.999 [Forwarding get on session f9a8b35bac234d3e5ac044f9fb8fca03 to remote] DEBUG org.asynchttpclient.netty.request.NettyRequestSender - Using open Channel [id: 0x607860d0, L:/127.0.0.1:55253 - R:localhost/127.0.0.1:41635] for POST '/session/f9a8b35bac234d3e5ac044f9fb8fca03/url'
22:45:01.603 [AsyncHttpClient-3-1] DEBUG org.asynchttpclient.netty.handler.HttpHandler - 

Request DefaultHttpRequest(decodeResult: success, version: HTTP/1.1)
POST /session/f9a8b35bac234d3e5ac044f9fb8fca03/url HTTP/1.1
User-Agent: selenium/4.0.0-alpha-4 (java windows)
Content-Length: 68
Content-Type: application/json; charset=utf-8
host: localhost:41635
accept: */*

Response DefaultHttpResponse(decodeResult: success, version: HTTP/1.1)
HTTP/1.1 200 OK
Content-Length: 14
Content-Type: application/json; charset=utf-8
cache-control: no-cache

22:45:01.604 [AsyncHttpClient-3-1] DEBUG org.asynchttpclient.netty.channel.ChannelManager - Adding key: http://localhost:41635 for channel [id: 0x607860d0, L:/127.0.0.1:55253 - R:localhost/127.0.0.1:41635]
22:45:01.608 [Forwarding get on session f9a8b35bac234d3e5ac044f9fb8fca03 to remote] DEBUG org.asynchttpclient.netty.request.NettyRequestSender - Using pooled Channel '[id: 0x607860d0, L:/127.0.0.1:55253 - R:localhost/127.0.0.1:41635]' for 'POST' to 'http://localhost:41635/session/f9a8b35bac234d3e5ac044f9fb8fca03/url'
22:45:01.608 [Forwarding get on session f9a8b35bac234d3e5ac044f9fb8fca03 to remote] DEBUG org.asynchttpclient.netty.request.NettyRequestSender - Using open Channel [id: 0x607860d0, L:/127.0.0.1:55253 - R:localhost/127.0.0.1:41635] for POST '/session/f9a8b35bac234d3e5ac044f9fb8fca03/url'
22:45:01.889 [AsyncHttpClient-3-1] DEBUG org.asynchttpclient.netty.handler.HttpHandler - 

Request DefaultHttpRequest(decodeResult: success, version: HTTP/1.1)
POST /session/f9a8b35bac234d3e5ac044f9fb8fca03/url HTTP/1.1
User-Agent: selenium/4.0.0-alpha-4 (java windows)
Content-Length: 89
Content-Type: application/json; charset=utf-8
host: localhost:41635
accept: */*

Response DefaultHttpResponse(decodeResult: success, version: HTTP/1.1)
HTTP/1.1 200 OK
Content-Length: 14
Content-Type: application/json; charset=utf-8
cache-control: no-cache

22:45:01.890 [AsyncHttpClient-3-1] DEBUG org.asynchttpclient.netty.channel.ChannelManager - Adding key: http://localhost:41635 for channel [id: 0x607860d0, L:/127.0.0.1:55253 - R:localhost/127.0.0.1:41635]
22:45:01.900 [Forwarding findElement on session f9a8b35bac234d3e5ac044f9fb8fca03 to remote] DEBUG org.asynchttpclient.netty.request.NettyRequestSender - Using pooled Channel '[id: 0x607860d0, L:/127.0.0.1:55253 - R:localhost/127.0.0.1:41635]' for 'POST' to 'http://localhost:41635/session/f9a8b35bac234d3e5ac044f9fb8fca03/element'
22:45:01.900 [Forwarding findElement on session f9a8b35bac234d3e5ac044f9fb8fca03 to remote] DEBUG org.asynchttpclient.netty.request.NettyRequestSender - Using open Channel [id: 0x607860d0, L:/127.0.0.1:55253 - R:localhost/127.0.0.1:41635] for POST '/session/f9a8b35bac234d3e5ac044f9fb8fca03/element'
22:45:01.914 [AsyncHttpClient-3-1] DEBUG org.asynchttpclient.netty.handler.HttpHandler - 

Request DefaultHttpRequest(decodeResult: success, version: HTTP/1.1)
POST /session/f9a8b35bac234d3e5ac044f9fb8fca03/element HTTP/1.1
User-Agent: selenium/4.0.0-alpha-4 (java windows)
Content-Length: 62
Content-Type: application/json; charset=utf-8
host: localhost:41635
accept: */*

Response DefaultHttpResponse(decodeResult: success, version: HTTP/1.1)
HTTP/1.1 200 OK
Content-Length: 88
Content-Type: application/json; charset=utf-8
cache-control: no-cache

22:45:01.915 [AsyncHttpClient-3-1] DEBUG org.asynchttpclient.netty.channel.ChannelManager - Adding key: http://localhost:41635 for channel [id: 0x607860d0, L:/127.0.0.1:55253 - R:localhost/127.0.0.1:41635]
22:45:01.920 [Forwarding clickElement on session f9a8b35bac234d3e5ac044f9fb8fca03 to remote] DEBUG org.asynchttpclient.netty.request.NettyRequestSender - Using pooled Channel '[id: 0x607860d0, L:/127.0.0.1:55253 - R:localhost/127.0.0.1:41635]' for 'POST' to 'http://localhost:41635/session/f9a8b35bac234d3e5ac044f9fb8fca03/element/aa2e35c9-3777-49cb-8446-8e67d0132c18/click'
22:45:01.920 [Forwarding clickElement on session f9a8b35bac234d3e5ac044f9fb8fca03 to remote] DEBUG org.asynchttpclient.netty.request.NettyRequestSender - Using open Channel [id: 0x607860d0, L:/127.0.0.1:55253 - R:localhost/127.0.0.1:41635] for POST '/session/f9a8b35bac234d3e5ac044f9fb8fca03/element/aa2e35c9-3777-49cb-8446-8e67d0132c18/click'
22:45:01.973 [AsyncHttpClient-3-1] DEBUG org.asynchttpclient.netty.handler.HttpHandler - 

Request DefaultHttpRequest(decodeResult: success, version: HTTP/1.1)
POST /session/f9a8b35bac234d3e5ac044f9fb8fca03/element/aa2e35c9-3777-49cb-8446-8e67d0132c18/click HTTP/1.1
User-Agent: selenium/4.0.0-alpha-4 (java windows)
Content-Length: 50
Content-Type: application/json; charset=utf-8
host: localhost:41635
accept: */*

Response DefaultHttpResponse(decodeResult: success, version: HTTP/1.1)
HTTP/1.1 200 OK
Content-Length: 14
Content-Type: application/json; charset=utf-8
cache-control: no-cache

22:45:01.973 [AsyncHttpClient-3-1] DEBUG org.asynchttpclient.netty.channel.ChannelManager - Adding key: http://localhost:41635 for channel [id: 0x607860d0, L:/127.0.0.1:55253 - R:localhost/127.0.0.1:41635]
22:45:01.975 [Forwarding findElement on session f9a8b35bac234d3e5ac044f9fb8fca03 to remote] DEBUG org.asynchttpclient.netty.request.NettyRequestSender - Using pooled Channel '[id: 0x607860d0, L:/127.0.0.1:55253 - R:localhost/127.0.0.1:41635]' for 'POST' to 'http://localhost:41635/session/f9a8b35bac234d3e5ac044f9fb8fca03/element'
22:45:01.975 [Forwarding findElement on session f9a8b35bac234d3e5ac044f9fb8fca03 to remote] DEBUG org.asynchttpclient.netty.request.NettyRequestSender - Using open Channel [id: 0x607860d0, L:/127.0.0.1:55253 - R:localhost/127.0.0.1:41635] for POST '/session/f9a8b35bac234d3e5ac044f9fb8fca03/element'
22:45:01.984 [AsyncHttpClient-3-1] DEBUG org.asynchttpclient.netty.handler.HttpHandler - 

Request DefaultHttpRequest(decodeResult: success, version: HTTP/1.1)
POST /session/f9a8b35bac234d3e5ac044f9fb8fca03/element HTTP/1.1
User-Agent: selenium/4.0.0-alpha-4 (java windows)
Content-Length: 62
Content-Type: application/json; charset=utf-8
host: localhost:41635
accept: */*

Response DefaultHttpResponse(decodeResult: success, version: HTTP/1.1)
HTTP/1.1 200 OK
Content-Length: 88
Content-Type: application/json; charset=utf-8
cache-control: no-cache

22:45:01.985 [AsyncHttpClient-3-1] DEBUG org.asynchttpclient.netty.channel.ChannelManager - Adding key: http://localhost:41635 for channel [id: 0x607860d0, L:/127.0.0.1:55253 - R:localhost/127.0.0.1:41635]
22:45:02.009 [Forwarding getElementAttribute on session f9a8b35bac234d3e5ac044f9fb8fca03 to remote] DEBUG org.asynchttpclient.netty.request.NettyRequestSender - Using pooled Channel '[id: 0x607860d0, L:/127.0.0.1:55253 - R:localhost/127.0.0.1:41635]' for 'POST' to 'http://localhost:41635/session/f9a8b35bac234d3e5ac044f9fb8fca03/execute/sync'
22:45:02.009 [Forwarding getElementAttribute on session f9a8b35bac234d3e5ac044f9fb8fca03 to remote] DEBUG org.asynchttpclient.netty.request.NettyRequestSender - Using open Channel [id: 0x607860d0, L:/127.0.0.1:55253 - R:localhost/127.0.0.1:41635] for POST '/session/f9a8b35bac234d3e5ac044f9fb8fca03/execute/sync'
22:45:02.017 [AsyncHttpClient-timer-6-1] DEBUG org.asynchttpclient.netty.channel.DefaultChannelPool - Entry count for : http://localhost:55254 : 1
22:45:02.025 [AsyncHttpClient-3-1] DEBUG org.asynchttpclient.netty.handler.HttpHandler - 

Request DefaultHttpRequest(decodeResult: success, version: HTTP/1.1)
POST /session/f9a8b35bac234d3e5ac044f9fb8fca03/execute/sync HTTP/1.1
User-Agent: selenium/4.0.0-alpha-4 (java windows)
Content-Length: 39635
Content-Type: application/json; charset=utf-8
host: localhost:41635
accept: */*

Response DefaultHttpResponse(decodeResult: success, version: HTTP/1.1)
HTTP/1.1 200 OK
Content-Length: 12
Content-Type: application/json; charset=utf-8
cache-control: no-cache

22:45:02.026 [AsyncHttpClient-3-1] DEBUG org.asynchttpclient.netty.channel.ChannelManager - Adding key: http://localhost:41635 for channel [id: 0x607860d0, L:/127.0.0.1:55253 - R:localhost/127.0.0.1:41635]
22:45:02.028 [Forwarding findElement on session f9a8b35bac234d3e5ac044f9fb8fca03 to remote] DEBUG org.asynchttpclient.netty.request.NettyRequestSender - Using pooled Channel '[id: 0x607860d0, L:/127.0.0.1:55253 - R:localhost/127.0.0.1:41635]' for 'POST' to 'http://localhost:41635/session/f9a8b35bac234d3e5ac044f9fb8fca03/element'
22:45:02.029 [Forwarding findElement on session f9a8b35bac234d3e5ac044f9fb8fca03 to remote] DEBUG org.asynchttpclient.netty.request.NettyRequestSender - Using open Channel [id: 0x607860d0, L:/127.0.0.1:55253 - R:localhost/127.0.0.1:41635] for POST '/session/f9a8b35bac234d3e5ac044f9fb8fca03/element'
22:45:02.037 [AsyncHttpClient-3-1] DEBUG org.asynchttpclient.netty.handler.HttpHandler - 

Request DefaultHttpRequest(decodeResult: success, version: HTTP/1.1)
POST /session/f9a8b35bac234d3e5ac044f9fb8fca03/element HTTP/1.1
User-Agent: selenium/4.0.0-alpha-4 (java windows)
Content-Length: 62
Content-Type: application/json; charset=utf-8
host: localhost:41635
accept: */*

Response DefaultHttpResponse(decodeResult: success, version: HTTP/1.1)
HTTP/1.1 200 OK
Content-Length: 88
Content-Type: application/json; charset=utf-8
cache-control: no-cache

22:45:02.038 [AsyncHttpClient-3-1] DEBUG org.asynchttpclient.netty.channel.ChannelManager - Adding key: http://localhost:41635 for channel [id: 0x607860d0, L:/127.0.0.1:55253 - R:localhost/127.0.0.1:41635]
22:45:02.040 [Forwarding clearElement on session f9a8b35bac234d3e5ac044f9fb8fca03 to remote] DEBUG org.asynchttpclient.netty.request.NettyRequestSender - Using pooled Channel '[id: 0x607860d0, L:/127.0.0.1:55253 - R:localhost/127.0.0.1:41635]' for 'POST' to 'http://localhost:41635/session/f9a8b35bac234d3e5ac044f9fb8fca03/element/aa2e35c9-3777-49cb-8446-8e67d0132c18/clear'
22:45:02.040 [Forwarding clearElement on session f9a8b35bac234d3e5ac044f9fb8fca03 to remote] DEBUG org.asynchttpclient.netty.request.NettyRequestSender - Using open Channel [id: 0x607860d0, L:/127.0.0.1:55253 - R:localhost/127.0.0.1:41635] for POST '/session/f9a8b35bac234d3e5ac044f9fb8fca03/element/aa2e35c9-3777-49cb-8446-8e67d0132c18/clear'
22:45:02.074 [AsyncHttpClient-3-1] DEBUG org.asynchttpclient.netty.handler.HttpHandler - 

Request DefaultHttpRequest(decodeResult: success, version: HTTP/1.1)
POST /session/f9a8b35bac234d3e5ac044f9fb8fca03/element/aa2e35c9-3777-49cb-8446-8e67d0132c18/clear HTTP/1.1
User-Agent: selenium/4.0.0-alpha-4 (java windows)
Content-Length: 50
Content-Type: application/json; charset=utf-8
host: localhost:41635
accept: */*

Response DefaultHttpResponse(decodeResult: success, version: HTTP/1.1)
HTTP/1.1 200 OK
Content-Length: 14
Content-Type: application/json; charset=utf-8
cache-control: no-cache

22:45:02.075 [AsyncHttpClient-3-1] DEBUG org.asynchttpclient.netty.channel.ChannelManager - Adding key: http://localhost:41635 for channel [id: 0x607860d0, L:/127.0.0.1:55253 - R:localhost/127.0.0.1:41635]
22:45:02.077 [Forwarding findElement on session f9a8b35bac234d3e5ac044f9fb8fca03 to remote] DEBUG org.asynchttpclient.netty.request.NettyRequestSender - Using pooled Channel '[id: 0x607860d0, L:/127.0.0.1:55253 - R:localhost/127.0.0.1:41635]' for 'POST' to 'http://localhost:41635/session/f9a8b35bac234d3e5ac044f9fb8fca03/element'
22:45:02.077 [Forwarding findElement on session f9a8b35bac234d3e5ac044f9fb8fca03 to remote] DEBUG org.asynchttpclient.netty.request.NettyRequestSender - Using open Channel [id: 0x607860d0, L:/127.0.0.1:55253 - R:localhost/127.0.0.1:41635] for POST '/session/f9a8b35bac234d3e5ac044f9fb8fca03/element'
22:45:02.086 [AsyncHttpClient-3-1] DEBUG org.asynchttpclient.netty.handler.HttpHandler - 

Request DefaultHttpRequest(decodeResult: success, version: HTTP/1.1)
POST /session/f9a8b35bac234d3e5ac044f9fb8fca03/element HTTP/1.1
User-Agent: selenium/4.0.0-alpha-4 (java windows)
Content-Length: 62
Content-Type: application/json; charset=utf-8
host: localhost:41635
accept: */*

Response DefaultHttpResponse(decodeResult: success, version: HTTP/1.1)
HTTP/1.1 200 OK
Content-Length: 88
Content-Type: application/json; charset=utf-8
cache-control: no-cache

22:45:02.087 [AsyncHttpClient-3-1] DEBUG org.asynchttpclient.netty.channel.ChannelManager - Adding key: http://localhost:41635 for channel [id: 0x607860d0, L:/127.0.0.1:55253 - R:localhost/127.0.0.1:41635]
22:45:02.094 [Forwarding sendKeysToElement on session f9a8b35bac234d3e5ac044f9fb8fca03 to remote] DEBUG org.asynchttpclient.netty.request.NettyRequestSender - Using pooled Channel '[id: 0x607860d0, L:/127.0.0.1:55253 - R:localhost/127.0.0.1:41635]' for 'POST' to 'http://localhost:41635/session/f9a8b35bac234d3e5ac044f9fb8fca03/element/aa2e35c9-3777-49cb-8446-8e67d0132c18/value'
22:45:02.094 [Forwarding sendKeysToElement on session f9a8b35bac234d3e5ac044f9fb8fca03 to remote] DEBUG org.asynchttpclient.netty.request.NettyRequestSender - Using open Channel [id: 0x607860d0, L:/127.0.0.1:55253 - R:localhost/127.0.0.1:41635] for POST '/session/f9a8b35bac234d3e5ac044f9fb8fca03/element/aa2e35c9-3777-49cb-8446-8e67d0132c18/value'
22:45:02.167 [AsyncHttpClient-3-1] DEBUG org.asynchttpclient.netty.handler.HttpHandler - 

Request DefaultHttpRequest(decodeResult: success, version: HTTP/1.1)
POST /session/f9a8b35bac234d3e5ac044f9fb8fca03/element/aa2e35c9-3777-49cb-8446-8e67d0132c18/value HTTP/1.1
User-Agent: selenium/4.0.0-alpha-4 (java windows)
Content-Length: 251
Content-Type: application/json; charset=utf-8
host: localhost:41635
accept: */*

Response DefaultHttpResponse(decodeResult: success, version: HTTP/1.1)
HTTP/1.1 200 OK
Content-Length: 14
Content-Type: application/json; charset=utf-8
cache-control: no-cache

22:45:02.168 [AsyncHttpClient-3-1] DEBUG org.asynchttpclient.netty.channel.ChannelManager - Adding key: http://localhost:41635 for channel [id: 0x607860d0, L:/127.0.0.1:55253 - R:localhost/127.0.0.1:41635]
22:45:02.170 [Forwarding findElement on session f9a8b35bac234d3e5ac044f9fb8fca03 to remote] DEBUG org.asynchttpclient.netty.request.NettyRequestSender - Using pooled Channel '[id: 0x607860d0, L:/127.0.0.1:55253 - R:localhost/127.0.0.1:41635]' for 'POST' to 'http://localhost:41635/session/f9a8b35bac234d3e5ac044f9fb8fca03/element'
22:45:02.171 [Forwarding findElement on session f9a8b35bac234d3e5ac044f9fb8fca03 to remote] DEBUG org.asynchttpclient.netty.request.NettyRequestSender - Using open Channel [id: 0x607860d0, L:/127.0.0.1:55253 - R:localhost/127.0.0.1:41635] for POST '/session/f9a8b35bac234d3e5ac044f9fb8fca03/element'
22:45:02.185 [AsyncHttpClient-3-1] DEBUG org.asynchttpclient.netty.handler.HttpHandler - 

Request DefaultHttpRequest(decodeResult: success, version: HTTP/1.1)
POST /session/f9a8b35bac234d3e5ac044f9fb8fca03/element HTTP/1.1
User-Agent: selenium/4.0.0-alpha-4 (java windows)
Content-Length: 59
Content-Type: application/json; charset=utf-8
host: localhost:41635
accept: */*

Response DefaultHttpResponse(decodeResult: success, version: HTTP/1.1)
HTTP/1.1 200 OK
Content-Length: 88
Content-Type: application/json; charset=utf-8
cache-control: no-cache

22:45:02.186 [AsyncHttpClient-3-1] DEBUG org.asynchttpclient.netty.channel.ChannelManager - Adding key: http://localhost:41635 for channel [id: 0x607860d0, L:/127.0.0.1:55253 - R:localhost/127.0.0.1:41635]
22:45:02.189 [Forwarding clickElement on session f9a8b35bac234d3e5ac044f9fb8fca03 to remote] DEBUG org.asynchttpclient.netty.request.NettyRequestSender - Using pooled Channel '[id: 0x607860d0, L:/127.0.0.1:55253 - R:localhost/127.0.0.1:41635]' for 'POST' to 'http://localhost:41635/session/f9a8b35bac234d3e5ac044f9fb8fca03/element/f13a970e-9da2-42a6-961b-4be168dc0a41/click'
22:45:02.189 [Forwarding clickElement on session f9a8b35bac234d3e5ac044f9fb8fca03 to remote] DEBUG org.asynchttpclient.netty.request.NettyRequestSender - Using open Channel [id: 0x607860d0, L:/127.0.0.1:55253 - R:localhost/127.0.0.1:41635] for POST '/session/f9a8b35bac234d3e5ac044f9fb8fca03/element/f13a970e-9da2-42a6-961b-4be168dc0a41/click'
22:45:02.238 [AsyncHttpClient-3-1] DEBUG org.asynchttpclient.netty.handler.HttpHandler - 

Request DefaultHttpRequest(decodeResult: success, version: HTTP/1.1)
POST /session/f9a8b35bac234d3e5ac044f9fb8fca03/element/f13a970e-9da2-42a6-961b-4be168dc0a41/click HTTP/1.1
User-Agent: selenium/4.0.0-alpha-4 (java windows)
Content-Length: 50
Content-Type: application/json; charset=utf-8
host: localhost:41635
accept: */*

Response DefaultHttpResponse(decodeResult: success, version: HTTP/1.1)
HTTP/1.1 200 OK
Content-Length: 14
Content-Type: application/json; charset=utf-8
cache-control: no-cache

22:45:02.239 [AsyncHttpClient-3-1] DEBUG org.asynchttpclient.netty.channel.ChannelManager - Adding key: http://localhost:41635 for channel [id: 0x607860d0, L:/127.0.0.1:55253 - R:localhost/127.0.0.1:41635]
22:45:02.241 [Forwarding findElement on session f9a8b35bac234d3e5ac044f9fb8fca03 to remote] DEBUG org.asynchttpclient.netty.request.NettyRequestSender - Using pooled Channel '[id: 0x607860d0, L:/127.0.0.1:55253 - R:localhost/127.0.0.1:41635]' for 'POST' to 'http://localhost:41635/session/f9a8b35bac234d3e5ac044f9fb8fca03/element'
22:45:02.241 [Forwarding findElement on session f9a8b35bac234d3e5ac044f9fb8fca03 to remote] DEBUG org.asynchttpclient.netty.request.NettyRequestSender - Using open Channel [id: 0x607860d0, L:/127.0.0.1:55253 - R:localhost/127.0.0.1:41635] for POST '/session/f9a8b35bac234d3e5ac044f9fb8fca03/element'
22:45:02.249 [AsyncHttpClient-3-1] DEBUG org.asynchttpclient.netty.handler.HttpHandler - 

Request DefaultHttpRequest(decodeResult: success, version: HTTP/1.1)
POST /session/f9a8b35bac234d3e5ac044f9fb8fca03/element HTTP/1.1
User-Agent: selenium/4.0.0-alpha-4 (java windows)
Content-Length: 59
Content-Type: application/json; charset=utf-8
host: localhost:41635
accept: */*

Response DefaultHttpResponse(decodeResult: success, version: HTTP/1.1)
HTTP/1.1 200 OK
Content-Length: 88
Content-Type: application/json; charset=utf-8
cache-control: no-cache

22:45:02.250 [AsyncHttpClient-3-1] DEBUG org.asynchttpclient.netty.channel.ChannelManager - Adding key: http://localhost:41635 for channel [id: 0x607860d0, L:/127.0.0.1:55253 - R:localhost/127.0.0.1:41635]
22:45:02.261 [Forwarding getElementAttribute on session f9a8b35bac234d3e5ac044f9fb8fca03 to remote] DEBUG org.asynchttpclient.netty.request.NettyRequestSender - Using pooled Channel '[id: 0x607860d0, L:/127.0.0.1:55253 - R:localhost/127.0.0.1:41635]' for 'POST' to 'http://localhost:41635/session/f9a8b35bac234d3e5ac044f9fb8fca03/execute/sync'
22:45:02.261 [Forwarding getElementAttribute on session f9a8b35bac234d3e5ac044f9fb8fca03 to remote] DEBUG org.asynchttpclient.netty.request.NettyRequestSender - Using open Channel [id: 0x607860d0, L:/127.0.0.1:55253 - R:localhost/127.0.0.1:41635] for POST '/session/f9a8b35bac234d3e5ac044f9fb8fca03/execute/sync'
22:45:02.275 [AsyncHttpClient-3-1] DEBUG org.asynchttpclient.netty.handler.HttpHandler - 

Request DefaultHttpRequest(decodeResult: success, version: HTTP/1.1)
POST /session/f9a8b35bac234d3e5ac044f9fb8fca03/execute/sync HTTP/1.1
User-Agent: selenium/4.0.0-alpha-4 (java windows)
Content-Length: 39635
Content-Type: application/json; charset=utf-8
host: localhost:41635
accept: */*

Response DefaultHttpResponse(decodeResult: success, version: HTTP/1.1)
HTTP/1.1 200 OK
Content-Length: 12
Content-Type: application/json; charset=utf-8
cache-control: no-cache

22:45:02.275 [AsyncHttpClient-3-1] DEBUG org.asynchttpclient.netty.channel.ChannelManager - Adding key: http://localhost:41635 for channel [id: 0x607860d0, L:/127.0.0.1:55253 - R:localhost/127.0.0.1:41635]
22:45:02.293 [Forwarding findElement on session f9a8b35bac234d3e5ac044f9fb8fca03 to remote] DEBUG org.asynchttpclient.netty.request.NettyRequestSender - Using pooled Channel '[id: 0x607860d0, L:/127.0.0.1:55253 - R:localhost/127.0.0.1:41635]' for 'POST' to 'http://localhost:41635/session/f9a8b35bac234d3e5ac044f9fb8fca03/element'
22:45:02.293 [Forwarding findElement on session f9a8b35bac234d3e5ac044f9fb8fca03 to remote] DEBUG org.asynchttpclient.netty.request.NettyRequestSender - Using open Channel [id: 0x607860d0, L:/127.0.0.1:55253 - R:localhost/127.0.0.1:41635] for POST '/session/f9a8b35bac234d3e5ac044f9fb8fca03/element'
22:45:02.301 [AsyncHttpClient-3-1] DEBUG org.asynchttpclient.netty.handler.HttpHandler - 

Request DefaultHttpRequest(decodeResult: success, version: HTTP/1.1)
POST /session/f9a8b35bac234d3e5ac044f9fb8fca03/element HTTP/1.1
User-Agent: selenium/4.0.0-alpha-4 (java windows)
Content-Length: 59
Content-Type: application/json; charset=utf-8
host: localhost:41635
accept: */*

Response DefaultHttpResponse(decodeResult: success, version: HTTP/1.1)
HTTP/1.1 200 OK
Content-Length: 88
Content-Type: application/json; charset=utf-8
cache-control: no-cache

22:45:02.302 [AsyncHttpClient-3-1] DEBUG org.asynchttpclient.netty.channel.ChannelManager - Adding key: http://localhost:41635 for channel [id: 0x607860d0, L:/127.0.0.1:55253 - R:localhost/127.0.0.1:41635]
22:45:02.303 [Forwarding clearElement on session f9a8b35bac234d3e5ac044f9fb8fca03 to remote] DEBUG org.asynchttpclient.netty.request.NettyRequestSender - Using pooled Channel '[id: 0x607860d0, L:/127.0.0.1:55253 - R:localhost/127.0.0.1:41635]' for 'POST' to 'http://localhost:41635/session/f9a8b35bac234d3e5ac044f9fb8fca03/element/f13a970e-9da2-42a6-961b-4be168dc0a41/clear'
22:45:02.303 [Forwarding clearElement on session f9a8b35bac234d3e5ac044f9fb8fca03 to remote] DEBUG org.asynchttpclient.netty.request.NettyRequestSender - Using open Channel [id: 0x607860d0, L:/127.0.0.1:55253 - R:localhost/127.0.0.1:41635] for POST '/session/f9a8b35bac234d3e5ac044f9fb8fca03/element/f13a970e-9da2-42a6-961b-4be168dc0a41/clear'
22:45:02.328 [AsyncHttpClient-3-1] DEBUG org.asynchttpclient.netty.handler.HttpHandler - 

Request DefaultHttpRequest(decodeResult: success, version: HTTP/1.1)
POST /session/f9a8b35bac234d3e5ac044f9fb8fca03/element/f13a970e-9da2-42a6-961b-4be168dc0a41/clear HTTP/1.1
User-Agent: selenium/4.0.0-alpha-4 (java windows)
Content-Length: 50
Content-Type: application/json; charset=utf-8
host: localhost:41635
accept: */*

Response DefaultHttpResponse(decodeResult: success, version: HTTP/1.1)
HTTP/1.1 200 OK
Content-Length: 14
Content-Type: application/json; charset=utf-8
cache-control: no-cache

22:45:02.329 [AsyncHttpClient-3-1] DEBUG org.asynchttpclient.netty.channel.ChannelManager - Adding key: http://localhost:41635 for channel [id: 0x607860d0, L:/127.0.0.1:55253 - R:localhost/127.0.0.1:41635]
22:45:02.332 [Forwarding findElement on session f9a8b35bac234d3e5ac044f9fb8fca03 to remote] DEBUG org.asynchttpclient.netty.request.NettyRequestSender - Using pooled Channel '[id: 0x607860d0, L:/127.0.0.1:55253 - R:localhost/127.0.0.1:41635]' for 'POST' to 'http://localhost:41635/session/f9a8b35bac234d3e5ac044f9fb8fca03/element'
22:45:02.332 [Forwarding findElement on session f9a8b35bac234d3e5ac044f9fb8fca03 to remote] DEBUG org.asynchttpclient.netty.request.NettyRequestSender - Using open Channel [id: 0x607860d0, L:/127.0.0.1:55253 - R:localhost/127.0.0.1:41635] for POST '/session/f9a8b35bac234d3e5ac044f9fb8fca03/element'
22:45:02.339 [AsyncHttpClient-3-1] DEBUG org.asynchttpclient.netty.handler.HttpHandler - 

Request DefaultHttpRequest(decodeResult: success, version: HTTP/1.1)
POST /session/f9a8b35bac234d3e5ac044f9fb8fca03/element HTTP/1.1
User-Agent: selenium/4.0.0-alpha-4 (java windows)
Content-Length: 59
Content-Type: application/json; charset=utf-8
host: localhost:41635
accept: */*

Response DefaultHttpResponse(decodeResult: success, version: HTTP/1.1)
HTTP/1.1 200 OK
Content-Length: 88
Content-Type: application/json; charset=utf-8
cache-control: no-cache

22:45:02.339 [AsyncHttpClient-3-1] DEBUG org.asynchttpclient.netty.channel.ChannelManager - Adding key: http://localhost:41635 for channel [id: 0x607860d0, L:/127.0.0.1:55253 - R:localhost/127.0.0.1:41635]
22:45:02.343 [Forwarding sendKeysToElement on session f9a8b35bac234d3e5ac044f9fb8fca03 to remote] DEBUG org.asynchttpclient.netty.request.NettyRequestSender - Using pooled Channel '[id: 0x607860d0, L:/127.0.0.1:55253 - R:localhost/127.0.0.1:41635]' for 'POST' to 'http://localhost:41635/session/f9a8b35bac234d3e5ac044f9fb8fca03/element/f13a970e-9da2-42a6-961b-4be168dc0a41/value'
22:45:02.343 [Forwarding sendKeysToElement on session f9a8b35bac234d3e5ac044f9fb8fca03 to remote] DEBUG org.asynchttpclient.netty.request.NettyRequestSender - Using open Channel [id: 0x607860d0, L:/127.0.0.1:55253 - R:localhost/127.0.0.1:41635] for POST '/session/f9a8b35bac234d3e5ac044f9fb8fca03/element/f13a970e-9da2-42a6-961b-4be168dc0a41/value'
22:45:02.468 [AsyncHttpClient-3-1] DEBUG org.asynchttpclient.netty.handler.HttpHandler - 

Request DefaultHttpRequest(decodeResult: success, version: HTTP/1.1)
POST /session/f9a8b35bac234d3e5ac044f9fb8fca03/element/f13a970e-9da2-42a6-961b-4be168dc0a41/value HTTP/1.1
User-Agent: selenium/4.0.0-alpha-4 (java windows)
Content-Length: 471
Content-Type: application/json; charset=utf-8
host: localhost:41635
accept: */*

Response DefaultHttpResponse(decodeResult: success, version: HTTP/1.1)
HTTP/1.1 200 OK
Content-Length: 14
Content-Type: application/json; charset=utf-8
cache-control: no-cache

22:45:02.469 [AsyncHttpClient-3-1] DEBUG org.asynchttpclient.netty.channel.ChannelManager - Adding key: http://localhost:41635 for channel [id: 0x607860d0, L:/127.0.0.1:55253 - R:localhost/127.0.0.1:41635]
22:45:02.470 [Forwarding findElement on session f9a8b35bac234d3e5ac044f9fb8fca03 to remote] DEBUG org.asynchttpclient.netty.request.NettyRequestSender - Using pooled Channel '[id: 0x607860d0, L:/127.0.0.1:55253 - R:localhost/127.0.0.1:41635]' for 'POST' to 'http://localhost:41635/session/f9a8b35bac234d3e5ac044f9fb8fca03/element'
22:45:02.470 [Forwarding findElement on session f9a8b35bac234d3e5ac044f9fb8fca03 to remote] DEBUG org.asynchttpclient.netty.request.NettyRequestSender - Using open Channel [id: 0x607860d0, L:/127.0.0.1:55253 - R:localhost/127.0.0.1:41635] for POST '/session/f9a8b35bac234d3e5ac044f9fb8fca03/element'
22:45:02.483 [AsyncHttpClient-3-1] DEBUG org.asynchttpclient.netty.handler.HttpHandler - 

Request DefaultHttpRequest(decodeResult: success, version: HTTP/1.1)
POST /session/f9a8b35bac234d3e5ac044f9fb8fca03/element HTTP/1.1
User-Agent: selenium/4.0.0-alpha-4 (java windows)
Content-Length: 64
Content-Type: application/json; charset=utf-8
host: localhost:41635
accept: */*

Response DefaultHttpResponse(decodeResult: success, version: HTTP/1.1)
HTTP/1.1 200 OK
Content-Length: 88
Content-Type: application/json; charset=utf-8
cache-control: no-cache

22:45:02.483 [AsyncHttpClient-3-1] DEBUG org.asynchttpclient.netty.channel.ChannelManager - Adding key: http://localhost:41635 for channel [id: 0x607860d0, L:/127.0.0.1:55253 - R:localhost/127.0.0.1:41635]
22:45:02.485 [Forwarding clickElement on session f9a8b35bac234d3e5ac044f9fb8fca03 to remote] DEBUG org.asynchttpclient.netty.request.NettyRequestSender - Using pooled Channel '[id: 0x607860d0, L:/127.0.0.1:55253 - R:localhost/127.0.0.1:41635]' for 'POST' to 'http://localhost:41635/session/f9a8b35bac234d3e5ac044f9fb8fca03/element/9d7eff9d-dbb7-4e3b-8bc5-9668c960a63a/click'
22:45:02.485 [Forwarding clickElement on session f9a8b35bac234d3e5ac044f9fb8fca03 to remote] DEBUG org.asynchttpclient.netty.request.NettyRequestSender - Using open Channel [id: 0x607860d0, L:/127.0.0.1:55253 - R:localhost/127.0.0.1:41635] for POST '/session/f9a8b35bac234d3e5ac044f9fb8fca03/element/9d7eff9d-dbb7-4e3b-8bc5-9668c960a63a/click'
22:45:02.844 [org.subethamail.smtp.server.Session-/0:0:0:0:0:0:0:1:55345] DEBUG org.subethamail.smtp.server.Session - SMTP connection from 0:0:0:0:0:0:0:1/0:0:0:0:0:0:0:1, new connection count: 1
22:45:02.844 [org.subethamail.smtp.server.Session-/0:0:0:0:0:0:0:1:55345] DEBUG org.subethamail.smtp.server.Session - Server: 220 192.168.0.28 ESMTP SubEthaSMTP 3.1.7
22:45:02.844 [org.subethamail.smtp.server.Session-/0:0:0:0:0:0:0:1:55345] DEBUG org.subethamail.smtp.server.Session - Client: EHLO localhost
22:45:02.844 [org.subethamail.smtp.server.Session-/0:0:0:0:0:0:0:1:55345] DEBUG org.subethamail.smtp.server.Session - Server: 250-192.168.0.28
250-8BITMIME
250 Ok
22:45:02.845 [org.subethamail.smtp.server.Session-/0:0:0:0:0:0:0:1:55345] DEBUG org.subethamail.smtp.server.Session - Client: MAIL FROM:<admin@example.com>
22:45:02.851 [org.subethamail.smtp.server.Session-/0:0:0:0:0:0:0:1:55345] DEBUG org.subethamail.smtp.server.Session - Server: 250 Ok
22:45:02.852 [org.subethamail.smtp.server.Session-/0:0:0:0:0:0:0:1:55345] DEBUG org.subethamail.smtp.server.Session - Client: RCPT TO:<user1585511094306@localhost.localdomain>
22:45:02.852 [org.subethamail.smtp.server.Session-/0:0:0:0:0:0:0:1:55345] DEBUG org.subethamail.wiser.Wiser - Accepting mail from admin@example.com to user1585511094306@localhost.localdomain
22:45:02.852 [org.subethamail.smtp.server.Session-/0:0:0:0:0:0:0:1:55345] DEBUG org.subethamail.smtp.server.Session - Server: 250 Ok
22:45:02.853 [org.subethamail.smtp.server.Session-/0:0:0:0:0:0:0:1:55345] DEBUG org.subethamail.smtp.server.Session - Client: DATA
22:45:02.853 [org.subethamail.smtp.server.Session-/0:0:0:0:0:0:0:1:55345] DEBUG org.subethamail.smtp.server.Session - Server: 354 End data with <CR><LF>.<CR><LF>
22:45:02.858 [org.subethamail.smtp.server.Session-/0:0:0:0:0:0:0:1:55345] DEBUG org.subethamail.wiser.Wiser - Delivering mail from admin@example.com to user1585511094306@localhost.localdomain
22:45:02.859 [org.subethamail.smtp.server.Session-/0:0:0:0:0:0:0:1:55345] DEBUG org.subethamail.wiser.Wiser - Creating message from data with 2772 bytes
22:45:02.859 [org.subethamail.smtp.server.Session-/0:0:0:0:0:0:0:1:55345] DEBUG org.subethamail.smtp.server.Session - Server: 250 Ok
22:45:02.860 [org.subethamail.smtp.server.Session-/0:0:0:0:0:0:0:1:55345] DEBUG org.subethamail.smtp.server.Session - Client: RSET
22:45:02.860 [org.subethamail.smtp.server.Session-/0:0:0:0:0:0:0:1:55345] DEBUG org.subethamail.smtp.server.Session - Server: 250 Ok
22:45:02.877 [org.subethamail.smtp.server.Session-/0:0:0:0:0:0:0:1:55345] DEBUG org.subethamail.smtp.server.Session - Client: QUIT
22:45:02.878 [org.subethamail.smtp.server.Session-/0:0:0:0:0:0:0:1:55345] DEBUG org.subethamail.smtp.server.Session - Server: 221 Bye
22:45:02.880 [org.subethamail.smtp.server.Session-/0:0:0:0:0:0:0:1:55346] DEBUG org.subethamail.smtp.server.Session - SMTP connection from 0:0:0:0:0:0:0:1/0:0:0:0:0:0:0:1, new connection count: 1
22:45:02.880 [org.subethamail.smtp.server.Session-/0:0:0:0:0:0:0:1:55346] DEBUG org.subethamail.smtp.server.Session - Server: 220 192.168.0.28 ESMTP SubEthaSMTP 3.1.7
22:45:02.891 [org.subethamail.smtp.server.Session-/0:0:0:0:0:0:0:1:55346] DEBUG org.subethamail.smtp.server.Session - Client: EHLO localhost
22:45:02.891 [org.subethamail.smtp.server.Session-/0:0:0:0:0:0:0:1:55346] DEBUG org.subethamail.smtp.server.Session - Server: 250-192.168.0.28
250-8BITMIME
250 Ok
22:45:02.892 [org.subethamail.smtp.server.Session-/0:0:0:0:0:0:0:1:55346] DEBUG org.subethamail.smtp.server.Session - Client: MAIL FROM:<admin@example.com>
22:45:02.892 [org.subethamail.smtp.server.Session-/0:0:0:0:0:0:0:1:55346] DEBUG org.subethamail.smtp.server.Session - Server: 250 Ok
22:45:02.892 [org.subethamail.smtp.server.Session-/0:0:0:0:0:0:0:1:55346] DEBUG org.subethamail.smtp.server.Session - Client: RCPT TO:<root@localhost>
22:45:02.892 [org.subethamail.smtp.server.Session-/0:0:0:0:0:0:0:1:55346] DEBUG org.subethamail.wiser.Wiser - Accepting mail from admin@example.com to root@localhost
22:45:02.892 [org.subethamail.smtp.server.Session-/0:0:0:0:0:0:0:1:55346] DEBUG org.subethamail.smtp.server.Session - Server: 250 Ok
22:45:02.892 [org.subethamail.smtp.server.Session-/0:0:0:0:0:0:0:1:55346] DEBUG org.subethamail.smtp.server.Session - Client: DATA
22:45:02.892 [org.subethamail.smtp.server.Session-/0:0:0:0:0:0:0:1:55346] DEBUG org.subethamail.smtp.server.Session - Server: 354 End data with <CR><LF>.<CR><LF>
22:45:02.893 [org.subethamail.smtp.server.Session-/0:0:0:0:0:0:0:1:55346] DEBUG org.subethamail.wiser.Wiser - Delivering mail from admin@example.com to root@localhost
22:45:02.894 [org.subethamail.smtp.server.Session-/0:0:0:0:0:0:0:1:55346] DEBUG org.subethamail.wiser.Wiser - Creating message from data with 868 bytes
22:45:02.894 [org.subethamail.smtp.server.Session-/0:0:0:0:0:0:0:1:55346] DEBUG org.subethamail.smtp.server.Session - Server: 250 Ok
22:45:02.894 [org.subethamail.smtp.server.Session-/0:0:0:0:0:0:0:1:55346] DEBUG org.subethamail.smtp.server.Session - Client: RSET
22:45:02.895 [org.subethamail.smtp.server.Session-/0:0:0:0:0:0:0:1:55346] DEBUG org.subethamail.smtp.server.Session - Server: 250 Ok
22:45:02.914 [org.subethamail.smtp.server.Session-/0:0:0:0:0:0:0:1:55346] DEBUG org.subethamail.smtp.server.Session - Client: QUIT
22:45:02.915 [org.subethamail.smtp.server.Session-/0:0:0:0:0:0:0:1:55346] DEBUG org.subethamail.smtp.server.Session - Server: 221 Bye
22:45:03.051 [AsyncHttpClient-3-1] DEBUG org.asynchttpclient.netty.handler.HttpHandler - 

Request DefaultHttpRequest(decodeResult: success, version: HTTP/1.1)
POST /session/f9a8b35bac234d3e5ac044f9fb8fca03/element/9d7eff9d-dbb7-4e3b-8bc5-9668c960a63a/click HTTP/1.1
User-Agent: selenium/4.0.0-alpha-4 (java windows)
Content-Length: 50
Content-Type: application/json; charset=utf-8
host: localhost:41635
accept: */*

Response DefaultHttpResponse(decodeResult: success, version: HTTP/1.1)
HTTP/1.1 200 OK
Content-Length: 14
Content-Type: application/json; charset=utf-8
cache-control: no-cache

22:45:03.052 [AsyncHttpClient-3-1] DEBUG org.asynchttpclient.netty.channel.ChannelManager - Adding key: http://localhost:41635 for channel [id: 0x607860d0, L:/127.0.0.1:55253 - R:localhost/127.0.0.1:41635]
22:45:03.105 [Forwarding get on session f9a8b35bac234d3e5ac044f9fb8fca03 to remote] DEBUG org.asynchttpclient.netty.request.NettyRequestSender - Using pooled Channel '[id: 0x607860d0, L:/127.0.0.1:55253 - R:localhost/127.0.0.1:41635]' for 'POST' to 'http://localhost:41635/session/f9a8b35bac234d3e5ac044f9fb8fca03/url'
22:45:03.106 [Forwarding get on session f9a8b35bac234d3e5ac044f9fb8fca03 to remote] DEBUG org.asynchttpclient.netty.request.NettyRequestSender - Using open Channel [id: 0x607860d0, L:/127.0.0.1:55253 - R:localhost/127.0.0.1:41635] for POST '/session/f9a8b35bac234d3e5ac044f9fb8fca03/url'
22:45:03.115 [AsyncHttpClient-timer-6-1] DEBUG org.asynchttpclient.netty.channel.DefaultChannelPool - Entry count for : http://localhost:55254 : 1
22:45:03.448 [AsyncHttpClient-3-1] DEBUG org.asynchttpclient.netty.handler.HttpHandler - 

Request DefaultHttpRequest(decodeResult: success, version: HTTP/1.1)
POST /session/f9a8b35bac234d3e5ac044f9fb8fca03/url HTTP/1.1
User-Agent: selenium/4.0.0-alpha-4 (java windows)
Content-Length: 186
Content-Type: application/json; charset=utf-8
host: localhost:41635
accept: */*

Response DefaultHttpResponse(decodeResult: success, version: HTTP/1.1)
HTTP/1.1 200 OK
Content-Length: 14
Content-Type: application/json; charset=utf-8
cache-control: no-cache

22:45:03.448 [AsyncHttpClient-3-1] DEBUG org.asynchttpclient.netty.channel.ChannelManager - Adding key: http://localhost:41635 for channel [id: 0x607860d0, L:/127.0.0.1:55253 - R:localhost/127.0.0.1:41635]
22:45:03.449 [Forwarding findElement on session f9a8b35bac234d3e5ac044f9fb8fca03 to remote] DEBUG org.asynchttpclient.netty.request.NettyRequestSender - Using pooled Channel '[id: 0x607860d0, L:/127.0.0.1:55253 - R:localhost/127.0.0.1:41635]' for 'POST' to 'http://localhost:41635/session/f9a8b35bac234d3e5ac044f9fb8fca03/element'
22:45:03.450 [Forwarding findElement on session f9a8b35bac234d3e5ac044f9fb8fca03 to remote] DEBUG org.asynchttpclient.netty.request.NettyRequestSender - Using open Channel [id: 0x607860d0, L:/127.0.0.1:55253 - R:localhost/127.0.0.1:41635] for POST '/session/f9a8b35bac234d3e5ac044f9fb8fca03/element'
22:45:03.466 [AsyncHttpClient-3-1] DEBUG org.asynchttpclient.netty.handler.HttpHandler - 

Request DefaultHttpRequest(decodeResult: success, version: HTTP/1.1)
POST /session/f9a8b35bac234d3e5ac044f9fb8fca03/element HTTP/1.1
User-Agent: selenium/4.0.0-alpha-4 (java windows)
Content-Length: 62
Content-Type: application/json; charset=utf-8
host: localhost:41635
accept: */*

Response DefaultHttpResponse(decodeResult: success, version: HTTP/1.1)
HTTP/1.1 200 OK
Content-Length: 88
Content-Type: application/json; charset=utf-8
cache-control: no-cache

22:45:03.467 [AsyncHttpClient-3-1] DEBUG org.asynchttpclient.netty.channel.ChannelManager - Adding key: http://localhost:41635 for channel [id: 0x607860d0, L:/127.0.0.1:55253 - R:localhost/127.0.0.1:41635]
22:45:03.469 [Forwarding clickElement on session f9a8b35bac234d3e5ac044f9fb8fca03 to remote] DEBUG org.asynchttpclient.netty.request.NettyRequestSender - Using pooled Channel '[id: 0x607860d0, L:/127.0.0.1:55253 - R:localhost/127.0.0.1:41635]' for 'POST' to 'http://localhost:41635/session/f9a8b35bac234d3e5ac044f9fb8fca03/element/a2a63d91-e33a-421b-a8d4-332b7fce5d2b/click'
22:45:03.469 [Forwarding clickElement on session f9a8b35bac234d3e5ac044f9fb8fca03 to remote] DEBUG org.asynchttpclient.netty.request.NettyRequestSender - Using open Channel [id: 0x607860d0, L:/127.0.0.1:55253 - R:localhost/127.0.0.1:41635] for POST '/session/f9a8b35bac234d3e5ac044f9fb8fca03/element/a2a63d91-e33a-421b-a8d4-332b7fce5d2b/click'
22:45:03.521 [AsyncHttpClient-3-1] DEBUG org.asynchttpclient.netty.handler.HttpHandler - 

Request DefaultHttpRequest(decodeResult: success, version: HTTP/1.1)
POST /session/f9a8b35bac234d3e5ac044f9fb8fca03/element/a2a63d91-e33a-421b-a8d4-332b7fce5d2b/click HTTP/1.1
User-Agent: selenium/4.0.0-alpha-4 (java windows)
Content-Length: 50
Content-Type: application/json; charset=utf-8
host: localhost:41635
accept: */*

Response DefaultHttpResponse(decodeResult: success, version: HTTP/1.1)
HTTP/1.1 200 OK
Content-Length: 14
Content-Type: application/json; charset=utf-8
cache-control: no-cache

22:45:03.522 [AsyncHttpClient-3-1] DEBUG org.asynchttpclient.netty.channel.ChannelManager - Adding key: http://localhost:41635 for channel [id: 0x607860d0, L:/127.0.0.1:55253 - R:localhost/127.0.0.1:41635]
22:45:03.523 [Forwarding findElement on session f9a8b35bac234d3e5ac044f9fb8fca03 to remote] DEBUG org.asynchttpclient.netty.request.NettyRequestSender - Using pooled Channel '[id: 0x607860d0, L:/127.0.0.1:55253 - R:localhost/127.0.0.1:41635]' for 'POST' to 'http://localhost:41635/session/f9a8b35bac234d3e5ac044f9fb8fca03/element'
22:45:03.524 [Forwarding findElement on session f9a8b35bac234d3e5ac044f9fb8fca03 to remote] DEBUG org.asynchttpclient.netty.request.NettyRequestSender - Using open Channel [id: 0x607860d0, L:/127.0.0.1:55253 - R:localhost/127.0.0.1:41635] for POST '/session/f9a8b35bac234d3e5ac044f9fb8fca03/element'
22:45:03.532 [AsyncHttpClient-3-1] DEBUG org.asynchttpclient.netty.handler.HttpHandler - 

Request DefaultHttpRequest(decodeResult: success, version: HTTP/1.1)
POST /session/f9a8b35bac234d3e5ac044f9fb8fca03/element HTTP/1.1
User-Agent: selenium/4.0.0-alpha-4 (java windows)
Content-Length: 62
Content-Type: application/json; charset=utf-8
host: localhost:41635
accept: */*

Response DefaultHttpResponse(decodeResult: success, version: HTTP/1.1)
HTTP/1.1 200 OK
Content-Length: 88
Content-Type: application/json; charset=utf-8
cache-control: no-cache

22:45:03.532 [AsyncHttpClient-3-1] DEBUG org.asynchttpclient.netty.channel.ChannelManager - Adding key: http://localhost:41635 for channel [id: 0x607860d0, L:/127.0.0.1:55253 - R:localhost/127.0.0.1:41635]
22:45:03.540 [Forwarding getElementAttribute on session f9a8b35bac234d3e5ac044f9fb8fca03 to remote] DEBUG org.asynchttpclient.netty.request.NettyRequestSender - Using pooled Channel '[id: 0x607860d0, L:/127.0.0.1:55253 - R:localhost/127.0.0.1:41635]' for 'POST' to 'http://localhost:41635/session/f9a8b35bac234d3e5ac044f9fb8fca03/execute/sync'
22:45:03.540 [Forwarding getElementAttribute on session f9a8b35bac234d3e5ac044f9fb8fca03 to remote] DEBUG org.asynchttpclient.netty.request.NettyRequestSender - Using open Channel [id: 0x607860d0, L:/127.0.0.1:55253 - R:localhost/127.0.0.1:41635] for POST '/session/f9a8b35bac234d3e5ac044f9fb8fca03/execute/sync'
22:45:03.562 [AsyncHttpClient-3-1] DEBUG org.asynchttpclient.netty.handler.HttpHandler - 

Request DefaultHttpRequest(decodeResult: success, version: HTTP/1.1)
POST /session/f9a8b35bac234d3e5ac044f9fb8fca03/execute/sync HTTP/1.1
User-Agent: selenium/4.0.0-alpha-4 (java windows)
Content-Length: 39635
Content-Type: application/json; charset=utf-8
host: localhost:41635
accept: */*

Response DefaultHttpResponse(decodeResult: success, version: HTTP/1.1)
HTTP/1.1 200 OK
Content-Length: 12
Content-Type: application/json; charset=utf-8
cache-control: no-cache

22:45:03.562 [AsyncHttpClient-3-1] DEBUG org.asynchttpclient.netty.channel.ChannelManager - Adding key: http://localhost:41635 for channel [id: 0x607860d0, L:/127.0.0.1:55253 - R:localhost/127.0.0.1:41635]
22:45:03.565 [Forwarding findElement on session f9a8b35bac234d3e5ac044f9fb8fca03 to remote] DEBUG org.asynchttpclient.netty.request.NettyRequestSender - Using pooled Channel '[id: 0x607860d0, L:/127.0.0.1:55253 - R:localhost/127.0.0.1:41635]' for 'POST' to 'http://localhost:41635/session/f9a8b35bac234d3e5ac044f9fb8fca03/element'
22:45:03.565 [Forwarding findElement on session f9a8b35bac234d3e5ac044f9fb8fca03 to remote] DEBUG org.asynchttpclient.netty.request.NettyRequestSender - Using open Channel [id: 0x607860d0, L:/127.0.0.1:55253 - R:localhost/127.0.0.1:41635] for POST '/session/f9a8b35bac234d3e5ac044f9fb8fca03/element'
22:45:03.572 [AsyncHttpClient-3-1] DEBUG org.asynchttpclient.netty.handler.HttpHandler - 

Request DefaultHttpRequest(decodeResult: success, version: HTTP/1.1)
POST /session/f9a8b35bac234d3e5ac044f9fb8fca03/element HTTP/1.1
User-Agent: selenium/4.0.0-alpha-4 (java windows)
Content-Length: 62
Content-Type: application/json; charset=utf-8
host: localhost:41635
accept: */*

Response DefaultHttpResponse(decodeResult: success, version: HTTP/1.1)
HTTP/1.1 200 OK
Content-Length: 88
Content-Type: application/json; charset=utf-8
cache-control: no-cache

22:45:03.573 [AsyncHttpClient-3-1] DEBUG org.asynchttpclient.netty.channel.ChannelManager - Adding key: http://localhost:41635 for channel [id: 0x607860d0, L:/127.0.0.1:55253 - R:localhost/127.0.0.1:41635]
22:45:03.575 [Forwarding clearElement on session f9a8b35bac234d3e5ac044f9fb8fca03 to remote] DEBUG org.asynchttpclient.netty.request.NettyRequestSender - Using pooled Channel '[id: 0x607860d0, L:/127.0.0.1:55253 - R:localhost/127.0.0.1:41635]' for 'POST' to 'http://localhost:41635/session/f9a8b35bac234d3e5ac044f9fb8fca03/element/a2a63d91-e33a-421b-a8d4-332b7fce5d2b/clear'
22:45:03.575 [Forwarding clearElement on session f9a8b35bac234d3e5ac044f9fb8fca03 to remote] DEBUG org.asynchttpclient.netty.request.NettyRequestSender - Using open Channel [id: 0x607860d0, L:/127.0.0.1:55253 - R:localhost/127.0.0.1:41635] for POST '/session/f9a8b35bac234d3e5ac044f9fb8fca03/element/a2a63d91-e33a-421b-a8d4-332b7fce5d2b/clear'
22:45:03.605 [AsyncHttpClient-3-1] DEBUG org.asynchttpclient.netty.handler.HttpHandler - 

Request DefaultHttpRequest(decodeResult: success, version: HTTP/1.1)
POST /session/f9a8b35bac234d3e5ac044f9fb8fca03/element/a2a63d91-e33a-421b-a8d4-332b7fce5d2b/clear HTTP/1.1
User-Agent: selenium/4.0.0-alpha-4 (java windows)
Content-Length: 50
Content-Type: application/json; charset=utf-8
host: localhost:41635
accept: */*

Response DefaultHttpResponse(decodeResult: success, version: HTTP/1.1)
HTTP/1.1 200 OK
Content-Length: 14
Content-Type: application/json; charset=utf-8
cache-control: no-cache

22:45:03.605 [AsyncHttpClient-3-1] DEBUG org.asynchttpclient.netty.channel.ChannelManager - Adding key: http://localhost:41635 for channel [id: 0x607860d0, L:/127.0.0.1:55253 - R:localhost/127.0.0.1:41635]
22:45:03.607 [Forwarding findElement on session f9a8b35bac234d3e5ac044f9fb8fca03 to remote] DEBUG org.asynchttpclient.netty.request.NettyRequestSender - Using pooled Channel '[id: 0x607860d0, L:/127.0.0.1:55253 - R:localhost/127.0.0.1:41635]' for 'POST' to 'http://localhost:41635/session/f9a8b35bac234d3e5ac044f9fb8fca03/element'
22:45:03.607 [Forwarding findElement on session f9a8b35bac234d3e5ac044f9fb8fca03 to remote] DEBUG org.asynchttpclient.netty.request.NettyRequestSender - Using open Channel [id: 0x607860d0, L:/127.0.0.1:55253 - R:localhost/127.0.0.1:41635] for POST '/session/f9a8b35bac234d3e5ac044f9fb8fca03/element'
22:45:03.616 [AsyncHttpClient-3-1] DEBUG org.asynchttpclient.netty.handler.HttpHandler - 

Request DefaultHttpRequest(decodeResult: success, version: HTTP/1.1)
POST /session/f9a8b35bac234d3e5ac044f9fb8fca03/element HTTP/1.1
User-Agent: selenium/4.0.0-alpha-4 (java windows)
Content-Length: 62
Content-Type: application/json; charset=utf-8
host: localhost:41635
accept: */*

Response DefaultHttpResponse(decodeResult: success, version: HTTP/1.1)
HTTP/1.1 200 OK
Content-Length: 88
Content-Type: application/json; charset=utf-8
cache-control: no-cache

22:45:03.617 [AsyncHttpClient-3-1] DEBUG org.asynchttpclient.netty.channel.ChannelManager - Adding key: http://localhost:41635 for channel [id: 0x607860d0, L:/127.0.0.1:55253 - R:localhost/127.0.0.1:41635]
22:45:03.620 [Forwarding sendKeysToElement on session f9a8b35bac234d3e5ac044f9fb8fca03 to remote] DEBUG org.asynchttpclient.netty.request.NettyRequestSender - Using pooled Channel '[id: 0x607860d0, L:/127.0.0.1:55253 - R:localhost/127.0.0.1:41635]' for 'POST' to 'http://localhost:41635/session/f9a8b35bac234d3e5ac044f9fb8fca03/element/a2a63d91-e33a-421b-a8d4-332b7fce5d2b/value'
22:45:03.620 [Forwarding sendKeysToElement on session f9a8b35bac234d3e5ac044f9fb8fca03 to remote] DEBUG org.asynchttpclient.netty.request.NettyRequestSender - Using open Channel [id: 0x607860d0, L:/127.0.0.1:55253 - R:localhost/127.0.0.1:41635] for POST '/session/f9a8b35bac234d3e5ac044f9fb8fca03/element/a2a63d91-e33a-421b-a8d4-332b7fce5d2b/value'
22:45:03.667 [AsyncHttpClient-3-1] DEBUG org.asynchttpclient.netty.handler.HttpHandler - 

Request DefaultHttpRequest(decodeResult: success, version: HTTP/1.1)
POST /session/f9a8b35bac234d3e5ac044f9fb8fca03/element/a2a63d91-e33a-421b-a8d4-332b7fce5d2b/value HTTP/1.1
User-Agent: selenium/4.0.0-alpha-4 (java windows)
Content-Length: 161
Content-Type: application/json; charset=utf-8
host: localhost:41635
accept: */*

Response DefaultHttpResponse(decodeResult: success, version: HTTP/1.1)
HTTP/1.1 200 OK
Content-Length: 14
Content-Type: application/json; charset=utf-8
cache-control: no-cache

22:45:03.667 [AsyncHttpClient-3-1] DEBUG org.asynchttpclient.netty.channel.ChannelManager - Adding key: http://localhost:41635 for channel [id: 0x607860d0, L:/127.0.0.1:55253 - R:localhost/127.0.0.1:41635]
22:45:03.669 [Forwarding findElement on session f9a8b35bac234d3e5ac044f9fb8fca03 to remote] DEBUG org.asynchttpclient.netty.request.NettyRequestSender - Using pooled Channel '[id: 0x607860d0, L:/127.0.0.1:55253 - R:localhost/127.0.0.1:41635]' for 'POST' to 'http://localhost:41635/session/f9a8b35bac234d3e5ac044f9fb8fca03/element'
22:45:03.669 [Forwarding findElement on session f9a8b35bac234d3e5ac044f9fb8fca03 to remote] DEBUG org.asynchttpclient.netty.request.NettyRequestSender - Using open Channel [id: 0x607860d0, L:/127.0.0.1:55253 - R:localhost/127.0.0.1:41635] for POST '/session/f9a8b35bac234d3e5ac044f9fb8fca03/element'
22:45:03.683 [AsyncHttpClient-3-1] DEBUG org.asynchttpclient.netty.handler.HttpHandler - 

Request DefaultHttpRequest(decodeResult: success, version: HTTP/1.1)
POST /session/f9a8b35bac234d3e5ac044f9fb8fca03/element HTTP/1.1
User-Agent: selenium/4.0.0-alpha-4 (java windows)
Content-Length: 70
Content-Type: application/json; charset=utf-8
host: localhost:41635
accept: */*

Response DefaultHttpResponse(decodeResult: success, version: HTTP/1.1)
HTTP/1.1 200 OK
Content-Length: 88
Content-Type: application/json; charset=utf-8
cache-control: no-cache

22:45:03.683 [AsyncHttpClient-3-1] DEBUG org.asynchttpclient.netty.channel.ChannelManager - Adding key: http://localhost:41635 for channel [id: 0x607860d0, L:/127.0.0.1:55253 - R:localhost/127.0.0.1:41635]
22:45:03.685 [Forwarding clickElement on session f9a8b35bac234d3e5ac044f9fb8fca03 to remote] DEBUG org.asynchttpclient.netty.request.NettyRequestSender - Using pooled Channel '[id: 0x607860d0, L:/127.0.0.1:55253 - R:localhost/127.0.0.1:41635]' for 'POST' to 'http://localhost:41635/session/f9a8b35bac234d3e5ac044f9fb8fca03/element/03571a1b-355c-47a0-b05d-3d3dbab13614/click'
22:45:03.685 [Forwarding clickElement on session f9a8b35bac234d3e5ac044f9fb8fca03 to remote] DEBUG org.asynchttpclient.netty.request.NettyRequestSender - Using open Channel [id: 0x607860d0, L:/127.0.0.1:55253 - R:localhost/127.0.0.1:41635] for POST '/session/f9a8b35bac234d3e5ac044f9fb8fca03/element/03571a1b-355c-47a0-b05d-3d3dbab13614/click'
22:45:03.736 [AsyncHttpClient-3-1] DEBUG org.asynchttpclient.netty.handler.HttpHandler - 

Request DefaultHttpRequest(decodeResult: success, version: HTTP/1.1)
POST /session/f9a8b35bac234d3e5ac044f9fb8fca03/element/03571a1b-355c-47a0-b05d-3d3dbab13614/click HTTP/1.1
User-Agent: selenium/4.0.0-alpha-4 (java windows)
Content-Length: 50
Content-Type: application/json; charset=utf-8
host: localhost:41635
accept: */*

Response DefaultHttpResponse(decodeResult: success, version: HTTP/1.1)
HTTP/1.1 200 OK
Content-Length: 14
Content-Type: application/json; charset=utf-8
cache-control: no-cache

22:45:03.736 [AsyncHttpClient-3-1] DEBUG org.asynchttpclient.netty.channel.ChannelManager - Adding key: http://localhost:41635 for channel [id: 0x607860d0, L:/127.0.0.1:55253 - R:localhost/127.0.0.1:41635]
22:45:03.738 [Forwarding findElement on session f9a8b35bac234d3e5ac044f9fb8fca03 to remote] DEBUG org.asynchttpclient.netty.request.NettyRequestSender - Using pooled Channel '[id: 0x607860d0, L:/127.0.0.1:55253 - R:localhost/127.0.0.1:41635]' for 'POST' to 'http://localhost:41635/session/f9a8b35bac234d3e5ac044f9fb8fca03/element'
22:45:03.738 [Forwarding findElement on session f9a8b35bac234d3e5ac044f9fb8fca03 to remote] DEBUG org.asynchttpclient.netty.request.NettyRequestSender - Using open Channel [id: 0x607860d0, L:/127.0.0.1:55253 - R:localhost/127.0.0.1:41635] for POST '/session/f9a8b35bac234d3e5ac044f9fb8fca03/element'
22:45:03.747 [AsyncHttpClient-3-1] DEBUG org.asynchttpclient.netty.handler.HttpHandler - 

Request DefaultHttpRequest(decodeResult: success, version: HTTP/1.1)
POST /session/f9a8b35bac234d3e5ac044f9fb8fca03/element HTTP/1.1
User-Agent: selenium/4.0.0-alpha-4 (java windows)
Content-Length: 70
Content-Type: application/json; charset=utf-8
host: localhost:41635
accept: */*

Response DefaultHttpResponse(decodeResult: success, version: HTTP/1.1)
HTTP/1.1 200 OK
Content-Length: 88
Content-Type: application/json; charset=utf-8
cache-control: no-cache

22:45:03.747 [AsyncHttpClient-3-1] DEBUG org.asynchttpclient.netty.channel.ChannelManager - Adding key: http://localhost:41635 for channel [id: 0x607860d0, L:/127.0.0.1:55253 - R:localhost/127.0.0.1:41635]
22:45:03.754 [Forwarding getElementAttribute on session f9a8b35bac234d3e5ac044f9fb8fca03 to remote] DEBUG org.asynchttpclient.netty.request.NettyRequestSender - Using pooled Channel '[id: 0x607860d0, L:/127.0.0.1:55253 - R:localhost/127.0.0.1:41635]' for 'POST' to 'http://localhost:41635/session/f9a8b35bac234d3e5ac044f9fb8fca03/execute/sync'
22:45:03.754 [Forwarding getElementAttribute on session f9a8b35bac234d3e5ac044f9fb8fca03 to remote] DEBUG org.asynchttpclient.netty.request.NettyRequestSender - Using open Channel [id: 0x607860d0, L:/127.0.0.1:55253 - R:localhost/127.0.0.1:41635] for POST '/session/f9a8b35bac234d3e5ac044f9fb8fca03/execute/sync'
22:45:03.772 [AsyncHttpClient-3-1] DEBUG org.asynchttpclient.netty.handler.HttpHandler - 

Request DefaultHttpRequest(decodeResult: success, version: HTTP/1.1)
POST /session/f9a8b35bac234d3e5ac044f9fb8fca03/execute/sync HTTP/1.1
User-Agent: selenium/4.0.0-alpha-4 (java windows)
Content-Length: 39635
Content-Type: application/json; charset=utf-8
host: localhost:41635
accept: */*

Response DefaultHttpResponse(decodeResult: success, version: HTTP/1.1)
HTTP/1.1 200 OK
Content-Length: 12
Content-Type: application/json; charset=utf-8
cache-control: no-cache

22:45:03.772 [AsyncHttpClient-3-1] DEBUG org.asynchttpclient.netty.channel.ChannelManager - Adding key: http://localhost:41635 for channel [id: 0x607860d0, L:/127.0.0.1:55253 - R:localhost/127.0.0.1:41635]
22:45:03.774 [Forwarding findElement on session f9a8b35bac234d3e5ac044f9fb8fca03 to remote] DEBUG org.asynchttpclient.netty.request.NettyRequestSender - Using pooled Channel '[id: 0x607860d0, L:/127.0.0.1:55253 - R:localhost/127.0.0.1:41635]' for 'POST' to 'http://localhost:41635/session/f9a8b35bac234d3e5ac044f9fb8fca03/element'
22:45:03.774 [Forwarding findElement on session f9a8b35bac234d3e5ac044f9fb8fca03 to remote] DEBUG org.asynchttpclient.netty.request.NettyRequestSender - Using open Channel [id: 0x607860d0, L:/127.0.0.1:55253 - R:localhost/127.0.0.1:41635] for POST '/session/f9a8b35bac234d3e5ac044f9fb8fca03/element'
22:45:03.783 [AsyncHttpClient-3-1] DEBUG org.asynchttpclient.netty.handler.HttpHandler - 

Request DefaultHttpRequest(decodeResult: success, version: HTTP/1.1)
POST /session/f9a8b35bac234d3e5ac044f9fb8fca03/element HTTP/1.1
User-Agent: selenium/4.0.0-alpha-4 (java windows)
Content-Length: 70
Content-Type: application/json; charset=utf-8
host: localhost:41635
accept: */*

Response DefaultHttpResponse(decodeResult: success, version: HTTP/1.1)
HTTP/1.1 200 OK
Content-Length: 88
Content-Type: application/json; charset=utf-8
cache-control: no-cache

22:45:03.783 [AsyncHttpClient-3-1] DEBUG org.asynchttpclient.netty.channel.ChannelManager - Adding key: http://localhost:41635 for channel [id: 0x607860d0, L:/127.0.0.1:55253 - R:localhost/127.0.0.1:41635]
22:45:03.785 [Forwarding clearElement on session f9a8b35bac234d3e5ac044f9fb8fca03 to remote] DEBUG org.asynchttpclient.netty.request.NettyRequestSender - Using pooled Channel '[id: 0x607860d0, L:/127.0.0.1:55253 - R:localhost/127.0.0.1:41635]' for 'POST' to 'http://localhost:41635/session/f9a8b35bac234d3e5ac044f9fb8fca03/element/03571a1b-355c-47a0-b05d-3d3dbab13614/clear'
22:45:03.785 [Forwarding clearElement on session f9a8b35bac234d3e5ac044f9fb8fca03 to remote] DEBUG org.asynchttpclient.netty.request.NettyRequestSender - Using open Channel [id: 0x607860d0, L:/127.0.0.1:55253 - R:localhost/127.0.0.1:41635] for POST '/session/f9a8b35bac234d3e5ac044f9fb8fca03/element/03571a1b-355c-47a0-b05d-3d3dbab13614/clear'
22:45:03.812 [AsyncHttpClient-3-1] DEBUG org.asynchttpclient.netty.handler.HttpHandler - 

Request DefaultHttpRequest(decodeResult: success, version: HTTP/1.1)
POST /session/f9a8b35bac234d3e5ac044f9fb8fca03/element/03571a1b-355c-47a0-b05d-3d3dbab13614/clear HTTP/1.1
User-Agent: selenium/4.0.0-alpha-4 (java windows)
Content-Length: 50
Content-Type: application/json; charset=utf-8
host: localhost:41635
accept: */*

Response DefaultHttpResponse(decodeResult: success, version: HTTP/1.1)
HTTP/1.1 200 OK
Content-Length: 14
Content-Type: application/json; charset=utf-8
cache-control: no-cache

22:45:03.813 [AsyncHttpClient-3-1] DEBUG org.asynchttpclient.netty.channel.ChannelManager - Adding key: http://localhost:41635 for channel [id: 0x607860d0, L:/127.0.0.1:55253 - R:localhost/127.0.0.1:41635]
22:45:03.814 [Forwarding findElement on session f9a8b35bac234d3e5ac044f9fb8fca03 to remote] DEBUG org.asynchttpclient.netty.request.NettyRequestSender - Using pooled Channel '[id: 0x607860d0, L:/127.0.0.1:55253 - R:localhost/127.0.0.1:41635]' for 'POST' to 'http://localhost:41635/session/f9a8b35bac234d3e5ac044f9fb8fca03/element'
22:45:03.815 [Forwarding findElement on session f9a8b35bac234d3e5ac044f9fb8fca03 to remote] DEBUG org.asynchttpclient.netty.request.NettyRequestSender - Using open Channel [id: 0x607860d0, L:/127.0.0.1:55253 - R:localhost/127.0.0.1:41635] for POST '/session/f9a8b35bac234d3e5ac044f9fb8fca03/element'
22:45:03.820 [AsyncHttpClient-3-1] DEBUG org.asynchttpclient.netty.handler.HttpHandler - 

Request DefaultHttpRequest(decodeResult: success, version: HTTP/1.1)
POST /session/f9a8b35bac234d3e5ac044f9fb8fca03/element HTTP/1.1
User-Agent: selenium/4.0.0-alpha-4 (java windows)
Content-Length: 70
Content-Type: application/json; charset=utf-8
host: localhost:41635
accept: */*

Response DefaultHttpResponse(decodeResult: success, version: HTTP/1.1)
HTTP/1.1 200 OK
Content-Length: 88
Content-Type: application/json; charset=utf-8
cache-control: no-cache

22:45:03.821 [AsyncHttpClient-3-1] DEBUG org.asynchttpclient.netty.channel.ChannelManager - Adding key: http://localhost:41635 for channel [id: 0x607860d0, L:/127.0.0.1:55253 - R:localhost/127.0.0.1:41635]
22:45:03.823 [Forwarding sendKeysToElement on session f9a8b35bac234d3e5ac044f9fb8fca03 to remote] DEBUG org.asynchttpclient.netty.request.NettyRequestSender - Using pooled Channel '[id: 0x607860d0, L:/127.0.0.1:55253 - R:localhost/127.0.0.1:41635]' for 'POST' to 'http://localhost:41635/session/f9a8b35bac234d3e5ac044f9fb8fca03/element/03571a1b-355c-47a0-b05d-3d3dbab13614/value'
22:45:03.823 [Forwarding sendKeysToElement on session f9a8b35bac234d3e5ac044f9fb8fca03 to remote] DEBUG org.asynchttpclient.netty.request.NettyRequestSender - Using open Channel [id: 0x607860d0, L:/127.0.0.1:55253 - R:localhost/127.0.0.1:41635] for POST '/session/f9a8b35bac234d3e5ac044f9fb8fca03/element/03571a1b-355c-47a0-b05d-3d3dbab13614/value'
22:45:03.856 [AsyncHttpClient-3-1] DEBUG org.asynchttpclient.netty.handler.HttpHandler - 

Request DefaultHttpRequest(decodeResult: success, version: HTTP/1.1)
POST /session/f9a8b35bac234d3e5ac044f9fb8fca03/element/03571a1b-355c-47a0-b05d-3d3dbab13614/value HTTP/1.1
User-Agent: selenium/4.0.0-alpha-4 (java windows)
Content-Length: 161
Content-Type: application/json; charset=utf-8
host: localhost:41635
accept: */*

Response DefaultHttpResponse(decodeResult: success, version: HTTP/1.1)
HTTP/1.1 200 OK
Content-Length: 14
Content-Type: application/json; charset=utf-8
cache-control: no-cache

22:45:03.856 [AsyncHttpClient-3-1] DEBUG org.asynchttpclient.netty.channel.ChannelManager - Adding key: http://localhost:41635 for channel [id: 0x607860d0, L:/127.0.0.1:55253 - R:localhost/127.0.0.1:41635]
22:45:03.858 [Forwarding findElement on session f9a8b35bac234d3e5ac044f9fb8fca03 to remote] DEBUG org.asynchttpclient.netty.request.NettyRequestSender - Using pooled Channel '[id: 0x607860d0, L:/127.0.0.1:55253 - R:localhost/127.0.0.1:41635]' for 'POST' to 'http://localhost:41635/session/f9a8b35bac234d3e5ac044f9fb8fca03/element'
22:45:03.858 [Forwarding findElement on session f9a8b35bac234d3e5ac044f9fb8fca03 to remote] DEBUG org.asynchttpclient.netty.request.NettyRequestSender - Using open Channel [id: 0x607860d0, L:/127.0.0.1:55253 - R:localhost/127.0.0.1:41635] for POST '/session/f9a8b35bac234d3e5ac044f9fb8fca03/element'
22:45:03.869 [AsyncHttpClient-3-1] DEBUG org.asynchttpclient.netty.handler.HttpHandler - 

Request DefaultHttpRequest(decodeResult: success, version: HTTP/1.1)
POST /session/f9a8b35bac234d3e5ac044f9fb8fca03/element HTTP/1.1
User-Agent: selenium/4.0.0-alpha-4 (java windows)
Content-Length: 50
Content-Type: application/json; charset=utf-8
host: localhost:41635
accept: */*

Response DefaultHttpResponse(decodeResult: success, version: HTTP/1.1)
HTTP/1.1 200 OK
Content-Length: 88
Content-Type: application/json; charset=utf-8
cache-control: no-cache

22:45:03.870 [AsyncHttpClient-3-1] DEBUG org.asynchttpclient.netty.channel.ChannelManager - Adding key: http://localhost:41635 for channel [id: 0x607860d0, L:/127.0.0.1:55253 - R:localhost/127.0.0.1:41635]
22:45:03.872 [Forwarding clickElement on session f9a8b35bac234d3e5ac044f9fb8fca03 to remote] DEBUG org.asynchttpclient.netty.request.NettyRequestSender - Using pooled Channel '[id: 0x607860d0, L:/127.0.0.1:55253 - R:localhost/127.0.0.1:41635]' for 'POST' to 'http://localhost:41635/session/f9a8b35bac234d3e5ac044f9fb8fca03/element/e6a2c0c1-e82b-40da-aba0-d8f64df3e421/click'
22:45:03.872 [Forwarding clickElement on session f9a8b35bac234d3e5ac044f9fb8fca03 to remote] DEBUG org.asynchttpclient.netty.request.NettyRequestSender - Using open Channel [id: 0x607860d0, L:/127.0.0.1:55253 - R:localhost/127.0.0.1:41635] for POST '/session/f9a8b35bac234d3e5ac044f9fb8fca03/element/e6a2c0c1-e82b-40da-aba0-d8f64df3e421/click'
22:45:04.190 [AsyncHttpClient-3-1] DEBUG org.asynchttpclient.netty.handler.HttpHandler - 

Request DefaultHttpRequest(decodeResult: success, version: HTTP/1.1)
POST /session/f9a8b35bac234d3e5ac044f9fb8fca03/element/e6a2c0c1-e82b-40da-aba0-d8f64df3e421/click HTTP/1.1
User-Agent: selenium/4.0.0-alpha-4 (java windows)
Content-Length: 50
Content-Type: application/json; charset=utf-8
host: localhost:41635
accept: */*

Response DefaultHttpResponse(decodeResult: success, version: HTTP/1.1)
HTTP/1.1 200 OK
Content-Length: 14
Content-Type: application/json; charset=utf-8
cache-control: no-cache

22:45:04.190 [AsyncHttpClient-3-1] DEBUG org.asynchttpclient.netty.channel.ChannelManager - Adding key: http://localhost:41635 for channel [id: 0x607860d0, L:/127.0.0.1:55253 - R:localhost/127.0.0.1:41635]
22:45:04.215 [AsyncHttpClient-timer-6-1] DEBUG org.asynchttpclient.netty.channel.DefaultChannelPool - Entry count for : http://localhost:55254 : 1
22:45:04.303 [Test worker] DEBUG org.apache.http.client.protocol.RequestAddCookies - CookieSpec selected: default
22:45:04.311 [Test worker] DEBUG org.apache.http.client.protocol.RequestAuthCache - Auth cache not set in the context
22:45:04.313 [Test worker] DEBUG org.apache.http.impl.conn.PoolingHttpClientConnectionManager - Connection request: [route: {}->http://localhost:80][total available: 0; route allocated: 0 of 2; total allocated: 0 of 20]
22:45:04.325 [Test worker] DEBUG org.apache.http.impl.conn.PoolingHttpClientConnectionManager - Connection leased: [id: 0][route: {}->http://localhost:80][total available: 0; route allocated: 1 of 2; total allocated: 1 of 20]
22:45:04.326 [Test worker] DEBUG org.apache.http.impl.execchain.MainClientExec - Opening connection {}->http://localhost:80
22:45:04.328 [Test worker] DEBUG org.apache.http.impl.conn.DefaultHttpClientConnectionOperator - Connecting to localhost/127.0.0.1:80
22:45:04.329 [Test worker] DEBUG org.apache.http.impl.conn.DefaultHttpClientConnectionOperator - Connection established 127.0.0.1:55353<->127.0.0.1:80
22:45:04.329 [Test worker] DEBUG org.apache.http.impl.execchain.MainClientExec - Executing request POST /mantisbt-2.24.0/login.php HTTP/1.1
22:45:04.329 [Test worker] DEBUG org.apache.http.impl.execchain.MainClientExec - Target auth state: UNCHALLENGED
22:45:04.329 [Test worker] DEBUG org.apache.http.impl.execchain.MainClientExec - Proxy auth state: UNCHALLENGED
22:45:04.331 [Test worker] DEBUG org.apache.http.headers - http-outgoing-0 >> POST /mantisbt-2.24.0/login.php HTTP/1.1
22:45:04.331 [Test worker] DEBUG org.apache.http.headers - http-outgoing-0 >> Content-Length: 82
22:45:04.331 [Test worker] DEBUG org.apache.http.headers - http-outgoing-0 >> Content-Type: application/x-www-form-urlencoded
22:45:04.331 [Test worker] DEBUG org.apache.http.headers - http-outgoing-0 >> Host: localhost
22:45:04.331 [Test worker] DEBUG org.apache.http.headers - http-outgoing-0 >> Connection: Keep-Alive
22:45:04.331 [Test worker] DEBUG org.apache.http.headers - http-outgoing-0 >> User-Agent: Apache-HttpClient/4.5.11 (Java/1.8.0_241)
22:45:04.331 [Test worker] DEBUG org.apache.http.headers - http-outgoing-0 >> Accept-Encoding: gzip,deflate
22:45:04.331 [Test worker] DEBUG org.apache.http.wire - http-outgoing-0 >> "POST /mantisbt-2.24.0/login.php HTTP/1.1[\r][\n]"
22:45:04.331 [Test worker] DEBUG org.apache.http.wire - http-outgoing-0 >> "Content-Length: 82[\r][\n]"
22:45:04.331 [Test worker] DEBUG org.apache.http.wire - http-outgoing-0 >> "Content-Type: application/x-www-form-urlencoded[\r][\n]"
22:45:04.331 [Test worker] DEBUG org.apache.http.wire - http-outgoing-0 >> "Host: localhost[\r][\n]"
22:45:04.331 [Test worker] DEBUG org.apache.http.wire - http-outgoing-0 >> "Connection: Keep-Alive[\r][\n]"
22:45:04.331 [Test worker] DEBUG org.apache.http.wire - http-outgoing-0 >> "User-Agent: Apache-HttpClient/4.5.11 (Java/1.8.0_241)[\r][\n]"
22:45:04.332 [Test worker] DEBUG org.apache.http.wire - http-outgoing-0 >> "Accept-Encoding: gzip,deflate[\r][\n]"
22:45:04.332 [Test worker] DEBUG org.apache.http.wire - http-outgoing-0 >> "[\r][\n]"
22:45:04.332 [Test worker] DEBUG org.apache.http.wire - http-outgoing-0 >> "username=user1585511094306&password=password&secure_session=on&return=%2Findex.php"
22:45:04.496 [Test worker] DEBUG org.apache.http.wire - http-outgoing-0 << "HTTP/1.1 302 Found[\r][\n]"
22:45:04.496 [Test worker] DEBUG org.apache.http.wire - http-outgoing-0 << "Date: Sun, 29 Mar 2020 19:45:04 GMT[\r][\n]"
22:45:04.496 [Test worker] DEBUG org.apache.http.wire - http-outgoing-0 << "Server: Apache/2.4.41 (Win64) OpenSSL/1.1.1c PHP/7.4.2[\r][\n]"
22:45:04.496 [Test worker] DEBUG org.apache.http.wire - http-outgoing-0 << "X-Powered-By: PHP/7.4.2[\r][\n]"
22:45:04.496 [Test worker] DEBUG org.apache.http.wire - http-outgoing-0 << "Set-Cookie: PHPSESSID=a6tfhd3plqi2lihctsajl1mslt; path=/; HttpOnly[\r][\n]"
22:45:04.496 [Test worker] DEBUG org.apache.http.wire - http-outgoing-0 << "Cache-Control: no-store, no-cache, must-revalidate[\r][\n]"
22:45:04.496 [Test worker] DEBUG org.apache.http.wire - http-outgoing-0 << "Last-Modified: Sun, 29 Mar 2020 19:45:04 GMT[\r][\n]"
22:45:04.496 [Test worker] DEBUG org.apache.http.wire - http-outgoing-0 << "X-Content-Type-Options: nosniff[\r][\n]"
22:45:04.496 [Test worker] DEBUG org.apache.http.wire - http-outgoing-0 << "Expires: Sun, 29 Mar 2020 19:45:04 GMT[\r][\n]"
22:45:04.496 [Test worker] DEBUG org.apache.http.wire - http-outgoing-0 << "X-Frame-Options: DENY[\r][\n]"
[...]
22:45:04.711 [Test worker] DEBUG org.apache.http.headers - http-outgoing-0 >> Accept-Encoding: gzip,deflate
22:45:04.711 [Test worker] DEBUG org.apache.http.wire - http-outgoing-0 >> "GET /mantisbt-2.24.0/my_view_page.php HTTP/1.1[\r][\n]"
22:45:04.711 [Test worker] DEBUG org.apache.http.wire - http-outgoing-0 >> "Host: localhost[\r][\n]"
22:45:04.711 [Test worker] DEBUG org.apache.http.wire - http-outgoing-0 >> "Connection: Keep-Alive[\r][\n]"
22:45:04.711 [Test worker] DEBUG org.apache.http.wire - http-outgoing-0 >> "User-Agent: Apache-HttpClient/4.5.11 (Java/1.8.0_241)[\r][\n]"
22:45:04.711 [Test worker] DEBUG org.apache.http.wire - http-outgoing-0 >> "Cookie: MANTIS_STRING_COOKIE=fQojUp_7l6qn1ZYnrx9uhhEajCgb3v1V8lDvR-ytx4I74kJUTowX1qS17RAOnmm-; MANTIS_secure_session=1; PHPSESSID=a6tfhd3plqi2lihctsajl1mslt[\r][\n]"
22:45:04.711 [Test worker] DEBUG org.apache.http.wire - http-outgoing-0 >> "Accept-Encoding: gzip,deflate[\r][\n]"
22:45:04.711 [Test worker] DEBUG org.apache.http.wire - http-outgoing-0 >> "[\r][\n]"
22:45:04.849 [Test worker] DEBUG org.apache.http.wire - http-outgoing-0 << "HTTP/1.1 200 OK[\r][\n]"
22:45:04.850 [Test worker] DEBUG org.apache.http.wire - http-outgoing-0 << "Date: Sun, 29 Mar 2020 19:45:04 GMT[\r][\n]"
22:45:04.850 [Test worker] DEBUG org.apache.http.wire - http-outgoing-0 << "Server: Apache/2.4.41 (Win64) OpenSSL/1.1.1c PHP/7.4.2[\r][\n]"
22:45:04.850 [Test worker] DEBUG org.apache.http.wire - http-outgoing-0 << "X-Powered-By: PHP/7.4.2[\r][\n]"
22:45:04.850 [Test worker] DEBUG org.apache.http.wire - http-outgoing-0 << "Cache-Control: no-store, no-cache, must-revalidate[\r][\n]"
22:45:04.850 [Test worker] DEBUG org.apache.http.wire - http-outgoing-0 << "Last-Modified: Sun, 29 Mar 2020 19:45:04 GMT[\r][\n]"
22:45:04.850 [Test worker] DEBUG org.apache.http.wire - http-outgoing-0 << "X-Content-Type-Options: nosniff[\r][\n]"
22:45:04.850 [Test worker] DEBUG org.apache.http.wire - http-outgoing-0 << "Expires: Sun, 29 Mar 2020 19:45:04 GMT[\r][\n]"
22:45:04.850 [Test worker] DEBUG org.apache.http.wire - http-outgoing-0 << "X-Frame-Options: DENY[\r][\n]"
22:45:04.850 [Test worker] DEBUG org.apache.http.wire - http-outgoing-0 << "Content-Security-Policy: default-src 'self'; frame-ancestors 'none'; style-src 'self' 'unsafe-inline'; script-src 'self'; img-src 'self' 'self' data:[\r][\n]"
22:45:04.850 [Test worker] DEBUG org.apache.http.wire - http-outgoing-0 << "Content-Encoding: gzip[\r][\n]"
22:45:04.850 [Test worker] DEBUG org.apache.http.wire - http-outgoing-0 << "Vary: Accept-Encoding[\r][\n]"
22:45:04.850 [Test worker] DEBUG org.apache.http.wire - http-outgoing-0 << "Content-Length: 2762[\r][\n]"
22:45:04.850 [Test worker] DEBUG org.apache.http.wire - http-outgoing-0 << "Keep-Alive: timeout=5, max=97[\r][\n]"
22:45:04.850 [Test worker] DEBUG org.apache.http.wire - http-outgoing-0 << "Connection: Keep-Alive[\r][\n]"
22:45:04.850 [Test worker] DEBUG org.apache.http.wire - http-outgoing-0 << "Content-Type: text/html; charset=UTF-8[\r][\n]"
22:45:04.850 [Test worker] DEBUG org.apache.http.wire - http-outgoing-0 << "[\r][\n]"
22:45:04.850 [Test worker] DEBUG org.apache.http.wire - http-outgoing-0 << "[0x1f][0x8b][0x8][0x0][0x0][0x0][0x0][0x0][0x0][\n]"
22:45:04.850 [Test worker] DEBUG org.apache.http.wire - http-outgoing-0 << "[0xed][0x1a]k[0x8f][0xdb][0xb8][0xf1]s[0x16][0xe8]]]>&#x7f;<![CDATA[`[0x15] [0xe8]#[0xb2][0xe5][0xd7]f[0x93][0xb5]}[0xcd][0xa3][0xb8][0xcb][0xf5][0x82]Kw[0x93][0xa6]iQ[0x18][0x94]DY[0xdc][0x95]D[0x85][0xa4][0xec][0xd5][0x15][0xfd][0xef][0x9d]!%Y[0xb2][0xbd][0x8f][0x1c][0xbc][0xb9][0xf][0x9][0xb0]^[0x89][0xe4]p8[0xef][0x19]R[0x9c][0xfe][0xfe][0xd5][0xcf]/[0xdf]}|[0xfb]W[0x12][0xeb]4[0x99][0x1f]M[0xeb][0x7][0xa3][0xe1][0xfc][0xe8][0xc1]4e[0x9a][0xc2][0x90][0xce]][0xf6][0xa9][0xe0][0xab][0x99][0xf3]Rd[0x9a]e[0xda][0xd5]e[0xce][0x1c][0x12][0xd8][0xd6][0xcc][0xd1][0xec]J[0xf7]q[0xee])[0x9]b*[0x15][0xd3][0xb3]BG[0xee][0x89]C[0xfa][\r][0x9a][0x8c][0xa6]l[0xe6]H[0xe1][0xb][0xad]ZS3[0xc1][0xb3][0x90]]=[0x8e]D[0x92][0x88]u5As[0x9d][0xb0][0xf9][0x9b][0x92][0xfc][0x83][0xb3]5q[0xc9][0x1b][0x9a]i[0xae]^[0xbc][0x9b][0xf6][0xed][0xc8]Q[0x1b][0xe5][\n]"
22:45:04.850 [Test worker] DEBUG org.apache.http.wire - http-outgoing-0 << "`r!u[0xb][0xe9][0x9a][0x87]:[0x9e][0x85]l[0xc5][0x3][0xe6][0x9a][0xc6]c[0xc2]3[0xae]9M\[0x15][0xd0][0x84][0xcd][0x6]=[0xef]1I[0xe9][0x15]O[0x8b][0xb4][0xdd]U(&M[0x9b][0xfa][0xd0][0xe5]U[0xf4]$<[0xbb]$[0x92]%3G[0xe9]2a*f[0xc][0x96]C!T[0xbc][0x7][\n]"
22:45:04.850 [Test worker] DEBUG org.apache.http.wire - http-outgoing-0 << "x[0x8a]%[0x8b]f[0xe][0x8a][0xeb]Y[0xbf][0x9f][0x8]@[0x12][0xb][0xa5][0xfb][0xa9]![0xde][0xd7][0xee][0xb0]7[0x1c][0xf7]<[0x84][0xed][0x87],[0xa2]E[0xa2]{f[0xde][0xfd],[0xa1]4[0xd5][0x85]Z[0x80]L"[0xbe][0xec][0xe5]q[0xfe]]@[0x83][0x98]-.Y9[0x1b]O[0xc6][0xa1]7[0x1a][0x87][0xe3][0xe3][0xe1]$[0x88]N[0xfc][0x81]?[0xf0][0xfc]p[0xec]E[0xc7]tr[0xec][0x87][0xec][0xde][0xd8][0x96]"[0xff]Ed[0xcc][0x9d][0xf4]&=[0xaf][0x97][0xf2][0xec]>%[0xe0][0xb]05-i[0xee][0x8e]z[0xe3][0xde][0xe0][0xbe][0x97][0x8b][0xc0][0xfa]\[0xba]fJ[0xa4][0xcc][0x1d][0xf7][0x8e]{[0xa3]/[0xb1][0xa2][0xfa]2[0x12][0xc][0xa9]f[0x9a][0xa7],[0xe7][0xc1]%x[0x8][0x88][0xf3]Io[0xfc][0xe4][0xbe][0x19][0xa4][0x1][0xfb][0x2]K[0xb8][0xb6][0xff][0xbe]WQ[0x97]<S[0x1d]v[0xba]+[0xc5][0x10][0xc3][0x82]B[0x13][0xe].[#[0xdf]A[0xc6]S[0xba]d[0xa0]y[0xba]B[0xb0][0x1e][0xfc][0xab][0xe9]2#[0xfd]+[0xd7]N[0xdf]f[0x83]Q[0x19][0xc4]5([0xcd][0xf3][0x84][0x7]Ts[0x91][0xf5]E[0xce]2;[0x1a]2[0x15]H[0x9e]c[0xef][0x9f][0xaf][0xd2][0x4][0x80]1[0xd6][0xce][0x9c]:[0xf8]>#Q[0x91]$.[0xf2]Oj|w[0x14][0x81]/[0xc5][0x1a][0x2][0xeb][0xc2]N[[0xe4]I[0xb1][0x4]1`L2[0x4]!J[0xe7]^([0xb6]p[0xc4]/[0xc9]k[0xa5][\n]"
22:45:04.850 [Test worker] DEBUG org.apache.http.wire - http-outgoing-0 << "F^[0x87][0x87][0xa2][0x99][0x87][0x96]bKA[0xdb]6.[0xe8][0x8a][0xda]^[0x87]([0x19][0xec]Q[0xe2][0x6][0xe2]W[0x86][0xe7][0xf9][0xb4]o[0xe7][0x1f][0x80][0x2]p[0xef]L%F[0xb4]j[0x8b][0x8e][0xf0]d2~[0xc2][0xbc]![0x1d][0x8f]N[0x9e][0x8e][0x8e][0xc3][0x90][0x5][0xc7][0x94][0xfa]>[0x8d][0xa0]]]>&#x7f;<![CDATA[p<<[0x0][0x1d][0xaa]]]>&#x7f;<![CDATA[[0xf1][0xa9]`[0xb2][0xc4][0xe][0x8][0xd2][0xe8][0x1d][0x17][0xea] x[0xf7][0xe4][0x9a][0x3]a[0xe]D[0x9a][0x8a]]l;[0xc5][0xd2][0x19][0x8b]$[0xc4][0x8e]V]28[0xf1][0xbc]S[0xf2][0xfe][0xec][0xa7][0xd9][0xad][0xe6][0x97][0x96][0xb],l[0x16]9x[0xb5]Q[0x8b][0xb4][0xd8]fZ[0x16]6?O[0xfb][0xb6]L[0x9b][0xfa]",I[0x90]P[0xa5][0xc0]m [0xc8][0xb8]#[0x7]zM[0xe4][0x9a][0x1f][0xfd][0x89][0xfc][0x97][0x98][0xcc][0x14][0xd1][0x94]'[0xe5]3[0xe2][0xfc][0xc][0xfe]C[0xce]A[0xe9][0xce])[0xf9][0x1f]9[0x8a][0x7][0x8f]I<[0x84][0xdf][0x8]~c[0xf8]Mn[0x9b][0x1]L[[0xdc][0xd3][0x90][0xaf][0x8][0xf][0xa1][0x88][0xa3]+[0x9f]J[0xa7]&[0xc2]6[0x89]}[0xb8]U[0xad]S7[0x3]([0xf4]h[0xae]X[0xdd][0x8e][0xf8][0x15][0xb]]-r[0x92][0x89]\[0xf2]L[0x83]T[0xbb]x][0x94][0x1f][0xe5][0x19][0xdb]^[0xa1]50[0x9f][0xfa][0x85][0xd6]"3[0xd3]R[0x96][0x15][0x80]q[0xb9]Lp[0x8a]U[0xaf][0x1d][0xde]F`[0x81]H{[0x2][0xc9]1[0xca]%,[0xd2]$[0xe6]`[0xf2][0x99][0x9b],[0xeb][0xb7][0x14][0xc2][0x7]dB[0xea]j*[0x97]P[0xe4]:[0xf][0x15][0xf][0x19][0xb2]>[0x9f][0xaa][0x9c]f[0x8d][0x16][0xa4]+[0xb2][0xa4]t[0xe6][0xef],[0xfe][\n]"
22:45:04.851 [Test worker] DEBUG org.apache.http.wire - http-outgoing-0 << "[\n]"
22:45:04.851 [Test worker] DEBUG org.apache.http.wire - http-outgoing-0 << "[0x4][0x7]@]P[0xc][0xd7][0xae][0xc5]p[0x80][0xd1][0xbe]e[0xd3]J[0xb0][0xcb]*[0x1a][0x8b][0x11][0x14][0xbd].[0xb7]l[0x9b][0xdc][0xb6][0xb0]|[0x88][0x14][0xe1]6[0xa7])M@h[0xee][0x93][0x89]3o[0xca]t[0xd2][0x90]C[0x1b][0xbd][0xdc]A[0xb][0xdd]Vm'[0xa1]U[0x88][0xe4][0xcb][0xb8][0xd1][0x88]J7[0x1a][0xd9]h[0xa9][0xd6][0x8d][0x99]?sj[0x4][*[0xeb][0xd5][0xdc][0x18]R[0xd4][0xe3][0xba][0x8d]6p[0x8b][0x1a]qs`l[0xa5][0xe6][0x8f][0xd7][0x90][0x98][0xdf]Q[0x1b]$[0xa2][0xf0][0xe7][0x1a]@x[0xe][0xaf][0xc8]:[0xe6][0xda][0x4]l>'[0x1b][0xf5][0xf4]A?[0xfb][0x94]T[0x11]E::[0xdb][0xf1][0x9c][0x86][0xb3][0xf9][0xb4]HZ[0x18][0x8][0x92][0x1]O[0xe8]O[0x1a][0xd2][0x96][0x92][0x95]F[0xeb][0x1d][0xe1]`t[0xc][0xc5][0xba])4[0x1e]6:[0xa9]G*P[0xe7][0xf3][0xb9]l[0x8b][0xd0][0xec][0xa7]x[0x16][0x9]g[0x8e][0xaf][0x83][0xc9][0xc9]d2[0x18]xO[0xc7]#[0xef][0xf8]6)[0xd2][0xc][0xd6]w[\r][0x95][0x6][0xb3]1[0xa7][\r][0xc3][0x6]5j[0x83]4$[0xef][0xb6]*[0xbb]i[0xfa]J[0x86][0xdb][0xcc]M;[0xa0][0x92][0xb5][0x86][0x83]D[0x18][0xb1]&[0xfc][0x6]?[0xa1]A [0x8a]Lo[0xfc][0xe4]f[0x11]9[0xa8]x[0x90][0xb]lg[0x9f][0xdb][0x99][0x86][0x91]>[0xae][0xd1]^[0xe7][0xd6][0x94][0xc0][0xb1][0x84]Q[0xb][0xa9]l[0x9e]F[0xdc]f[0x7][0xbc]#[0xd8]G4[0xcd]O1[0x81][0xcb][0xbf][\r]]]>&#x7f;<![CDATA[[0xfc][0xe1][0xea][0xc3]/]]>&#x7f;<![CDATA[[0xf7][0xd9][0xc7][0xf3][0xf][0x97][0xfa][0x85][0xff][0xc3][0xe2][0x15]/[0xe2][0x8b][0xe7][0xe7][0xc7][0xc7]A[0xc6][0xca]O[0xff]z}[0x11]]]>&#x7f;<![CDATA[x[0xf9][0xe4][0xfb][0x93]U[0xf8]1N[0xd5][0xb9]Z[0xff][0xb3]x[0xf5]=}[0xce][0x86][0xeb][0xf7][0xf1][0xd9]k-[0xdf][0xbe]|r[0xf1]*[0xf7][0xca][0xb3][0x1f][0x97][0x17][0x1f]^[0xd3]7Oo[0xe0][0x16](s[0xd5][0xa7][0x2]DJ[0x4][0xc4][0x8a]%[0xab]Y?;?o[0xf3][0xdc][0x98][0x1a]_q[0x1b][0x93]v[0x84][0xb1][0xc3]|"[0x96][0xa2][0xb8][0x93][0xcc][0x15]_f.[0xc0][0xd6][0x8b][0xff]dfn[0xd6][0xef][0x17]I[0xe7][0xcd][0xb8]b[0xfb]]]>&#x7f;<![CDATA[[0xcb]-S[0xc8].[0xed][0xf4]c[0xb2]K[0xb7][0xaf][0x95][0x6][0xeb]d[0xd0][0xc4][0xf][0xdb][0xae][0xc3][0xbf]MuP[0xde][0xaa][0x1c]|[0x9c][0xaf][0xd0][0x91][0xd3][0x9c][0x6][0x9a][0xec]82[0xfc][0xdc][0x84]+[0xdd][0xf1]d[0x80][0x84]I[0xb8][0xe0][0xdd]C8[0x0]7[0xf3][0x8d]?[0xb4][0x4][0x15]R[0x15][0xfb][0x82][0xca][0xb0]r[0xdc][0xa3][0x8e][0xe7][0xda][0x9c][0x88][0x95][0xb9]1]s[0x12]Sy[0xec][0x11][\n]"
22:45:04.851 [Test worker] DEBUG org.apache.http.wire - http-outgoing-0 << "[0x13][0xea][0x8e][0x86]0[0x9][0xb5]2"[0xf1]q[0x8]${45[0xff][0xae]%[0xd3][0xd0][0x8][0x89]c[0xe1][0x17][0xcb][0xbb][0xd1][0x8a][0xc2]pi[0xa2]o%[0xd5][0xd0]i[0x8a]}u0r[0x83][0x18][0x8d][0x19],[0xf0]n[0xb4]BDY[0xe3][0x86][0xf1]6R_[0x1a][0xb4]h[0x9f][0x7][0xa3]T[\n]"
22:45:04.851 [Test worker] DEBUG org.apache.http.wire - http-outgoing-0 << "[0x1a][0xa6]4[0xbf]#[0x9d][0x0]|+[0x91]g[0x16][0xe3]gPh[0xbc]j[0xcb]%\_g[0xdb]nQ'[0xfa][0xba][0xd9][0xca]j[0xdc]&+[0xa4]uxmZ(|x[0x98][0xf0][0xee]l[0xc0][0x7]7[0x83]cY[0xe7][0x1c]=xps[0xc2][0xd9][0x80]Vy[0xe7][0x96][0xe0][0xc0][0xb0]h[0xdd][0x84][0x1]_B[0xda][0xe]d[0x91][0xfa][0xaa][0xe1][0xb9][0xd5][0xb7][0xa9]s[0x8f]Z^[0xbf][0x1][0x80]~BL0l4[0xd7][0xca][0xb7]1[0x9e].[0x19][0x9a][0xeb]p`[0x14]H>'][0xed][0xc9][0xc4][0xd4],[0xda]6[0x82][0x84][0xfa],[0xa9][0x8b][0xab]+EL[0xbb])[0xe6][0x8d][0xde][0x19][0x98][0x8f]dx[0xf6][0xca][0x9a][0xda]vc[0x3][0x9d][0xed][0x81][[0xef][0xe7]7A[0xae][0xee][0x9a]O#![0xd3][0x86]Uxo[0x80]aK[0x15][0xb]@[0x90]C:t[0xc][0xc3]"[0xdb][0xb7]'+[0xd2]|[0xa1][0x5]F[0x93]*7t[0xaa][0xe4],/[0xb4]=[0x16][0x1][0x91]b[0xa3][0xb5][0xe3]s[0xaa]Cd[0xc]D[0xb0][0xa5]'[0xb4][0xd0][0x2][0xa3]r[0xc2]4[0xf4][0x8a]([0xda]C[0xb1]k[0x90]8$O[0xc0]~b[0x91]@[\n]"
22:45:04.851 [Test worker] DEBUG org.apache.http.wire - http-outgoing-0 << "[0x9b]9[0xf6]|[0xe1][0xe1]My[0xc9][0x9e]E[0xb4][0xf1]X[0x9a][0x8c][0x89]U[0xd2]C[0xf6]+S[0xfb][0xdd]Q[0xfd][0x4][0xcd][0xb4][0xcc][0xe][0xf5][0xb8]mv[0xd5][0x90][0xf1][0xc5]N[0xf]8[0x15]([0xcf][0x1d][0xc][0xb1]h[0x84]j[0xd9]=[0x6][0x80][0x8d]f[0x8a][0xc][0xa0] _[0x82]&[0xeb][0x19]k[0x1e]B[0x9d][0xec][0xfa][0x2][0xaa]:[0xfb][\n]"
22:45:04.851 [Test worker] DEBUG org.apache.http.wire - http-outgoing-0 << "3[0x5]xpR[0xb0]!d*[0xd8][0xe9][0xb6][0xf0]W U[0xa1][0xda]i[0xb9]fo[0x80][0x13][0x1e]L[0xe3][0xf1][0xd6][0x4]sRC[0x12][0xf4]^[0x93]C[0x1f][0x0][0xd0]u[0x82][0xeb][0xc6]~[0x8c]~5.SuVv[0xdf][0xe4][0x14][0xc5][0xf4][0xe6][0x98]f`j![0xcd]R[0xb0]R*[0xcb]Yi[0xda][0x10]xC[0xd8][0xb5][0x80][0xc6]g[0xff][0xce]D[0xc6][0xfe]c{![0x10]-[0xec][0xb1][0xf9][0xec][0xa9][0xe7][0xcc][0xdf]7[0xc2]1[0xc5]C[0xdb][0xa6]|[0x1a][0x9a][0xea][0x86]x[0xc4][0x85]_[0x1f]~u[0x84][0x4]F[0xfa][0xf1][0xd8]p[0xbd]+'-Db6l[0x86][0xe1][0xaa]&[0xaf][0xed]z[0xb3]a[0xa9]kr[0x3][0xd6][0x12][0xcc][0x80]l[0x89]&[0x88][0xd9]J[0xc2]&[0xb0][0xc8][0x89][0xcf][0x97]K[0x10][0xfa]`8[0xa9][0xe4][0x84]3[0xd1][0xaf][0xf1][0x81]vt#E[0x10][0x94]@[0xe5][0x12][0x95][0xd8][0xb8]|E[0xe5][0xee][0x1c][0xbb]U[0xb2][0xb4]5[0xca][0x80][0x8]O[0xe0][0xe7]BlKA[0xd2][0xe6][0xdd]([0xc8][0xbc]I[0x8]A[0xa1]yS[0xe9][0xfd]i[0xac][0x95][0xfc][0x91][0xf5][0x7]m[0xd6][0xab][0x97][0xea][0xb9][0xd7][0x8a][0xf1] [0xc5][0xb9]FN[0x18][0xec]QH9[\r]C[0x9e]-we[0xa3][0xa9][0xc9]GMqW[0xb][0xc8][0xf4]w[0x80][0x88][0x5][0xb5][0xe2][0x86][0x82][0xd0]6A[0xa9]![0x1e]l[0xd6]m[0xa5]%[0xcf][0x9b]V,V[0xb6][0xd6][0xd4]H$>[0xe5]|[0xaa][0xc3][0xf9][0xa3][0x87][0x83]c[0xef]t[0xda][0x87]W[0xf8]'[0xf1]_[0x5][0xd0]7[0x13][0xe7]U[0x10][0xb9][0xe6][0xd1][0xa2][0x1f][0x8c][0x17]lk[0xe0]9[0xed]L[0x87]1[0x2]X[0x12][0xc9][0xea]+[0x8b][0x10][0x95]Q[0x9d]x{[0xed][0xec][0xac][0x12][0xc9][0xb7][0xb8][0xf0][[0xc7][0x85][0x9b][0xf5][0xf4]-[0x1e][0x1c]0[0x1e][0xec][0xd4][0xbf][0xfb]j[0x8b]V[0xd4][0x8][0xa0]>Y[0xa4][0xe2][0xeb][0x8a][0x1b]m[0xb][0xc4]<e:#[0x9e][0x0]-[0xb][0xbf]\[0x0]v[0xbd](r[0xfc][0x9a][0x1a].[0xf0]]]>&#x7f;<![CDATA[[0x85][0xa6][0xd3][0xcf]2[0x1c]+g[0xc3][0xa7][0xfb][0xc7]R[0xa8][0xfd][0xe2][0xd9]h[0xff]`[0x9][0xa5][0xe5]l[0xe8][\r][0xbd][0xdd]a Kj[0x8b][0xf9][0xe4][0xba]Q[0x8b]{x[0xdd]p[0x83][0x1d]c *8)[0xc9][0x1b][0x11][0xf2][0x88][0x83]e[0xfe]a[0xe4][0x91]W[0xb4]T]]>&#x7f;<![CDATA[[0xfc][0x16][0x16]]]>&#x7f;<![CDATA[[0xeb][0xb0][0xf8][0xf5][0x98][0xe1][0xb7][0x10]]]>&#x7f;<![CDATA[[0xe8][0x10]]]>&#x7f;<![CDATA[t[0xfb][0xc4] [0x1][0x5]D[0xfc][0xaa][0x9e][0xb8][0x7][0xeb][0xd0][0xdb];[0x18][0x9][0xa1][0xf1][0x8b][0xc6][0xe6][0x8]dg[0x10][0xb6][0xd7][0xad]s[0xd5][0xee][0xd0][0xfe]mo[0x9d]~[0xc8]&#u[0xd4]6[0x85]7[0xd0][0x92]2_E[0xc1][0xff][0x97][0xf3][0xb7]bm[0xf4][0xe0][0x97][0xa4]s[0xfe][0xae][0x9e][0xf5][0xfb][0xeb][0xf5][0xba]W[0x9f]0[0xf4][0x84]\6[0xd7][\n]"
22:45:04.851 [Test worker] DEBUG org.apache.http.wire - http-outgoing-0 << "[0xfc]bI[0xb4][0xa4][0xc1]%`%JDzM%[0xe8][0xbc][0xf5][0xd5][0xb][0x8f][0x98][0xab][0x15][0xc8][0xd4][0x97][0xb8][0x1e]f[0xaa][0xf9]K[0x91][0x97][0xf6]C[0xc4][0xa3][0x0]^O[0xc9][0xd0][0xf3]0[0x14][0xa2][0x9]o[0xbe][0x9a][0xbd]c4[0x85][0xf9]f[0x6][0xce]n&g[0x1a][0xf][0x89][0x1b]B[0xc1].[0x13]-[0x9e][0xad][0x99][0x9f][0x82]k0[0xf9][0x17]vE[0xf1][0xc4][0xa2][0x17][0x88][0xb4]![0xb6][0x9e][0xa5]cF[0x1a]H[0xb2][0xe2][0x94][0xe0]}[0x17][0x9e][0xf4][0x9c]9[\r]S[0x9e]q[0xbc][0xdf][0xa3][0x85]D[0xe2]I$$[0xc1]=/xY[0x16][0xb0]6-x[0xee][0xd7][0x8]q[0x8f]A[0xec]h`KE[0x9b]ox[0xf6][0x10]=[0xb7][\n]"
22:45:04.851 [Test worker] DEBUG org.apache.http.wire - http-outgoing-0 << "p[0xfd][0xd2]mNs[0xf0][0x88][0xbf]}[0xba]}[0xab]B[0xac][0xe4][0xc8][0xb][0xd0][0xcb];[0xd4][0xb][0x93][0xcf][0x8][0xc4]y[0xc9][0x18][0x81][0xed]"[0xc1][0x8b]"[0xa0][0xa7]B[0x6]F[0x4][0xc4][0xa7][0xe8]j]-[0x96] [0x96][0xb4][0x87][0xa7]6[0xe9][0xf2][0x9a]/[0xfe][0xd5][0x95][0x1b][0xdb][0xbd]@"{9[0x98][0x15][0xb1][0x97][0xc][0x9d][0x81]7[0x84][0x8][0xcd][0x90][0xb5][0x99]3[0x9a]8[0x4][0xea][0x89][0x99][0xd3]2[0xb0][0xc3]QI[0xfa]s{[0xfc]z[0x93]]]>&#x7f;<![CDATA[W[0x8f]v[0xa2]qU !Y[0x9a][0xb4]W[0xa5][0x1d][0x95][0x9a][0x7][0xcf] [0xc6](FB[0xae][0xf2][0x84][0x96]V7[0x9d][0x19][0xed][0xec]z[0xeb][0x97]:sp[\n]"
22:45:04.851 [Test worker] DEBUG org.apache.http.wire - http-outgoing-0 << "[0xab][0x98][0xf][0xd3][0xf8][0xe9][0xb4]I[0xb3]6[0xc8][0xf0][0xfa][0xfc][0xb8][0x8e][0xcc][0xbf][0xf2][0x6][0xc6][0xbe][0x9b]}[0x7][0xba][0xdc][0x91][0x8a][0x14]/[0xb8][0xae][0xb9][0x8e]][0xf3])[0x8e][0xa9]j[0xf4][0x90][0xab][0xdc][0xe9]b[0xdd][0x81][0xd6]Bx[0x8a][0x85]s[0xaf][0xba]j3[0xe8][0x8d][0xe][0xcb][0x8d])[0xa3][0x7][0x87][0xbe]fS_[0xfe][0xeb][0xa2][0x9b][0xf6][0xeb]dg[0xef]*[0xff][0x1f]&[0xf9](9[0xc3],[0x0][0x0]"
22:45:04.852 [Test worker] DEBUG org.apache.http.headers - http-outgoing-0 << HTTP/1.1 200 OK
22:45:04.852 [Test worker] DEBUG org.apache.http.headers - http-outgoing-0 << Date: Sun, 29 Mar 2020 19:45:04 GMT
22:45:04.852 [Test worker] DEBUG org.apache.http.headers - http-outgoing-0 << Server: Apache/2.4.41 (Win64) OpenSSL/1.1.1c PHP/7.4.2
22:45:04.852 [Test worker] DEBUG org.apache.http.headers - http-outgoing-0 << X-Powered-By: PHP/7.4.2
22:45:04.852 [Test worker] DEBUG org.apache.http.headers - http-outgoing-0 << Cache-Control: no-store, no-cache, must-revalidate
22:45:04.852 [Test worker] DEBUG org.apache.http.headers - http-outgoing-0 << Last-Modified: Sun, 29 Mar 2020 19:45:04 GMT
22:45:04.852 [Test worker] DEBUG org.apache.http.headers - http-outgoing-0 << X-Content-Type-Options: nosniff
22:45:04.852 [Test worker] DEBUG org.apache.http.headers - http-outgoing-0 << Expires: Sun, 29 Mar 2020 19:45:04 GMT
22:45:04.852 [Test worker] DEBUG org.apache.http.headers - http-outgoing-0 << X-Frame-Options: DENY
22:45:04.852 [Test worker] DEBUG org.apache.http.headers - http-outgoing-0 << Content-Security-Policy: default-src 'self'; frame-ancestors 'none'; style-src 'self' 'unsafe-inline'; script-src 'self'; img-src 'self' 'self' data:
22:45:04.852 [Test worker] DEBUG org.apache.http.headers - http-outgoing-0 << Content-Encoding: gzip
22:45:04.852 [Test worker] DEBUG org.apache.http.headers - http-outgoing-0 << Vary: Accept-Encoding
22:45:04.852 [Test worker] DEBUG org.apache.http.headers - http-outgoing-0 << Content-Length: 2762
22:45:04.852 [Test worker] DEBUG org.apache.http.headers - http-outgoing-0 << Keep-Alive: timeout=5, max=97
22:45:04.852 [Test worker] DEBUG org.apache.http.headers - http-outgoing-0 << Connection: Keep-Alive
22:45:04.852 [Test worker] DEBUG org.apache.http.headers - http-outgoing-0 << Content-Type: text/html; charset=UTF-8
22:45:04.852 [Test worker] DEBUG org.apache.http.impl.execchain.MainClientExec - Connection can be kept alive for 5000 MILLISECONDS
22:45:04.853 [Test worker] DEBUG org.apache.http.impl.conn.PoolingHttpClientConnectionManager - Connection [id: 0][route: {}->http://localhost:80] can be kept alive for 5.0 seconds
22:45:04.854 [Test worker] DEBUG org.apache.http.impl.conn.DefaultManagedHttpClientConnection - http-outgoing-0: set socket timeout to 0
22:45:04.854 [Test worker] DEBUG org.apache.http.impl.conn.PoolingHttpClientConnectionManager - Connection released: [id: 0][route: {}->http://localhost:80][total available: 1; route allocated: 1 of 2; total allocated: 1 of 20]
22:45:04.860 [Test worker] INFO org.subethamail.smtp.server.SMTPServer - SMTP server *:25 stopping
22:45:04.860 [Test worker] DEBUG org.subethamail.smtp.server.ServerThread - SMTP Server socket shut down
22:45:04.860 [org.subethamail.smtp.server.ServerThread *:25] INFO org.subethamail.smtp.server.ServerThread - SMTP server *:25 stopped
]]></system-out>
  <system-err><![CDATA[SLF4J: Class path contains multiple SLF4J bindings.
SLF4J: Found binding in [jar:file:/C:/Users/dpyrk/.gradle/caches/modules-2/files-2.1/ch.qos.logback/logback-classic/1.2.3/7c4f3c474fb2c041d8028740440937705ebb473a/logback-classic-1.2.3.jar!/org/slf4j/impl/StaticLoggerBinder.class]
SLF4J: Found binding in [jar:file:/C:/Users/dpyrk/.gradle/caches/modules-2/files-2.1/com.cisco.oss.foundation/logging-log4j/1.0.2-1/6a30195bf21e825693673fd5373a8ab4a48fc251/logging-log4j-1.0.2-1.jar!/org/slf4j/impl/StaticLoggerBinder.class]
SLF4J: See http://www.slf4j.org/codes.html#multiple_bindings for an explanation.
SLF4J: Actual binding is of type [ch.qos.logback.classic.util.ContextSelectorStaticBinder]
Starting ChromeDriver 80.0.3987.106 (f68069574609230cf9b635cd784cfb1bf81bb53a-refs/branch-heads/3987@{#882}) on port 41635
Only local connections are allowed.
Please protect ports used by ChromeDriver and related test frameworks to prevent access by malicious code.
[1585511098.814][WARNING]: Timed out connecting to Chrome, retrying...
мар 29, 2020 10:45:00 PM org.openqa.selenium.remote.ProtocolHandshake createSession
INFO: Detected dialect: W3C
[1585511101.371][SEVERE]: Timed out receiving message from renderer: 0.100
[1585511103.363][SEVERE]: Timed out receiving message from renderer: 0.100
]]></system-err>
</testsuite>
