<?xml version="1.0" encoding="UTF-8"?>
<testsuite name="dd.pyrkova.mantis.tests.SoapTests" tests="1" skipped="0" failures="1" errors="0" timestamp="2020-04-04T17:34:15" hostname="CONGO" time="17.556">
  <properties/>
  <testcase name="testGetProjects" classname="dd.pyrkova.mantis.tests.SoapTests" time="17.556">
    <failure message="org.xml.sax.SAXParseException; lineNumber: 1; columnNumber: 1; Content is not allowed in prolog." type="org.apache.axis.AxisFault">org.xml.sax.SAXParseException; lineNumber: 1; columnNumber: 1; Content is not allowed in prolog.
	at org.apache.axis.AxisFault.makeFault(AxisFault.java:101)
	at org.apache.axis.SOAPPart.getAsSOAPEnvelope(SOAPPart.java:701)
	at org.apache.axis.Message.getSOAPEnvelope(Message.java:435)
	at org.apache.axis.transport.http.HTTPSender.readFromSocket(HTTPSender.java:796)
	at org.apache.axis.transport.http.HTTPSender.invoke(HTTPSender.java:144)
	at org.apache.axis.strategies.InvocationStrategy.visit(InvocationStrategy.java:32)
	at org.apache.axis.SimpleChain.doVisiting(SimpleChain.java:118)
	at org.apache.axis.SimpleChain.invoke(SimpleChain.java:83)
	at org.apache.axis.client.AxisClient.invoke(AxisClient.java:165)
	at org.apache.axis.client.Call.invokeEngine(Call.java:2784)
	at org.apache.axis.client.Call.invoke(Call.java:2767)
	at org.apache.axis.client.Call.invoke(Call.java:2443)
	at org.apache.axis.client.Call.invoke(Call.java:2366)
	at org.apache.axis.client.Call.invoke(Call.java:1812)
	at biz.futureware.mantis.rpc.soap.client.MantisConnectBindingStub.mc_projects_get_user_accessible(MantisConnectBindingStub.java:2750)
	at dd.pyrkova.mantis.appmanager.SoapHelper.getProjects(SoapHelper.java:26)
	at dd.pyrkova.mantis.tests.SoapTests.testGetProjects(SoapTests.java:16)
	at sun.reflect.NativeMethodAccessorImpl.invoke0(Native Method)
	at sun.reflect.NativeMethodAccessorImpl.invoke(NativeMethodAccessorImpl.java:62)
	at sun.reflect.DelegatingMethodAccessorImpl.invoke(DelegatingMethodAccessorImpl.java:43)
	at java.lang.reflect.Method.invoke(Method.java:498)
	at org.testng.internal.MethodInvocationHelper.invokeMethod(MethodInvocationHelper.java:134)
	at org.testng.internal.TestInvoker.invokeMethod(TestInvoker.java:597)
	at org.testng.internal.TestInvoker.invokeTestMethod(TestInvoker.java:173)
	at org.testng.internal.MethodRunner.runInSequence(MethodRunner.java:46)
	at org.testng.internal.TestInvoker$MethodInvocationAgent.invoke(TestInvoker.java:816)
	at org.testng.internal.TestInvoker.invokeTestMethods(TestInvoker.java:146)
	at org.testng.internal.TestMethodWorker.invokeTestMethods(TestMethodWorker.java:146)
	at org.testng.internal.TestMethodWorker.run(TestMethodWorker.java:128)
	at java.util.ArrayList.forEach(ArrayList.java:1257)
	at org.testng.TestRunner.privateRun(TestRunner.java:766)
	at org.testng.TestRunner.run(TestRunner.java:587)
	at org.testng.SuiteRunner.runTest(SuiteRunner.java:384)
	at org.testng.SuiteRunner.runSequentially(SuiteRunner.java:378)
	at org.testng.SuiteRunner.privateRun(SuiteRunner.java:337)
	at org.testng.SuiteRunner.run(SuiteRunner.java:286)
	at org.testng.SuiteRunnerWorker.runSuite(SuiteRunnerWorker.java:53)
	at org.testng.SuiteRunnerWorker.run(SuiteRunnerWorker.java:96)
	at org.testng.TestNG.runSuitesSequentially(TestNG.java:1187)
	at org.testng.TestNG.runSuitesLocally(TestNG.java:1109)
	at org.testng.TestNG.runSuites(TestNG.java:1039)
	at org.testng.TestNG.run(TestNG.java:1007)
	at org.gradle.api.internal.tasks.testing.testng.TestNGTestClassProcessor.runTests(TestNGTestClassProcessor.java:141)
	at org.gradle.api.internal.tasks.testing.testng.TestNGTestClassProcessor.stop(TestNGTestClassProcessor.java:90)
	at org.gradle.api.internal.tasks.testing.SuiteTestClassProcessor.stop(SuiteTestClassProcessor.java:61)
	at sun.reflect.NativeMethodAccessorImpl.invoke0(Native Method)
	at sun.reflect.NativeMethodAccessorImpl.invoke(NativeMethodAccessorImpl.java:62)
	at sun.reflect.DelegatingMethodAccessorImpl.invoke(DelegatingMethodAccessorImpl.java:43)
	at java.lang.reflect.Method.invoke(Method.java:498)
	at org.gradle.internal.dispatch.ReflectionDispatch.dispatch(ReflectionDispatch.java:36)
	at org.gradle.internal.dispatch.ReflectionDispatch.dispatch(ReflectionDispatch.java:24)
	at org.gradle.internal.dispatch.ContextClassLoaderDispatch.dispatch(ContextClassLoaderDispatch.java:33)
	at org.gradle.internal.dispatch.ProxyDispatchAdapter$DispatchingInvocationHandler.invoke(ProxyDispatchAdapter.java:94)
	at com.sun.proxy.$Proxy2.stop(Unknown Source)
	at org.gradle.api.internal.tasks.testing.worker.TestWorker.stop(TestWorker.java:132)
	at sun.reflect.NativeMethodAccessorImpl.invoke0(Native Method)
	at sun.reflect.NativeMethodAccessorImpl.invoke(NativeMethodAccessorImpl.java:62)
	at sun.reflect.DelegatingMethodAccessorImpl.invoke(DelegatingMethodAccessorImpl.java:43)
	at java.lang.reflect.Method.invoke(Method.java:498)
	at org.gradle.internal.dispatch.ReflectionDispatch.dispatch(ReflectionDispatch.java:36)
	at org.gradle.internal.dispatch.ReflectionDispatch.dispatch(ReflectionDispatch.java:24)
	at org.gradle.internal.remote.internal.hub.MessageHubBackedObjectConnection$DispatchWrapper.dispatch(MessageHubBackedObjectConnection.java:182)
	at org.gradle.internal.remote.internal.hub.MessageHubBackedObjectConnection$DispatchWrapper.dispatch(MessageHubBackedObjectConnection.java:164)
	at org.gradle.internal.remote.internal.hub.MessageHub$Handler.run(MessageHub.java:412)
	at org.gradle.internal.concurrent.ExecutorPolicy$CatchAndRecordFailures.onExecute(ExecutorPolicy.java:64)
	at org.gradle.internal.concurrent.ManagedExecutorImpl$1.run(ManagedExecutorImpl.java:48)
	at java.util.concurrent.ThreadPoolExecutor.runWorker(ThreadPoolExecutor.java:1149)
	at java.util.concurrent.ThreadPoolExecutor$Worker.run(ThreadPoolExecutor.java:624)
	at org.gradle.internal.concurrent.ThreadFactoryImpl$ManagedThreadRunnable.run(ThreadFactoryImpl.java:56)
	at java.lang.Thread.run(Thread.java:748)
Caused by: org.xml.sax.SAXParseException; lineNumber: 1; columnNumber: 1; Content is not allowed in prolog.
	at com.sun.org.apache.xerces.internal.util.ErrorHandlerWrapper.createSAXParseException(ErrorHandlerWrapper.java:203)
	at com.sun.org.apache.xerces.internal.util.ErrorHandlerWrapper.fatalError(ErrorHandlerWrapper.java:177)
	at com.sun.org.apache.xerces.internal.impl.XMLErrorReporter.reportError(XMLErrorReporter.java:400)
	at com.sun.org.apache.xerces.internal.impl.XMLErrorReporter.reportError(XMLErrorReporter.java:327)
	at com.sun.org.apache.xerces.internal.impl.XMLScanner.reportFatalError(XMLScanner.java:1472)
	at com.sun.org.apache.xerces.internal.impl.XMLDocumentScannerImpl$PrologDriver.next(XMLDocumentScannerImpl.java:994)
	at com.sun.org.apache.xerces.internal.impl.XMLDocumentScannerImpl.next(XMLDocumentScannerImpl.java:602)
	at com.sun.org.apache.xerces.internal.impl.XMLNSDocumentScannerImpl.next(XMLNSDocumentScannerImpl.java:112)
	at com.sun.org.apache.xerces.internal.impl.XMLDocumentFragmentScannerImpl.scanDocument(XMLDocumentFragmentScannerImpl.java:505)
	at com.sun.org.apache.xerces.internal.parsers.XML11Configuration.parse(XML11Configuration.java:842)
	at com.sun.org.apache.xerces.internal.parsers.XML11Configuration.parse(XML11Configuration.java:771)
	at com.sun.org.apache.xerces.internal.parsers.XMLParser.parse(XMLParser.java:141)
	at com.sun.org.apache.xerces.internal.parsers.AbstractSAXParser.parse(AbstractSAXParser.java:1213)
	at com.sun.org.apache.xerces.internal.jaxp.SAXParserImpl$JAXPSAXParser.parse(SAXParserImpl.java:643)
	at com.sun.org.apache.xerces.internal.jaxp.SAXParserImpl.parse(SAXParserImpl.java:327)
	at org.apache.axis.encoding.DeserializationContext.parse(DeserializationContext.java:227)
	at org.apache.axis.SOAPPart.getAsSOAPEnvelope(SOAPPart.java:696)
	... 68 more
</failure>
  </testcase>
  <system-out><![CDATA[20:34:15.849 [Test worker] DEBUG org.apache.axis.i18n.ProjectResourceBundle - getBundle(org.apache.axis,org.apache.axis.i18n,resource,null,...)
20:34:15.862 [Test worker] DEBUG org.apache.axis.i18n.ProjectResourceBundle - loadBundle: Ignoring MissingResourceException: Can't find bundle for base name org.apache.axis.resource, locale ru_RU
20:34:15.862 [Test worker] DEBUG org.apache.axis.i18n.ProjectResourceBundle - Created org.apache.axis.i18n.resource, linked to parent null
20:34:15.863 [Test worker] DEBUG org.apache.axis.i18n.ProjectResourceBundle - getBundle(org.apache.axis,org.apache.axis.utils,resource,null,...)
20:34:15.865 [Test worker] DEBUG org.apache.axis.i18n.ProjectResourceBundle - loadBundle: Ignoring MissingResourceException: Can't find bundle for base name org.apache.axis.utils.resource, locale ru_RU
20:34:15.866 [Test worker] DEBUG org.apache.axis.i18n.ProjectResourceBundle - loadBundle: Ignoring MissingResourceException: Can't find bundle for base name org.apache.axis.resource, locale ru_RU
20:34:15.866 [Test worker] DEBUG org.apache.axis.i18n.ProjectResourceBundle - Root package not found, cross link to org.apache.axis.i18n.resource
20:34:15.866 [Test worker] DEBUG org.apache.axis.i18n.ProjectResourceBundle - Root package not found, cross link to org.apache.axis.i18n.resource
20:34:15.866 [Test worker] DEBUG org.apache.axis.i18n.ProjectResourceBundle - org.apache.axis.i18n.resource::handleGetObject(engineConfigLoadFactory)
20:34:15.867 [Test worker] DEBUG org.apache.axis.configuration.EngineConfigurationFactoryFinder - Factory org.apache.axis.configuration.EngineConfigurationFactoryServlet Ignored: unable to load/resolve class.
20:34:15.868 [Test worker] DEBUG org.apache.axis.i18n.ProjectResourceBundle - org.apache.axis.i18n.resource::handleGetObject(engineFactory)
20:34:15.868 [Test worker] DEBUG org.apache.axis.configuration.EngineConfigurationFactoryFinder - Got EngineFactory: org.apache.axis.configuration.EngineConfigurationFactoryDefault
20:34:15.872 [Test worker] DEBUG org.apache.axis.AxisEngine - Enter: AxisEngine::init
20:34:15.957 [Test worker] DEBUG org.apache.axis.i18n.ProjectResourceBundle - org.apache.axis.i18n.resource::handleGetObject(attachEnabled)
20:34:15.957 [Test worker] DEBUG org.apache.axis.utils.JavaUtils - Attachment support is enabled?  true
20:34:15.974 [Test worker] DEBUG org.apache.axis.encoding.ser.JAFDataHandlerDeserializerFactory - Enter/Exit: JAFDataHandlerDeserializerFactory(class java.lang.String, {http://xml.apache.org/xml-soap}PlainText)
20:34:15.975 [Test worker] DEBUG org.apache.axis.i18n.ProjectResourceBundle - org.apache.axis.i18n.resource::handleGetObject(oddDigits00)
20:34:15.975 [Test worker] DEBUG org.apache.axis.i18n.ProjectResourceBundle - org.apache.axis.i18n.resource::handleGetObject(badChars01)
20:34:16.015 [Test worker] DEBUG org.apache.axis.encoding.ser.JAFDataHandlerDeserializerFactory - Enter/Exit: JAFDataHandlerDeserializerFactory(class java.awt.Image, {http://xml.apache.org/xml-soap}Image)
20:34:16.016 [Test worker] DEBUG org.apache.axis.encoding.ser.JAFDataHandlerDeserializerFactory - Enter/Exit: JAFDataHandlerDeserializerFactory(class javax.mail.internet.MimeMultipart, {http://xml.apache.org/xml-soap}Multipart)
20:34:16.018 [Test worker] DEBUG org.apache.axis.encoding.ser.JAFDataHandlerDeserializerFactory - Enter/Exit: JAFDataHandlerDeserializerFactory(interface javax.xml.transform.Source, {http://xml.apache.org/xml-soap}Source)
20:34:16.019 [Test worker] DEBUG org.apache.axis.encoding.ser.JAFDataHandlerDeserializerFactory - Enter/Exit: JAFDataHandlerDeserializerFactory(class org.apache.axis.attachments.OctetStream, {http://xml.apache.org/xml-soap}octet-stream)
20:34:16.019 [Test worker] DEBUG org.apache.axis.encoding.ser.JAFDataHandlerDeserializerFactory - Enter/Exit: JAFDataHandlerDeserializerFactory()
20:34:16.054 [Test worker] DEBUG org.apache.axis.AxisEngine - Exit: AxisEngine::init
20:34:16.070 [Test worker] DEBUG org.apache.axis.description.OperationDesc - @5cff9a6bsetReturnType({http://www.w3.org/2001/XMLSchema}string)
20:34:16.074 [Test worker] DEBUG org.apache.axis.description.OperationDesc - @9a20e25 added parameter >name:       username
typeEntry:  null
mode:       IN
position:   0
isReturn:   false
typeQName:  {http://www.w3.org/2001/XMLSchema}string
javaType:   class java.lang.String
inHeader:   false
outHeader:  false
@61f00283<total parameters:1
20:34:16.075 [Test worker] DEBUG org.apache.axis.description.OperationDesc - @9a20e25 added parameter >name:       password
typeEntry:  null
mode:       IN
position:   1
isReturn:   false
typeQName:  {http://www.w3.org/2001/XMLSchema}string
javaType:   class java.lang.String
inHeader:   false
outHeader:  false
@9c54c8d<total parameters:2
20:34:16.075 [Test worker] DEBUG org.apache.axis.description.OperationDesc - @9a20e25setReturnType({http://futureware.biz/mantisconnect}UserData)
20:34:16.076 [Test worker] DEBUG org.apache.axis.description.OperationDesc - @3944c675 added parameter >name:       username
typeEntry:  null
mode:       IN
position:   0
isReturn:   false
typeQName:  {http://www.w3.org/2001/XMLSchema}string
javaType:   class java.lang.String
inHeader:   false
outHeader:  false
@1a4654f4<total parameters:1
20:34:16.076 [Test worker] DEBUG org.apache.axis.description.OperationDesc - @3944c675 added parameter >name:       password
typeEntry:  null
mode:       IN
position:   1
isReturn:   false
typeQName:  {http://www.w3.org/2001/XMLSchema}string
javaType:   class java.lang.String
inHeader:   false
outHeader:  false
@5a45414<total parameters:2
20:34:16.077 [Test worker] DEBUG org.apache.axis.description.OperationDesc - @3944c675setReturnType({http://futureware.biz/mantisconnect}ObjectRefArray)
20:34:16.078 [Test worker] DEBUG org.apache.axis.description.OperationDesc - @638a0631 added parameter >name:       username
typeEntry:  null
mode:       IN
position:   0
isReturn:   false
typeQName:  {http://www.w3.org/2001/XMLSchema}string
javaType:   class java.lang.String
inHeader:   false
outHeader:  false
@4429eaa0<total parameters:1
20:34:16.078 [Test worker] DEBUG org.apache.axis.description.OperationDesc - @638a0631 added parameter >name:       password
typeEntry:  null
mode:       IN
position:   1
isReturn:   false
typeQName:  {http://www.w3.org/2001/XMLSchema}string
javaType:   class java.lang.String
inHeader:   false
outHeader:  false
@48402653<total parameters:2
20:34:16.079 [Test worker] DEBUG org.apache.axis.description.OperationDesc - @638a0631setReturnType({http://futureware.biz/mantisconnect}ObjectRefArray)
20:34:16.079 [Test worker] DEBUG org.apache.axis.description.OperationDesc - @1b82fcc0 added parameter >name:       username
typeEntry:  null
mode:       IN
position:   0
isReturn:   false
typeQName:  {http://www.w3.org/2001/XMLSchema}string
javaType:   class java.lang.String
inHeader:   false
outHeader:  false
@288ada0f<total parameters:1
20:34:16.079 [Test worker] DEBUG org.apache.axis.description.OperationDesc - @1b82fcc0 added parameter >name:       password
typeEntry:  null
mode:       IN
position:   1
isReturn:   false
typeQName:  {http://www.w3.org/2001/XMLSchema}string
javaType:   class java.lang.String
inHeader:   false
outHeader:  false
@23fd4954<total parameters:2
20:34:16.080 [Test worker] DEBUG org.apache.axis.description.OperationDesc - @1b82fcc0setReturnType({http://futureware.biz/mantisconnect}ObjectRefArray)
20:34:16.080 [Test worker] DEBUG org.apache.axis.description.OperationDesc - @6ac681c6 added parameter >name:       username
typeEntry:  null
mode:       IN
position:   0
isReturn:   false
typeQName:  {http://www.w3.org/2001/XMLSchema}string
javaType:   class java.lang.String
inHeader:   false
outHeader:  false
@662e14a2<total parameters:1
20:34:16.080 [Test worker] DEBUG org.apache.axis.description.OperationDesc - @6ac681c6 added parameter >name:       password
typeEntry:  null
mode:       IN
position:   1
isReturn:   false
typeQName:  {http://www.w3.org/2001/XMLSchema}string
javaType:   class java.lang.String
inHeader:   false
outHeader:  false
@180af0ca<total parameters:2
20:34:16.081 [Test worker] DEBUG org.apache.axis.description.OperationDesc - @6ac681c6setReturnType({http://futureware.biz/mantisconnect}ObjectRefArray)
20:34:16.081 [Test worker] DEBUG org.apache.axis.description.OperationDesc - @5174bd76 added parameter >name:       username
typeEntry:  null
mode:       IN
position:   0
isReturn:   false
typeQName:  {http://www.w3.org/2001/XMLSchema}string
javaType:   class java.lang.String
inHeader:   false
outHeader:  false
@fe2ce2f<total parameters:1
20:34:16.082 [Test worker] DEBUG org.apache.axis.description.OperationDesc - @5174bd76 added parameter >name:       password
typeEntry:  null
mode:       IN
position:   1
isReturn:   false
typeQName:  {http://www.w3.org/2001/XMLSchema}string
javaType:   class java.lang.String
inHeader:   false
outHeader:  false
@19ff4075<total parameters:2
20:34:16.082 [Test worker] DEBUG org.apache.axis.description.OperationDesc - @5174bd76setReturnType({http://futureware.biz/mantisconnect}ObjectRefArray)
20:34:16.082 [Test worker] DEBUG org.apache.axis.description.OperationDesc - @56bc7f20 added parameter >name:       username
typeEntry:  null
mode:       IN
position:   0
isReturn:   false
typeQName:  {http://www.w3.org/2001/XMLSchema}string
javaType:   class java.lang.String
inHeader:   false
outHeader:  false
@22d7e78c<total parameters:1
20:34:16.083 [Test worker] DEBUG org.apache.axis.description.OperationDesc - @56bc7f20 added parameter >name:       password
typeEntry:  null
mode:       IN
position:   1
isReturn:   false
typeQName:  {http://www.w3.org/2001/XMLSchema}string
javaType:   class java.lang.String
inHeader:   false
outHeader:  false
@3b5dd64f<total parameters:2
20:34:16.083 [Test worker] DEBUG org.apache.axis.description.OperationDesc - @56bc7f20setReturnType({http://futureware.biz/mantisconnect}ObjectRefArray)
20:34:16.084 [Test worker] DEBUG org.apache.axis.description.OperationDesc - @58c2d5b9 added parameter >name:       username
typeEntry:  null
mode:       IN
position:   0
isReturn:   false
typeQName:  {http://www.w3.org/2001/XMLSchema}string
javaType:   class java.lang.String
inHeader:   false
outHeader:  false
@6d32f4fe<total parameters:1
20:34:16.084 [Test worker] DEBUG org.apache.axis.description.OperationDesc - @58c2d5b9 added parameter >name:       password
typeEntry:  null
mode:       IN
position:   1
isReturn:   false
typeQName:  {http://www.w3.org/2001/XMLSchema}string
javaType:   class java.lang.String
inHeader:   false
outHeader:  false
@70c49553<total parameters:2
20:34:16.084 [Test worker] DEBUG org.apache.axis.description.OperationDesc - @58c2d5b9setReturnType({http://futureware.biz/mantisconnect}ObjectRefArray)
20:34:16.085 [Test worker] DEBUG org.apache.axis.description.OperationDesc - @257edaaa added parameter >name:       username
typeEntry:  null
mode:       IN
position:   0
isReturn:   false
typeQName:  {http://www.w3.org/2001/XMLSchema}string
javaType:   class java.lang.String
inHeader:   false
outHeader:  false
@6bdfaca1<total parameters:1
20:34:16.085 [Test worker] DEBUG org.apache.axis.description.OperationDesc - @257edaaa added parameter >name:       password
typeEntry:  null
mode:       IN
position:   1
isReturn:   false
typeQName:  {http://www.w3.org/2001/XMLSchema}string
javaType:   class java.lang.String
inHeader:   false
outHeader:  false
@11b02020<total parameters:2
20:34:16.085 [Test worker] DEBUG org.apache.axis.description.OperationDesc - @257edaaasetReturnType({http://futureware.biz/mantisconnect}ObjectRefArray)
20:34:16.086 [Test worker] DEBUG org.apache.axis.description.OperationDesc - @458a4148 added parameter >name:       username
typeEntry:  null
mode:       IN
position:   0
isReturn:   false
typeQName:  {http://www.w3.org/2001/XMLSchema}string
javaType:   class java.lang.String
inHeader:   false
outHeader:  false
@16f268d9<total parameters:1
20:34:16.086 [Test worker] DEBUG org.apache.axis.description.OperationDesc - @458a4148 added parameter >name:       password
typeEntry:  null
mode:       IN
position:   1
isReturn:   false
typeQName:  {http://www.w3.org/2001/XMLSchema}string
javaType:   class java.lang.String
inHeader:   false
outHeader:  false
@5e6402<total parameters:2
20:34:16.086 [Test worker] DEBUG org.apache.axis.description.OperationDesc - @458a4148setReturnType({http://futureware.biz/mantisconnect}ObjectRefArray)
20:34:16.087 [Test worker] DEBUG org.apache.axis.description.OperationDesc - @107fe509 added parameter >name:       username
typeEntry:  null
mode:       IN
position:   0
isReturn:   false
typeQName:  {http://www.w3.org/2001/XMLSchema}string
javaType:   class java.lang.String
inHeader:   false
outHeader:  false
@7e8664f<total parameters:1
20:34:16.087 [Test worker] DEBUG org.apache.axis.description.OperationDesc - @107fe509 added parameter >name:       password
typeEntry:  null
mode:       IN
position:   1
isReturn:   false
typeQName:  {http://www.w3.org/2001/XMLSchema}string
javaType:   class java.lang.String
inHeader:   false
outHeader:  false
@25972cb<total parameters:2
20:34:16.087 [Test worker] DEBUG org.apache.axis.description.OperationDesc - @107fe509setReturnType({http://futureware.biz/mantisconnect}ObjectRefArray)
20:34:16.088 [Test worker] DEBUG org.apache.axis.description.OperationDesc - @715478f6 added parameter >name:       username
typeEntry:  null
mode:       IN
position:   0
isReturn:   false
typeQName:  {http://www.w3.org/2001/XMLSchema}string
javaType:   class java.lang.String
inHeader:   false
outHeader:  false
@1eec8c78<total parameters:1
20:34:16.088 [Test worker] DEBUG org.apache.axis.description.OperationDesc - @715478f6 added parameter >name:       password
typeEntry:  null
mode:       IN
position:   1
isReturn:   false
typeQName:  {http://www.w3.org/2001/XMLSchema}string
javaType:   class java.lang.String
inHeader:   false
outHeader:  false
@5a725bf4<total parameters:2
20:34:16.089 [Test worker] DEBUG org.apache.axis.description.OperationDesc - @715478f6setReturnType({http://futureware.biz/mantisconnect}ObjectRefArray)
20:34:16.089 [Test worker] DEBUG org.apache.axis.description.OperationDesc - @1374a55b added parameter >name:       username
typeEntry:  null
mode:       IN
position:   0
isReturn:   false
typeQName:  {http://www.w3.org/2001/XMLSchema}string
javaType:   class java.lang.String
inHeader:   false
outHeader:  false
@4135fc0b<total parameters:1
20:34:16.090 [Test worker] DEBUG org.apache.axis.description.OperationDesc - @1374a55b added parameter >name:       password
typeEntry:  null
mode:       IN
position:   1
isReturn:   false
typeQName:  {http://www.w3.org/2001/XMLSchema}string
javaType:   class java.lang.String
inHeader:   false
outHeader:  false
@3b402719<total parameters:2
20:34:16.091 [Test worker] DEBUG org.apache.axis.description.OperationDesc - @1374a55bsetReturnType({http://futureware.biz/mantisconnect}ObjectRefArray)
20:34:16.091 [Test worker] DEBUG org.apache.axis.description.OperationDesc - @73a5767e added parameter >name:       username
typeEntry:  null
mode:       IN
position:   0
isReturn:   false
typeQName:  {http://www.w3.org/2001/XMLSchema}string
javaType:   class java.lang.String
inHeader:   false
outHeader:  false
@454d5b2c<total parameters:1
20:34:16.092 [Test worker] DEBUG org.apache.axis.description.OperationDesc - @73a5767e added parameter >name:       password
typeEntry:  null
mode:       IN
position:   1
isReturn:   false
typeQName:  {http://www.w3.org/2001/XMLSchema}string
javaType:   class java.lang.String
inHeader:   false
outHeader:  false
@2bf6322a<total parameters:2
20:34:16.093 [Test worker] DEBUG org.apache.axis.description.OperationDesc - @73a5767e added parameter >name:       enumeration
typeEntry:  null
mode:       IN
position:   2
isReturn:   false
typeQName:  {http://www.w3.org/2001/XMLSchema}string
javaType:   class java.lang.String
inHeader:   false
outHeader:  false
@11b4b0a2<total parameters:3
20:34:16.093 [Test worker] DEBUG org.apache.axis.description.OperationDesc - @73a5767esetReturnType({http://www.w3.org/2001/XMLSchema}string)
20:34:16.093 [Test worker] DEBUG org.apache.axis.description.OperationDesc - @49fa326c added parameter >name:       username
typeEntry:  null
mode:       IN
position:   0
isReturn:   false
typeQName:  {http://www.w3.org/2001/XMLSchema}string
javaType:   class java.lang.String
inHeader:   false
outHeader:  false
@66c18444<total parameters:1
20:34:16.094 [Test worker] DEBUG org.apache.axis.description.OperationDesc - @49fa326c added parameter >name:       password
typeEntry:  null
mode:       IN
position:   1
isReturn:   false
typeQName:  {http://www.w3.org/2001/XMLSchema}string
javaType:   class java.lang.String
inHeader:   false
outHeader:  false
@7cbc8dd4<total parameters:2
20:34:16.095 [Test worker] DEBUG org.apache.axis.description.OperationDesc - @49fa326c added parameter >name:       issue_id
typeEntry:  null
mode:       IN
position:   2
isReturn:   false
typeQName:  {http://www.w3.org/2001/XMLSchema}integer
javaType:   class java.math.BigInteger
inHeader:   false
outHeader:  false
@48b91341<total parameters:3
20:34:16.095 [Test worker] DEBUG org.apache.axis.description.OperationDesc - @49fa326csetReturnType({http://www.w3.org/2001/XMLSchema}boolean)
20:34:16.095 [Test worker] DEBUG org.apache.axis.description.OperationDesc - @50c82168 added parameter >name:       username
typeEntry:  null
mode:       IN
position:   0
isReturn:   false
typeQName:  {http://www.w3.org/2001/XMLSchema}string
javaType:   class java.lang.String
inHeader:   false
outHeader:  false
@3a416c91<total parameters:1
20:34:16.096 [Test worker] DEBUG org.apache.axis.description.OperationDesc - @50c82168 added parameter >name:       password
typeEntry:  null
mode:       IN
position:   1
isReturn:   false
typeQName:  {http://www.w3.org/2001/XMLSchema}string
javaType:   class java.lang.String
inHeader:   false
outHeader:  false
@220b9420<total parameters:2
20:34:16.096 [Test worker] DEBUG org.apache.axis.description.OperationDesc - @50c82168 added parameter >name:       issue_id
typeEntry:  null
mode:       IN
position:   2
isReturn:   false
typeQName:  {http://www.w3.org/2001/XMLSchema}integer
javaType:   class java.math.BigInteger
inHeader:   false
outHeader:  false
@22a8b83b<total parameters:3
20:34:16.096 [Test worker] DEBUG org.apache.axis.description.OperationDesc - @50c82168setReturnType({http://futureware.biz/mantisconnect}IssueData)
20:34:16.098 [Test worker] DEBUG org.apache.axis.description.OperationDesc - @7c3ae784 added parameter >name:       username
typeEntry:  null
mode:       IN
position:   0
isReturn:   false
typeQName:  {http://www.w3.org/2001/XMLSchema}string
javaType:   class java.lang.String
inHeader:   false
outHeader:  false
@1b34f158<total parameters:1
20:34:16.101 [Test worker] DEBUG org.apache.axis.description.OperationDesc - @7c3ae784 added parameter >name:       password
typeEntry:  null
mode:       IN
position:   1
isReturn:   false
typeQName:  {http://www.w3.org/2001/XMLSchema}string
javaType:   class java.lang.String
inHeader:   false
outHeader:  false
@785e4d7f<total parameters:2
20:34:16.102 [Test worker] DEBUG org.apache.axis.description.OperationDesc - @7c3ae784 added parameter >name:       issue_id
typeEntry:  null
mode:       IN
position:   2
isReturn:   false
typeQName:  {http://www.w3.org/2001/XMLSchema}integer
javaType:   class java.math.BigInteger
inHeader:   false
outHeader:  false
@c8fd638<total parameters:3
20:34:16.102 [Test worker] DEBUG org.apache.axis.description.OperationDesc - @7c3ae784setReturnType({http://futureware.biz/mantisconnect}HistoryDataArray)
20:34:16.103 [Test worker] DEBUG org.apache.axis.description.OperationDesc - @119f1ed9 added parameter >name:       username
typeEntry:  null
mode:       IN
position:   0
isReturn:   false
typeQName:  {http://www.w3.org/2001/XMLSchema}string
javaType:   class java.lang.String
inHeader:   false
outHeader:  false
@63d324c4<total parameters:1
20:34:16.103 [Test worker] DEBUG org.apache.axis.description.OperationDesc - @119f1ed9 added parameter >name:       password
typeEntry:  null
mode:       IN
position:   1
isReturn:   false
typeQName:  {http://www.w3.org/2001/XMLSchema}string
javaType:   class java.lang.String
inHeader:   false
outHeader:  false
@54f16b12<total parameters:2
20:34:16.103 [Test worker] DEBUG org.apache.axis.description.OperationDesc - @119f1ed9 added parameter >name:       project_id
typeEntry:  null
mode:       IN
position:   2
isReturn:   false
typeQName:  {http://www.w3.org/2001/XMLSchema}integer
javaType:   class java.math.BigInteger
inHeader:   false
outHeader:  false
@4b259fde<total parameters:3
20:34:16.104 [Test worker] DEBUG org.apache.axis.description.OperationDesc - @119f1ed9setReturnType({http://www.w3.org/2001/XMLSchema}integer)
20:34:16.104 [Test worker] DEBUG org.apache.axis.description.OperationDesc - @222539b5 added parameter >name:       username
typeEntry:  null
mode:       IN
position:   0
isReturn:   false
typeQName:  {http://www.w3.org/2001/XMLSchema}string
javaType:   class java.lang.String
inHeader:   false
outHeader:  false
@58aadc31<total parameters:1
20:34:16.104 [Test worker] DEBUG org.apache.axis.description.OperationDesc - @222539b5 added parameter >name:       password
typeEntry:  null
mode:       IN
position:   1
isReturn:   false
typeQName:  {http://www.w3.org/2001/XMLSchema}string
javaType:   class java.lang.String
inHeader:   false
outHeader:  false
@75c95cd<total parameters:2
20:34:16.105 [Test worker] DEBUG org.apache.axis.description.OperationDesc - @222539b5 added parameter >name:       summary
typeEntry:  null
mode:       IN
position:   2
isReturn:   false
typeQName:  {http://www.w3.org/2001/XMLSchema}string
javaType:   class java.lang.String
inHeader:   false
outHeader:  false
@60603197<total parameters:3
20:34:16.105 [Test worker] DEBUG org.apache.axis.description.OperationDesc - @222539b5setReturnType({http://www.w3.org/2001/XMLSchema}integer)
20:34:16.105 [Test worker] DEBUG org.apache.axis.description.OperationDesc - @6b0344bf added parameter >name:       username
typeEntry:  null
mode:       IN
position:   0
isReturn:   false
typeQName:  {http://www.w3.org/2001/XMLSchema}string
javaType:   class java.lang.String
inHeader:   false
outHeader:  false
@65c646ba<total parameters:1
20:34:16.105 [Test worker] DEBUG org.apache.axis.description.OperationDesc - @6b0344bf added parameter >name:       password
typeEntry:  null
mode:       IN
position:   1
isReturn:   false
typeQName:  {http://www.w3.org/2001/XMLSchema}string
javaType:   class java.lang.String
inHeader:   false
outHeader:  false
@6574532<total parameters:2
20:34:16.106 [Test worker] DEBUG org.apache.axis.description.OperationDesc - @6b0344bf added parameter >name:       issue
typeEntry:  null
mode:       IN
position:   2
isReturn:   false
typeQName:  {http://futureware.biz/mantisconnect}IssueData
javaType:   class biz.futureware.mantis.rpc.soap.client.IssueData
inHeader:   false
outHeader:  false
@67da20e6<total parameters:3
20:34:16.107 [Test worker] DEBUG org.apache.axis.description.OperationDesc - @6b0344bfsetReturnType({http://www.w3.org/2001/XMLSchema}integer)
20:34:16.107 [Test worker] DEBUG org.apache.axis.description.OperationDesc - @160db61e added parameter >name:       username
typeEntry:  null
mode:       IN
position:   0
isReturn:   false
typeQName:  {http://www.w3.org/2001/XMLSchema}string
javaType:   class java.lang.String
inHeader:   false
outHeader:  false
@41a9c1f3<total parameters:1
20:34:16.107 [Test worker] DEBUG org.apache.axis.description.OperationDesc - @160db61e added parameter >name:       password
typeEntry:  null
mode:       IN
position:   1
isReturn:   false
typeQName:  {http://www.w3.org/2001/XMLSchema}string
javaType:   class java.lang.String
inHeader:   false
outHeader:  false
@7d6b7221<total parameters:2
20:34:16.108 [Test worker] DEBUG org.apache.axis.description.OperationDesc - @160db61e added parameter >name:       issueId
typeEntry:  null
mode:       IN
position:   2
isReturn:   false
typeQName:  {http://www.w3.org/2001/XMLSchema}integer
javaType:   class java.math.BigInteger
inHeader:   false
outHeader:  false
@4b00b07a<total parameters:3
20:34:16.108 [Test worker] DEBUG org.apache.axis.description.OperationDesc - @160db61e added parameter >name:       issue
typeEntry:  null
mode:       IN
position:   3
isReturn:   false
typeQName:  {http://futureware.biz/mantisconnect}IssueData
javaType:   class biz.futureware.mantis.rpc.soap.client.IssueData
inHeader:   false
outHeader:  false
@30465242<total parameters:4
20:34:16.108 [Test worker] DEBUG org.apache.axis.description.OperationDesc - @160db61esetReturnType({http://www.w3.org/2001/XMLSchema}boolean)
20:34:16.108 [Test worker] DEBUG org.apache.axis.description.OperationDesc - @3f6fabe0 added parameter >name:       username
typeEntry:  null
mode:       IN
position:   0
isReturn:   false
typeQName:  {http://www.w3.org/2001/XMLSchema}string
javaType:   class java.lang.String
inHeader:   false
outHeader:  false
@19b33c56<total parameters:1
20:34:16.109 [Test worker] DEBUG org.apache.axis.description.OperationDesc - @3f6fabe0 added parameter >name:       password
typeEntry:  null
mode:       IN
position:   1
isReturn:   false
typeQName:  {http://www.w3.org/2001/XMLSchema}string
javaType:   class java.lang.String
inHeader:   false
outHeader:  false
@57fecc7a<total parameters:2
20:34:16.109 [Test worker] DEBUG org.apache.axis.description.OperationDesc - @3f6fabe0 added parameter >name:       issue_id
typeEntry:  null
mode:       IN
position:   2
isReturn:   false
typeQName:  {http://www.w3.org/2001/XMLSchema}integer
javaType:   class java.math.BigInteger
inHeader:   false
outHeader:  false
@55285085<total parameters:3
20:34:16.110 [Test worker] DEBUG org.apache.axis.description.OperationDesc - @3f6fabe0 added parameter >name:       tags
typeEntry:  null
mode:       IN
position:   3
isReturn:   false
typeQName:  {http://futureware.biz/mantisconnect}TagDataArray
javaType:   class [Lbiz.futureware.mantis.rpc.soap.client.TagData;
inHeader:   false
outHeader:  false
@36b79ddd<total parameters:4
20:34:16.111 [Test worker] DEBUG org.apache.axis.description.OperationDesc - @3f6fabe0setReturnType({http://www.w3.org/2001/XMLSchema}boolean)
20:34:16.111 [Test worker] DEBUG org.apache.axis.description.OperationDesc - @210c4ff6 added parameter >name:       username
typeEntry:  null
mode:       IN
position:   0
isReturn:   false
typeQName:  {http://www.w3.org/2001/XMLSchema}string
javaType:   class java.lang.String
inHeader:   false
outHeader:  false
@609c0325<total parameters:1
20:34:16.111 [Test worker] DEBUG org.apache.axis.description.OperationDesc - @210c4ff6 added parameter >name:       password
typeEntry:  null
mode:       IN
position:   1
isReturn:   false
typeQName:  {http://www.w3.org/2001/XMLSchema}string
javaType:   class java.lang.String
inHeader:   false
outHeader:  false
@2faaa822<total parameters:2
20:34:16.111 [Test worker] DEBUG org.apache.axis.description.OperationDesc - @210c4ff6 added parameter >name:       issue_id
typeEntry:  null
mode:       IN
position:   2
isReturn:   false
typeQName:  {http://www.w3.org/2001/XMLSchema}integer
javaType:   class java.math.BigInteger
inHeader:   false
outHeader:  false
@2579917f<total parameters:3
20:34:16.112 [Test worker] DEBUG org.apache.axis.description.OperationDesc - @210c4ff6setReturnType({http://www.w3.org/2001/XMLSchema}boolean)
20:34:16.112 [Test worker] DEBUG org.apache.axis.description.OperationDesc - @664919d9 added parameter >name:       username
typeEntry:  null
mode:       IN
position:   0
isReturn:   false
typeQName:  {http://www.w3.org/2001/XMLSchema}string
javaType:   class java.lang.String
inHeader:   false
outHeader:  false
@664cbb1e<total parameters:1
20:34:16.112 [Test worker] DEBUG org.apache.axis.description.OperationDesc - @664919d9 added parameter >name:       password
typeEntry:  null
mode:       IN
position:   1
isReturn:   false
typeQName:  {http://www.w3.org/2001/XMLSchema}string
javaType:   class java.lang.String
inHeader:   false
outHeader:  false
@1c5df44d<total parameters:2
20:34:16.112 [Test worker] DEBUG org.apache.axis.description.OperationDesc - @664919d9 added parameter >name:       issue_id
typeEntry:  null
mode:       IN
position:   2
isReturn:   false
typeQName:  {http://www.w3.org/2001/XMLSchema}integer
javaType:   class java.math.BigInteger
inHeader:   false
outHeader:  false
@75466cd0<total parameters:3
20:34:16.113 [Test worker] DEBUG org.apache.axis.description.OperationDesc - @664919d9 added parameter >name:       note
typeEntry:  null
mode:       IN
position:   3
isReturn:   false
typeQName:  {http://futureware.biz/mantisconnect}IssueNoteData
javaType:   class biz.futureware.mantis.rpc.soap.client.IssueNoteData
inHeader:   false
outHeader:  false
@2bf48896<total parameters:4
20:34:16.114 [Test worker] DEBUG org.apache.axis.description.OperationDesc - @664919d9setReturnType({http://www.w3.org/2001/XMLSchema}integer)
20:34:16.114 [Test worker] DEBUG org.apache.axis.description.OperationDesc - @6d1251d4 added parameter >name:       username
typeEntry:  null
mode:       IN
position:   0
isReturn:   false
typeQName:  {http://www.w3.org/2001/XMLSchema}string
javaType:   class java.lang.String
inHeader:   false
outHeader:  false
@4f7c34a2<total parameters:1
20:34:16.114 [Test worker] DEBUG org.apache.axis.description.OperationDesc - @6d1251d4 added parameter >name:       password
typeEntry:  null
mode:       IN
position:   1
isReturn:   false
typeQName:  {http://www.w3.org/2001/XMLSchema}string
javaType:   class java.lang.String
inHeader:   false
outHeader:  false
@5019f735<total parameters:2
20:34:16.114 [Test worker] DEBUG org.apache.axis.description.OperationDesc - @6d1251d4 added parameter >name:       issue_note_id
typeEntry:  null
mode:       IN
position:   2
isReturn:   false
typeQName:  {http://www.w3.org/2001/XMLSchema}integer
javaType:   class java.math.BigInteger
inHeader:   false
outHeader:  false
@5fa67598<total parameters:3
20:34:16.115 [Test worker] DEBUG org.apache.axis.description.OperationDesc - @6d1251d4setReturnType({http://www.w3.org/2001/XMLSchema}boolean)
20:34:16.115 [Test worker] DEBUG org.apache.axis.description.OperationDesc - @20c51349 added parameter >name:       username
typeEntry:  null
mode:       IN
position:   0
isReturn:   false
typeQName:  {http://www.w3.org/2001/XMLSchema}string
javaType:   class java.lang.String
inHeader:   false
outHeader:  false
@e32fad7<total parameters:1
20:34:16.115 [Test worker] DEBUG org.apache.axis.description.OperationDesc - @20c51349 added parameter >name:       password
typeEntry:  null
mode:       IN
position:   1
isReturn:   false
typeQName:  {http://www.w3.org/2001/XMLSchema}string
javaType:   class java.lang.String
inHeader:   false
outHeader:  false
@110d147b<total parameters:2
20:34:16.115 [Test worker] DEBUG org.apache.axis.description.OperationDesc - @20c51349 added parameter >name:       note
typeEntry:  null
mode:       IN
position:   2
isReturn:   false
typeQName:  {http://futureware.biz/mantisconnect}IssueNoteData
javaType:   class biz.futureware.mantis.rpc.soap.client.IssueNoteData
inHeader:   false
outHeader:  false
@7d6ba977<total parameters:3
20:34:16.115 [Test worker] DEBUG org.apache.axis.description.OperationDesc - @20c51349setReturnType({http://www.w3.org/2001/XMLSchema}boolean)
20:34:16.116 [Test worker] DEBUG org.apache.axis.description.OperationDesc - @75bca2c8 added parameter >name:       username
typeEntry:  null
mode:       IN
position:   0
isReturn:   false
typeQName:  {http://www.w3.org/2001/XMLSchema}string
javaType:   class java.lang.String
inHeader:   false
outHeader:  false
@6c411aea<total parameters:1
20:34:16.116 [Test worker] DEBUG org.apache.axis.description.OperationDesc - @75bca2c8 added parameter >name:       password
typeEntry:  null
mode:       IN
position:   1
isReturn:   false
typeQName:  {http://www.w3.org/2001/XMLSchema}string
javaType:   class java.lang.String
inHeader:   false
outHeader:  false
@159665d5<total parameters:2
20:34:16.116 [Test worker] DEBUG org.apache.axis.description.OperationDesc - @75bca2c8 added parameter >name:       issue_id
typeEntry:  null
mode:       IN
position:   2
isReturn:   false
typeQName:  {http://www.w3.org/2001/XMLSchema}integer
javaType:   class java.math.BigInteger
inHeader:   false
outHeader:  false
@35964601<total parameters:3
20:34:16.118 [Test worker] DEBUG org.apache.axis.description.OperationDesc - @75bca2c8 added parameter >name:       relationship
typeEntry:  null
mode:       IN
position:   3
isReturn:   false
typeQName:  {http://futureware.biz/mantisconnect}RelationshipData
javaType:   class biz.futureware.mantis.rpc.soap.client.RelationshipData
inHeader:   false
outHeader:  false
@67c0adaf<total parameters:4
20:34:16.118 [Test worker] DEBUG org.apache.axis.description.OperationDesc - @75bca2c8setReturnType({http://www.w3.org/2001/XMLSchema}integer)
20:34:16.118 [Test worker] DEBUG org.apache.axis.description.OperationDesc - @60614918 added parameter >name:       username
typeEntry:  null
mode:       IN
position:   0
isReturn:   false
typeQName:  {http://www.w3.org/2001/XMLSchema}string
javaType:   class java.lang.String
inHeader:   false
outHeader:  false
@254c7d5d<total parameters:1
20:34:16.119 [Test worker] DEBUG org.apache.axis.description.OperationDesc - @60614918 added parameter >name:       password
typeEntry:  null
mode:       IN
position:   1
isReturn:   false
typeQName:  {http://www.w3.org/2001/XMLSchema}string
javaType:   class java.lang.String
inHeader:   false
outHeader:  false
@12218358<total parameters:2
20:34:16.119 [Test worker] DEBUG org.apache.axis.description.OperationDesc - @60614918 added parameter >name:       issue_id
typeEntry:  null
mode:       IN
position:   2
isReturn:   false
typeQName:  {http://www.w3.org/2001/XMLSchema}integer
javaType:   class java.math.BigInteger
inHeader:   false
outHeader:  false
@70eef966<total parameters:3
20:34:16.120 [Test worker] DEBUG org.apache.axis.description.OperationDesc - @60614918 added parameter >name:       relationship_id
typeEntry:  null
mode:       IN
position:   3
isReturn:   false
typeQName:  {http://www.w3.org/2001/XMLSchema}integer
javaType:   class java.math.BigInteger
inHeader:   false
outHeader:  false
@1aad57ea<total parameters:4
20:34:16.120 [Test worker] DEBUG org.apache.axis.description.OperationDesc - @60614918setReturnType({http://www.w3.org/2001/XMLSchema}boolean)
20:34:16.120 [Test worker] DEBUG org.apache.axis.description.OperationDesc - @5ccd6777 added parameter >name:       username
typeEntry:  null
mode:       IN
position:   0
isReturn:   false
typeQName:  {http://www.w3.org/2001/XMLSchema}string
javaType:   class java.lang.String
inHeader:   false
outHeader:  false
@42e804f5<total parameters:1
20:34:16.120 [Test worker] DEBUG org.apache.axis.description.OperationDesc - @5ccd6777 added parameter >name:       password
typeEntry:  null
mode:       IN
position:   1
isReturn:   false
typeQName:  {http://www.w3.org/2001/XMLSchema}string
javaType:   class java.lang.String
inHeader:   false
outHeader:  false
@45caf007<total parameters:2
20:34:16.121 [Test worker] DEBUG org.apache.axis.description.OperationDesc - @5ccd6777 added parameter >name:       issue_id
typeEntry:  null
mode:       IN
position:   2
isReturn:   false
typeQName:  {http://www.w3.org/2001/XMLSchema}integer
javaType:   class java.math.BigInteger
inHeader:   false
outHeader:  false
@35a8fd53<total parameters:3
20:34:16.121 [Test worker] DEBUG org.apache.axis.description.OperationDesc - @5ccd6777 added parameter >name:       name
typeEntry:  null
mode:       IN
position:   3
isReturn:   false
typeQName:  {http://www.w3.org/2001/XMLSchema}string
javaType:   class java.lang.String
inHeader:   false
outHeader:  false
@2e9c24e<total parameters:4
20:34:16.121 [Test worker] DEBUG org.apache.axis.description.OperationDesc - @5ccd6777 added parameter >name:       file_type
typeEntry:  null
mode:       IN
position:   4
isReturn:   false
typeQName:  {http://www.w3.org/2001/XMLSchema}string
javaType:   class java.lang.String
inHeader:   false
outHeader:  false
@a4a14a<total parameters:5
20:34:16.122 [Test worker] DEBUG org.apache.axis.description.OperationDesc - @5ccd6777 added parameter >name:       content
typeEntry:  null
mode:       IN
position:   5
isReturn:   false
typeQName:  {http://www.w3.org/2001/XMLSchema}base64Binary
javaType:   class [B
inHeader:   false
outHeader:  false
@127c3391<total parameters:6
20:34:16.122 [Test worker] DEBUG org.apache.axis.description.OperationDesc - @5ccd6777setReturnType({http://www.w3.org/2001/XMLSchema}integer)
20:34:16.122 [Test worker] DEBUG org.apache.axis.description.OperationDesc - @60cc16e8 added parameter >name:       username
typeEntry:  null
mode:       IN
position:   0
isReturn:   false
typeQName:  {http://www.w3.org/2001/XMLSchema}string
javaType:   class java.lang.String
inHeader:   false
outHeader:  false
@2c7b430d<total parameters:1
20:34:16.122 [Test worker] DEBUG org.apache.axis.description.OperationDesc - @60cc16e8 added parameter >name:       password
typeEntry:  null
mode:       IN
position:   1
isReturn:   false
typeQName:  {http://www.w3.org/2001/XMLSchema}string
javaType:   class java.lang.String
inHeader:   false
outHeader:  false
@9700939<total parameters:2
20:34:16.123 [Test worker] DEBUG org.apache.axis.description.OperationDesc - @60cc16e8 added parameter >name:       issue_attachment_id
typeEntry:  null
mode:       IN
position:   2
isReturn:   false
typeQName:  {http://www.w3.org/2001/XMLSchema}integer
javaType:   class java.math.BigInteger
inHeader:   false
outHeader:  false
@7a63533d<total parameters:3
20:34:16.123 [Test worker] DEBUG org.apache.axis.description.OperationDesc - @60cc16e8setReturnType({http://www.w3.org/2001/XMLSchema}boolean)
20:34:16.123 [Test worker] DEBUG org.apache.axis.description.OperationDesc - @7a9861cf added parameter >name:       username
typeEntry:  null
mode:       IN
position:   0
isReturn:   false
typeQName:  {http://www.w3.org/2001/XMLSchema}string
javaType:   class java.lang.String
inHeader:   false
outHeader:  false
@c8d26ba<total parameters:1
20:34:16.123 [Test worker] DEBUG org.apache.axis.description.OperationDesc - @7a9861cf added parameter >name:       password
typeEntry:  null
mode:       IN
position:   1
isReturn:   false
typeQName:  {http://www.w3.org/2001/XMLSchema}string
javaType:   class java.lang.String
inHeader:   false
outHeader:  false
@53ddfd3<total parameters:2
20:34:16.123 [Test worker] DEBUG org.apache.axis.description.OperationDesc - @7a9861cf added parameter >name:       issue_attachment_id
typeEntry:  null
mode:       IN
position:   2
isReturn:   false
typeQName:  {http://www.w3.org/2001/XMLSchema}integer
javaType:   class java.math.BigInteger
inHeader:   false
outHeader:  false
@65278ef2<total parameters:3
20:34:16.124 [Test worker] DEBUG org.apache.axis.description.OperationDesc - @7a9861cfsetReturnType({http://www.w3.org/2001/XMLSchema}base64Binary)
20:34:16.124 [Test worker] DEBUG org.apache.axis.description.OperationDesc - @5c080d80 added parameter >name:       username
typeEntry:  null
mode:       IN
position:   0
isReturn:   false
typeQName:  {http://www.w3.org/2001/XMLSchema}string
javaType:   class java.lang.String
inHeader:   false
outHeader:  false
@39d5584d<total parameters:1
20:34:16.124 [Test worker] DEBUG org.apache.axis.description.OperationDesc - @5c080d80 added parameter >name:       password
typeEntry:  null
mode:       IN
position:   1
isReturn:   false
typeQName:  {http://www.w3.org/2001/XMLSchema}string
javaType:   class java.lang.String
inHeader:   false
outHeader:  false
@527dcbe3<total parameters:2
20:34:16.125 [Test worker] DEBUG org.apache.axis.description.OperationDesc - @5c080d80 added parameter >name:       project
typeEntry:  null
mode:       IN
position:   2
isReturn:   false
typeQName:  {http://futureware.biz/mantisconnect}ProjectData
javaType:   class biz.futureware.mantis.rpc.soap.client.ProjectData
inHeader:   false
outHeader:  false
@488c22f<total parameters:3
20:34:16.125 [Test worker] DEBUG org.apache.axis.description.OperationDesc - @5c080d80setReturnType({http://www.w3.org/2001/XMLSchema}integer)
20:34:16.126 [Test worker] DEBUG org.apache.axis.description.OperationDesc - @3896338e added parameter >name:       username
typeEntry:  null
mode:       IN
position:   0
isReturn:   false
typeQName:  {http://www.w3.org/2001/XMLSchema}string
javaType:   class java.lang.String
inHeader:   false
outHeader:  false
@17372543<total parameters:1
20:34:16.126 [Test worker] DEBUG org.apache.axis.description.OperationDesc - @3896338e added parameter >name:       password
typeEntry:  null
mode:       IN
position:   1
isReturn:   false
typeQName:  {http://www.w3.org/2001/XMLSchema}string
javaType:   class java.lang.String
inHeader:   false
outHeader:  false
@67f669f9<total parameters:2
20:34:16.126 [Test worker] DEBUG org.apache.axis.description.OperationDesc - @3896338e added parameter >name:       project_id
typeEntry:  null
mode:       IN
position:   2
isReturn:   false
typeQName:  {http://www.w3.org/2001/XMLSchema}integer
javaType:   class java.math.BigInteger
inHeader:   false
outHeader:  false
@252d4692<total parameters:3
20:34:16.126 [Test worker] DEBUG org.apache.axis.description.OperationDesc - @3896338esetReturnType({http://www.w3.org/2001/XMLSchema}boolean)
20:34:16.126 [Test worker] DEBUG org.apache.axis.description.OperationDesc - @2cae0bfa added parameter >name:       username
typeEntry:  null
mode:       IN
position:   0
isReturn:   false
typeQName:  {http://www.w3.org/2001/XMLSchema}string
javaType:   class java.lang.String
inHeader:   false
outHeader:  false
@21d3e11<total parameters:1
20:34:16.126 [Test worker] DEBUG org.apache.axis.description.OperationDesc - @2cae0bfa added parameter >name:       password
typeEntry:  null
mode:       IN
position:   1
isReturn:   false
typeQName:  {http://www.w3.org/2001/XMLSchema}string
javaType:   class java.lang.String
inHeader:   false
outHeader:  false
@5670260a<total parameters:2
20:34:16.127 [Test worker] DEBUG org.apache.axis.description.OperationDesc - @2cae0bfa added parameter >name:       project_id
typeEntry:  null
mode:       IN
position:   2
isReturn:   false
typeQName:  {http://www.w3.org/2001/XMLSchema}integer
javaType:   class java.math.BigInteger
inHeader:   false
outHeader:  false
@1926f380<total parameters:3
20:34:16.127 [Test worker] DEBUG org.apache.axis.description.OperationDesc - @2cae0bfa added parameter >name:       project
typeEntry:  null
mode:       IN
position:   3
isReturn:   false
typeQName:  {http://futureware.biz/mantisconnect}ProjectData
javaType:   class biz.futureware.mantis.rpc.soap.client.ProjectData
inHeader:   false
outHeader:  false
@450bca85<total parameters:4
20:34:16.127 [Test worker] DEBUG org.apache.axis.description.OperationDesc - @2cae0bfasetReturnType({http://www.w3.org/2001/XMLSchema}boolean)
20:34:16.127 [Test worker] DEBUG org.apache.axis.description.OperationDesc - @2e0d9983 added parameter >name:       username
typeEntry:  null
mode:       IN
position:   0
isReturn:   false
typeQName:  {http://www.w3.org/2001/XMLSchema}string
javaType:   class java.lang.String
inHeader:   false
outHeader:  false
@791aba3e<total parameters:1
20:34:16.127 [Test worker] DEBUG org.apache.axis.description.OperationDesc - @2e0d9983 added parameter >name:       password
typeEntry:  null
mode:       IN
position:   1
isReturn:   false
typeQName:  {http://www.w3.org/2001/XMLSchema}string
javaType:   class java.lang.String
inHeader:   false
outHeader:  false
@570eec6e<total parameters:2
20:34:16.127 [Test worker] DEBUG org.apache.axis.description.OperationDesc - @2e0d9983 added parameter >name:       project_name
typeEntry:  null
mode:       IN
position:   2
isReturn:   false
typeQName:  {http://www.w3.org/2001/XMLSchema}string
javaType:   class java.lang.String
inHeader:   false
outHeader:  false
@4c4a5be8<total parameters:3
20:34:16.129 [Test worker] DEBUG org.apache.axis.description.OperationDesc - @2e0d9983setReturnType({http://www.w3.org/2001/XMLSchema}integer)
20:34:16.130 [Test worker] DEBUG org.apache.axis.description.OperationDesc - @e491263 added parameter >name:       username
typeEntry:  null
mode:       IN
position:   0
isReturn:   false
typeQName:  {http://www.w3.org/2001/XMLSchema}string
javaType:   class java.lang.String
inHeader:   false
outHeader:  false
@22ae82de<total parameters:1
20:34:16.130 [Test worker] DEBUG org.apache.axis.description.OperationDesc - @e491263 added parameter >name:       password
typeEntry:  null
mode:       IN
position:   1
isReturn:   false
typeQName:  {http://www.w3.org/2001/XMLSchema}string
javaType:   class java.lang.String
inHeader:   false
outHeader:  false
@2e36779<total parameters:2
20:34:16.130 [Test worker] DEBUG org.apache.axis.description.OperationDesc - @e491263 added parameter >name:       project_id
typeEntry:  null
mode:       IN
position:   2
isReturn:   false
typeQName:  {http://www.w3.org/2001/XMLSchema}integer
javaType:   class java.math.BigInteger
inHeader:   false
outHeader:  false
@1c68f9d6<total parameters:3
20:34:16.130 [Test worker] DEBUG org.apache.axis.description.OperationDesc - @e491263 added parameter >name:       filter_type
typeEntry:  null
mode:       IN
position:   3
isReturn:   false
typeQName:  {http://www.w3.org/2001/XMLSchema}string
javaType:   class java.lang.String
inHeader:   false
outHeader:  false
@5a743a32<total parameters:4
20:34:16.131 [Test worker] DEBUG org.apache.axis.description.OperationDesc - @e491263 added parameter >name:       target_user
typeEntry:  null
mode:       IN
position:   4
isReturn:   false
typeQName:  {http://futureware.biz/mantisconnect}AccountData
javaType:   class biz.futureware.mantis.rpc.soap.client.AccountData
inHeader:   false
outHeader:  false
@4e2670b1<total parameters:5
20:34:16.132 [Test worker] DEBUG org.apache.axis.description.OperationDesc - @e491263 added parameter >name:       page_number
typeEntry:  null
mode:       IN
position:   5
isReturn:   false
typeQName:  {http://www.w3.org/2001/XMLSchema}integer
javaType:   class java.math.BigInteger
inHeader:   false
outHeader:  false
@357866ed<total parameters:6
20:34:16.132 [Test worker] DEBUG org.apache.axis.description.OperationDesc - @e491263 added parameter >name:       per_page
typeEntry:  null
mode:       IN
position:   6
isReturn:   false
typeQName:  {http://www.w3.org/2001/XMLSchema}integer
javaType:   class java.math.BigInteger
inHeader:   false
outHeader:  false
@6ee7dfe9<total parameters:7
20:34:16.132 [Test worker] DEBUG org.apache.axis.description.OperationDesc - @e491263setReturnType({http://futureware.biz/mantisconnect}IssueDataArray)
20:34:16.132 [Test worker] DEBUG org.apache.axis.description.OperationDesc - @2799d005 added parameter >name:       username
typeEntry:  null
mode:       IN
position:   0
isReturn:   false
typeQName:  {http://www.w3.org/2001/XMLSchema}string
javaType:   class java.lang.String
inHeader:   false
outHeader:  false
@5ac79fbf<total parameters:1
20:34:16.132 [Test worker] DEBUG org.apache.axis.description.OperationDesc - @2799d005 added parameter >name:       password
typeEntry:  null
mode:       IN
position:   1
isReturn:   false
typeQName:  {http://www.w3.org/2001/XMLSchema}string
javaType:   class java.lang.String
inHeader:   false
outHeader:  false
@2c7ed504<total parameters:2
20:34:16.132 [Test worker] DEBUG org.apache.axis.description.OperationDesc - @2799d005 added parameter >name:       project_id
typeEntry:  null
mode:       IN
position:   2
isReturn:   false
typeQName:  {http://www.w3.org/2001/XMLSchema}integer
javaType:   class java.math.BigInteger
inHeader:   false
outHeader:  false
@7c364ff5<total parameters:3
20:34:16.132 [Test worker] DEBUG org.apache.axis.description.OperationDesc - @2799d005 added parameter >name:       page_number
typeEntry:  null
mode:       IN
position:   3
isReturn:   false
typeQName:  {http://www.w3.org/2001/XMLSchema}integer
javaType:   class java.math.BigInteger
inHeader:   false
outHeader:  false
@1546b18e<total parameters:4
20:34:16.133 [Test worker] DEBUG org.apache.axis.description.OperationDesc - @2799d005 added parameter >name:       per_page
typeEntry:  null
mode:       IN
position:   4
isReturn:   false
typeQName:  {http://www.w3.org/2001/XMLSchema}integer
javaType:   class java.math.BigInteger
inHeader:   false
outHeader:  false
@731afefe<total parameters:5
20:34:16.133 [Test worker] DEBUG org.apache.axis.description.OperationDesc - @2799d005setReturnType({http://futureware.biz/mantisconnect}IssueDataArray)
20:34:16.133 [Test worker] DEBUG org.apache.axis.description.OperationDesc - @2996c36c added parameter >name:       username
typeEntry:  null
mode:       IN
position:   0
isReturn:   false
typeQName:  {http://www.w3.org/2001/XMLSchema}string
javaType:   class java.lang.String
inHeader:   false
outHeader:  false
@6791784c<total parameters:1
20:34:16.133 [Test worker] DEBUG org.apache.axis.description.OperationDesc - @2996c36c added parameter >name:       password
typeEntry:  null
mode:       IN
position:   1
isReturn:   false
typeQName:  {http://www.w3.org/2001/XMLSchema}string
javaType:   class java.lang.String
inHeader:   false
outHeader:  false
@47fb6ff1<total parameters:2
20:34:16.133 [Test worker] DEBUG org.apache.axis.description.OperationDesc - @2996c36c added parameter >name:       project_id
typeEntry:  null
mode:       IN
position:   2
isReturn:   false
typeQName:  {http://www.w3.org/2001/XMLSchema}integer
javaType:   class java.math.BigInteger
inHeader:   false
outHeader:  false
@633284fe<total parameters:3
20:34:16.133 [Test worker] DEBUG org.apache.axis.description.OperationDesc - @2996c36c added parameter >name:       page_number
typeEntry:  null
mode:       IN
position:   3
isReturn:   false
typeQName:  {http://www.w3.org/2001/XMLSchema}integer
javaType:   class java.math.BigInteger
inHeader:   false
outHeader:  false
@7ca0a657<total parameters:4
20:34:16.133 [Test worker] DEBUG org.apache.axis.description.OperationDesc - @2996c36c added parameter >name:       per_page
typeEntry:  null
mode:       IN
position:   4
isReturn:   false
typeQName:  {http://www.w3.org/2001/XMLSchema}integer
javaType:   class java.math.BigInteger
inHeader:   false
outHeader:  false
@109fe297<total parameters:5
20:34:16.133 [Test worker] DEBUG org.apache.axis.description.OperationDesc - @2996c36csetReturnType({http://futureware.biz/mantisconnect}IssueHeaderDataArray)
20:34:16.134 [Test worker] DEBUG org.apache.axis.description.OperationDesc - @28e70ad added parameter >name:       username
typeEntry:  null
mode:       IN
position:   0
isReturn:   false
typeQName:  {http://www.w3.org/2001/XMLSchema}string
javaType:   class java.lang.String
inHeader:   false
outHeader:  false
@6deaa131<total parameters:1
20:34:16.135 [Test worker] DEBUG org.apache.axis.description.OperationDesc - @28e70ad added parameter >name:       password
typeEntry:  null
mode:       IN
position:   1
isReturn:   false
typeQName:  {http://www.w3.org/2001/XMLSchema}string
javaType:   class java.lang.String
inHeader:   false
outHeader:  false
@5dc1340d<total parameters:2
20:34:16.135 [Test worker] DEBUG org.apache.axis.description.OperationDesc - @28e70ad added parameter >name:       project_id
typeEntry:  null
mode:       IN
position:   2
isReturn:   false
typeQName:  {http://www.w3.org/2001/XMLSchema}integer
javaType:   class java.math.BigInteger
inHeader:   false
outHeader:  false
@96c758e<total parameters:3
20:34:16.135 [Test worker] DEBUG org.apache.axis.description.OperationDesc - @28e70ad added parameter >name:       access
typeEntry:  null
mode:       IN
position:   3
isReturn:   false
typeQName:  {http://www.w3.org/2001/XMLSchema}integer
javaType:   class java.math.BigInteger
inHeader:   false
outHeader:  false
@78166716<total parameters:4
20:34:16.135 [Test worker] DEBUG org.apache.axis.description.OperationDesc - @28e70adsetReturnType({http://futureware.biz/mantisconnect}AccountDataArray)
20:34:16.135 [Test worker] DEBUG org.apache.axis.description.OperationDesc - @404da20c added parameter >name:       username
typeEntry:  null
mode:       IN
position:   0
isReturn:   false
typeQName:  {http://www.w3.org/2001/XMLSchema}string
javaType:   class java.lang.String
inHeader:   false
outHeader:  false
@14788754<total parameters:1
20:34:16.135 [Test worker] DEBUG org.apache.axis.description.OperationDesc - @404da20c added parameter >name:       password
typeEntry:  null
mode:       IN
position:   1
isReturn:   false
typeQName:  {http://www.w3.org/2001/XMLSchema}string
javaType:   class java.lang.String
inHeader:   false
outHeader:  false
@7ed25050<total parameters:2
20:34:16.135 [Test worker] DEBUG org.apache.axis.description.OperationDesc - @404da20csetReturnType({http://futureware.biz/mantisconnect}ProjectDataArray)
20:34:16.135 [Test worker] DEBUG org.apache.axis.description.OperationDesc - @3537b64b added parameter >name:       username
typeEntry:  null
mode:       IN
position:   0
isReturn:   false
typeQName:  {http://www.w3.org/2001/XMLSchema}string
javaType:   class java.lang.String
inHeader:   false
outHeader:  false
@18c72f23<total parameters:1
20:34:16.135 [Test worker] DEBUG org.apache.axis.description.OperationDesc - @3537b64b added parameter >name:       password
typeEntry:  null
mode:       IN
position:   1
isReturn:   false
typeQName:  {http://www.w3.org/2001/XMLSchema}string
javaType:   class java.lang.String
inHeader:   false
outHeader:  false
@48d55948<total parameters:2
20:34:16.136 [Test worker] DEBUG org.apache.axis.description.OperationDesc - @3537b64b added parameter >name:       project_id
typeEntry:  null
mode:       IN
position:   2
isReturn:   false
typeQName:  {http://www.w3.org/2001/XMLSchema}integer
javaType:   class java.math.BigInteger
inHeader:   false
outHeader:  false
@24e9c0d2<total parameters:3
20:34:16.137 [Test worker] DEBUG org.apache.axis.description.OperationDesc - @3537b64bsetReturnType({http://futureware.biz/mantisconnect}StringArray)
20:34:16.137 [Test worker] DEBUG org.apache.axis.description.OperationDesc - @2ce4bfea added parameter >name:       username
typeEntry:  null
mode:       IN
position:   0
isReturn:   false
typeQName:  {http://www.w3.org/2001/XMLSchema}string
javaType:   class java.lang.String
inHeader:   false
outHeader:  false
@dfb3362<total parameters:1
20:34:16.137 [Test worker] DEBUG org.apache.axis.description.OperationDesc - @2ce4bfea added parameter >name:       password
typeEntry:  null
mode:       IN
position:   1
isReturn:   false
typeQName:  {http://www.w3.org/2001/XMLSchema}string
javaType:   class java.lang.String
inHeader:   false
outHeader:  false
@6f86248c<total parameters:2
20:34:16.137 [Test worker] DEBUG org.apache.axis.description.OperationDesc - @2ce4bfea added parameter >name:       project_id
typeEntry:  null
mode:       IN
position:   2
isReturn:   false
typeQName:  {http://www.w3.org/2001/XMLSchema}integer
javaType:   class java.math.BigInteger
inHeader:   false
outHeader:  false
@58386fe<total parameters:3
20:34:16.137 [Test worker] DEBUG org.apache.axis.description.OperationDesc - @2ce4bfea added parameter >name:       p_category_name
typeEntry:  null
mode:       IN
position:   3
isReturn:   false
typeQName:  {http://www.w3.org/2001/XMLSchema}string
javaType:   class java.lang.String
inHeader:   false
outHeader:  false
@c91724b<total parameters:4
20:34:16.137 [Test worker] DEBUG org.apache.axis.description.OperationDesc - @2ce4bfeasetReturnType({http://www.w3.org/2001/XMLSchema}integer)
20:34:16.138 [Test worker] DEBUG org.apache.axis.description.OperationDesc - @58a53098 added parameter >name:       username
typeEntry:  null
mode:       IN
position:   0
isReturn:   false
typeQName:  {http://www.w3.org/2001/XMLSchema}string
javaType:   class java.lang.String
inHeader:   false
outHeader:  false
@6d9dd44<total parameters:1
20:34:16.138 [Test worker] DEBUG org.apache.axis.description.OperationDesc - @58a53098 added parameter >name:       password
typeEntry:  null
mode:       IN
position:   1
isReturn:   false
typeQName:  {http://www.w3.org/2001/XMLSchema}string
javaType:   class java.lang.String
inHeader:   false
outHeader:  false
@1f740f17<total parameters:2
20:34:16.138 [Test worker] DEBUG org.apache.axis.description.OperationDesc - @58a53098 added parameter >name:       project_id
typeEntry:  null
mode:       IN
position:   2
isReturn:   false
typeQName:  {http://www.w3.org/2001/XMLSchema}integer
javaType:   class java.math.BigInteger
inHeader:   false
outHeader:  false
@18f03598<total parameters:3
20:34:16.139 [Test worker] DEBUG org.apache.axis.description.OperationDesc - @58a53098 added parameter >name:       p_category_name
typeEntry:  null
mode:       IN
position:   3
isReturn:   false
typeQName:  {http://www.w3.org/2001/XMLSchema}string
javaType:   class java.lang.String
inHeader:   false
outHeader:  false
@69a0e7ee<total parameters:4
20:34:16.139 [Test worker] DEBUG org.apache.axis.description.OperationDesc - @58a53098setReturnType({http://www.w3.org/2001/XMLSchema}integer)
20:34:16.139 [Test worker] DEBUG org.apache.axis.description.OperationDesc - @21db2463 added parameter >name:       username
typeEntry:  null
mode:       IN
position:   0
isReturn:   false
typeQName:  {http://www.w3.org/2001/XMLSchema}string
javaType:   class java.lang.String
inHeader:   false
outHeader:  false
@1ee89bf8<total parameters:1
20:34:16.140 [Test worker] DEBUG org.apache.axis.description.OperationDesc - @21db2463 added parameter >name:       password
typeEntry:  null
mode:       IN
position:   1
isReturn:   false
typeQName:  {http://www.w3.org/2001/XMLSchema}string
javaType:   class java.lang.String
inHeader:   false
outHeader:  false
@72d3148<total parameters:2
20:34:16.140 [Test worker] DEBUG org.apache.axis.description.OperationDesc - @21db2463 added parameter >name:       project_id
typeEntry:  null
mode:       IN
position:   2
isReturn:   false
typeQName:  {http://www.w3.org/2001/XMLSchema}integer
javaType:   class java.math.BigInteger
inHeader:   false
outHeader:  false
@69dc29d4<total parameters:3
20:34:16.140 [Test worker] DEBUG org.apache.axis.description.OperationDesc - @21db2463 added parameter >name:       p_category_name
typeEntry:  null
mode:       IN
position:   3
isReturn:   false
typeQName:  {http://www.w3.org/2001/XMLSchema}string
javaType:   class java.lang.String
inHeader:   false
outHeader:  false
@11dcf0b0<total parameters:4
20:34:16.140 [Test worker] DEBUG org.apache.axis.description.OperationDesc - @21db2463 added parameter >name:       p_category_name_new
typeEntry:  null
mode:       IN
position:   4
isReturn:   false
typeQName:  {http://www.w3.org/2001/XMLSchema}string
javaType:   class java.lang.String
inHeader:   false
outHeader:  false
@4bb19e28<total parameters:5
20:34:16.140 [Test worker] DEBUG org.apache.axis.description.OperationDesc - @21db2463 added parameter >name:       p_assigned_to
typeEntry:  null
mode:       IN
position:   5
isReturn:   false
typeQName:  {http://www.w3.org/2001/XMLSchema}integer
javaType:   class java.math.BigInteger
inHeader:   false
outHeader:  false
@25f84167<total parameters:6
20:34:16.140 [Test worker] DEBUG org.apache.axis.description.OperationDesc - @21db2463setReturnType({http://www.w3.org/2001/XMLSchema}integer)
20:34:16.140 [Test worker] DEBUG org.apache.axis.description.OperationDesc - @2d624e85 added parameter >name:       username
typeEntry:  null
mode:       IN
position:   0
isReturn:   false
typeQName:  {http://www.w3.org/2001/XMLSchema}string
javaType:   class java.lang.String
inHeader:   false
outHeader:  false
@5bcd72e9<total parameters:1
20:34:16.140 [Test worker] DEBUG org.apache.axis.description.OperationDesc - @2d624e85 added parameter >name:       password
typeEntry:  null
mode:       IN
position:   1
isReturn:   false
typeQName:  {http://www.w3.org/2001/XMLSchema}string
javaType:   class java.lang.String
inHeader:   false
outHeader:  false
@1c4ae766<total parameters:2
20:34:16.143 [Test worker] DEBUG org.apache.axis.description.OperationDesc - @2d624e85 added parameter >name:       project_id
typeEntry:  null
mode:       IN
position:   2
isReturn:   false
typeQName:  {http://www.w3.org/2001/XMLSchema}integer
javaType:   class java.math.BigInteger
inHeader:   false
outHeader:  false
@7bde7ef1<total parameters:3
20:34:16.143 [Test worker] DEBUG org.apache.axis.description.OperationDesc - @2d624e85setReturnType({http://futureware.biz/mantisconnect}ProjectVersionDataArray)
20:34:16.144 [Test worker] DEBUG org.apache.axis.description.OperationDesc - @3fa7d106 added parameter >name:       username
typeEntry:  null
mode:       IN
position:   0
isReturn:   false
typeQName:  {http://www.w3.org/2001/XMLSchema}string
javaType:   class java.lang.String
inHeader:   false
outHeader:  false
@378619f5<total parameters:1
20:34:16.144 [Test worker] DEBUG org.apache.axis.description.OperationDesc - @3fa7d106 added parameter >name:       password
typeEntry:  null
mode:       IN
position:   1
isReturn:   false
typeQName:  {http://www.w3.org/2001/XMLSchema}string
javaType:   class java.lang.String
inHeader:   false
outHeader:  false
@4b86aa35<total parameters:2
20:34:16.145 [Test worker] DEBUG org.apache.axis.description.OperationDesc - @3fa7d106 added parameter >name:       version
typeEntry:  null
mode:       IN
position:   2
isReturn:   false
typeQName:  {http://futureware.biz/mantisconnect}ProjectVersionData
javaType:   class biz.futureware.mantis.rpc.soap.client.ProjectVersionData
inHeader:   false
outHeader:  false
@54cdaea8<total parameters:3
20:34:16.145 [Test worker] DEBUG org.apache.axis.description.OperationDesc - @3fa7d106setReturnType({http://www.w3.org/2001/XMLSchema}integer)
20:34:16.145 [Test worker] DEBUG org.apache.axis.description.OperationDesc - @55637ad6 added parameter >name:       username
typeEntry:  null
mode:       IN
position:   0
isReturn:   false
typeQName:  {http://www.w3.org/2001/XMLSchema}string
javaType:   class java.lang.String
inHeader:   false
outHeader:  false
@52ad883e<total parameters:1
20:34:16.145 [Test worker] DEBUG org.apache.axis.description.OperationDesc - @55637ad6 added parameter >name:       password
typeEntry:  null
mode:       IN
position:   1
isReturn:   false
typeQName:  {http://www.w3.org/2001/XMLSchema}string
javaType:   class java.lang.String
inHeader:   false
outHeader:  false
@2c04475c<total parameters:2
20:34:16.145 [Test worker] DEBUG org.apache.axis.description.OperationDesc - @55637ad6 added parameter >name:       version_id
typeEntry:  null
mode:       IN
position:   2
isReturn:   false
typeQName:  {http://www.w3.org/2001/XMLSchema}integer
javaType:   class java.math.BigInteger
inHeader:   false
outHeader:  false
@1505049a<total parameters:3
20:34:16.145 [Test worker] DEBUG org.apache.axis.description.OperationDesc - @55637ad6 added parameter >name:       version
typeEntry:  null
mode:       IN
position:   3
isReturn:   false
typeQName:  {http://futureware.biz/mantisconnect}ProjectVersionData
javaType:   class biz.futureware.mantis.rpc.soap.client.ProjectVersionData
inHeader:   false
outHeader:  false
@5bfe7926<total parameters:4
20:34:16.146 [Test worker] DEBUG org.apache.axis.description.OperationDesc - @55637ad6setReturnType({http://www.w3.org/2001/XMLSchema}boolean)
20:34:16.146 [Test worker] DEBUG org.apache.axis.description.OperationDesc - @65ace61f added parameter >name:       username
typeEntry:  null
mode:       IN
position:   0
isReturn:   false
typeQName:  {http://www.w3.org/2001/XMLSchema}string
javaType:   class java.lang.String
inHeader:   false
outHeader:  false
@6b1c6351<total parameters:1
20:34:16.146 [Test worker] DEBUG org.apache.axis.description.OperationDesc - @65ace61f added parameter >name:       password
typeEntry:  null
mode:       IN
position:   1
isReturn:   false
typeQName:  {http://www.w3.org/2001/XMLSchema}string
javaType:   class java.lang.String
inHeader:   false
outHeader:  false
@56009b7c<total parameters:2
20:34:16.146 [Test worker] DEBUG org.apache.axis.description.OperationDesc - @65ace61f added parameter >name:       version_id
typeEntry:  null
mode:       IN
position:   2
isReturn:   false
typeQName:  {http://www.w3.org/2001/XMLSchema}integer
javaType:   class java.math.BigInteger
inHeader:   false
outHeader:  false
@7e9fefd3<total parameters:3
20:34:16.146 [Test worker] DEBUG org.apache.axis.description.OperationDesc - @65ace61fsetReturnType({http://www.w3.org/2001/XMLSchema}boolean)
20:34:16.146 [Test worker] DEBUG org.apache.axis.description.OperationDesc - @7c817201 added parameter >name:       username
typeEntry:  null
mode:       IN
position:   0
isReturn:   false
typeQName:  {http://www.w3.org/2001/XMLSchema}string
javaType:   class java.lang.String
inHeader:   false
outHeader:  false
@740f902b<total parameters:1
20:34:16.147 [Test worker] DEBUG org.apache.axis.description.OperationDesc - @7c817201 added parameter >name:       password
typeEntry:  null
mode:       IN
position:   1
isReturn:   false
typeQName:  {http://www.w3.org/2001/XMLSchema}string
javaType:   class java.lang.String
inHeader:   false
outHeader:  false
@26862ead<total parameters:2
20:34:16.147 [Test worker] DEBUG org.apache.axis.description.OperationDesc - @7c817201 added parameter >name:       project_id
typeEntry:  null
mode:       IN
position:   2
isReturn:   false
typeQName:  {http://www.w3.org/2001/XMLSchema}integer
javaType:   class java.math.BigInteger
inHeader:   false
outHeader:  false
@2766acd9<total parameters:3
20:34:16.147 [Test worker] DEBUG org.apache.axis.description.OperationDesc - @7c817201setReturnType({http://futureware.biz/mantisconnect}ProjectVersionDataArray)
20:34:16.147 [Test worker] DEBUG org.apache.axis.description.OperationDesc - @5000d34e added parameter >name:       username
typeEntry:  null
mode:       IN
position:   0
isReturn:   false
typeQName:  {http://www.w3.org/2001/XMLSchema}string
javaType:   class java.lang.String
inHeader:   false
outHeader:  false
@58068fad<total parameters:1
20:34:16.150 [Test worker] DEBUG org.apache.axis.description.OperationDesc - @5000d34e added parameter >name:       password
typeEntry:  null
mode:       IN
position:   1
isReturn:   false
typeQName:  {http://www.w3.org/2001/XMLSchema}string
javaType:   class java.lang.String
inHeader:   false
outHeader:  false
@4f623146<total parameters:2
20:34:16.150 [Test worker] DEBUG org.apache.axis.description.OperationDesc - @5000d34e added parameter >name:       project_id
typeEntry:  null
mode:       IN
position:   2
isReturn:   false
typeQName:  {http://www.w3.org/2001/XMLSchema}integer
javaType:   class java.math.BigInteger
inHeader:   false
outHeader:  false
@5df04c17<total parameters:3
20:34:16.150 [Test worker] DEBUG org.apache.axis.description.OperationDesc - @5000d34esetReturnType({http://futureware.biz/mantisconnect}ProjectVersionDataArray)
20:34:16.150 [Test worker] DEBUG org.apache.axis.description.OperationDesc - @bbc7e44 added parameter >name:       username
typeEntry:  null
mode:       IN
position:   0
isReturn:   false
typeQName:  {http://www.w3.org/2001/XMLSchema}string
javaType:   class java.lang.String
inHeader:   false
outHeader:  false
@67abf379<total parameters:1
20:34:16.152 [Test worker] DEBUG org.apache.axis.description.OperationDesc - @bbc7e44 added parameter >name:       password
typeEntry:  null
mode:       IN
position:   1
isReturn:   false
typeQName:  {http://www.w3.org/2001/XMLSchema}string
javaType:   class java.lang.String
inHeader:   false
outHeader:  false
@399d06cb<total parameters:2
20:34:16.153 [Test worker] DEBUG org.apache.axis.description.OperationDesc - @bbc7e44 added parameter >name:       project_id
typeEntry:  null
mode:       IN
position:   2
isReturn:   false
typeQName:  {http://www.w3.org/2001/XMLSchema}integer
javaType:   class java.math.BigInteger
inHeader:   false
outHeader:  false
@66d2651b<total parameters:3
20:34:16.157 [Test worker] DEBUG org.apache.axis.description.OperationDesc - @bbc7e44setReturnType({http://futureware.biz/mantisconnect}ProjectAttachmentDataArray)
20:34:16.158 [Test worker] DEBUG org.apache.axis.description.OperationDesc - @6706801d added parameter >name:       username
typeEntry:  null
mode:       IN
position:   0
isReturn:   false
typeQName:  {http://www.w3.org/2001/XMLSchema}string
javaType:   class java.lang.String
inHeader:   false
outHeader:  false
@1289db5b<total parameters:1
20:34:16.158 [Test worker] DEBUG org.apache.axis.description.OperationDesc - @6706801d added parameter >name:       password
typeEntry:  null
mode:       IN
position:   1
isReturn:   false
typeQName:  {http://www.w3.org/2001/XMLSchema}string
javaType:   class java.lang.String
inHeader:   false
outHeader:  false
@3f1ec260<total parameters:2
20:34:16.158 [Test worker] DEBUG org.apache.axis.description.OperationDesc - @6706801d added parameter >name:       project_id
typeEntry:  null
mode:       IN
position:   2
isReturn:   false
typeQName:  {http://www.w3.org/2001/XMLSchema}integer
javaType:   class java.math.BigInteger
inHeader:   false
outHeader:  false
@6a2d788f<total parameters:3
20:34:16.158 [Test worker] DEBUG org.apache.axis.description.OperationDesc - @6706801dsetReturnType({http://futureware.biz/mantisconnect}CustomFieldDefinitionDataArray)
20:34:16.160 [Test worker] DEBUG org.apache.axis.description.OperationDesc - @2c339fd4 added parameter >name:       username
typeEntry:  null
mode:       IN
position:   0
isReturn:   false
typeQName:  {http://www.w3.org/2001/XMLSchema}string
javaType:   class java.lang.String
inHeader:   false
outHeader:  false
@2ddb73dd<total parameters:1
20:34:16.160 [Test worker] DEBUG org.apache.axis.description.OperationDesc - @2c339fd4 added parameter >name:       password
typeEntry:  null
mode:       IN
position:   1
isReturn:   false
typeQName:  {http://www.w3.org/2001/XMLSchema}string
javaType:   class java.lang.String
inHeader:   false
outHeader:  false
@5487b03a<total parameters:2
20:34:16.160 [Test worker] DEBUG org.apache.axis.description.OperationDesc - @2c339fd4 added parameter >name:       project_attachment_id
typeEntry:  null
mode:       IN
position:   2
isReturn:   false
typeQName:  {http://www.w3.org/2001/XMLSchema}integer
javaType:   class java.math.BigInteger
inHeader:   false
outHeader:  false
@bc9b7ee<total parameters:3
20:34:16.160 [Test worker] DEBUG org.apache.axis.description.OperationDesc - @2c339fd4setReturnType({http://www.w3.org/2001/XMLSchema}base64Binary)
20:34:16.161 [Test worker] DEBUG org.apache.axis.description.OperationDesc - @3bb4547c added parameter >name:       username
typeEntry:  null
mode:       IN
position:   0
isReturn:   false
typeQName:  {http://www.w3.org/2001/XMLSchema}string
javaType:   class java.lang.String
inHeader:   false
outHeader:  false
@4d078d4c<total parameters:1
20:34:16.161 [Test worker] DEBUG org.apache.axis.description.OperationDesc - @3bb4547c added parameter >name:       password
typeEntry:  null
mode:       IN
position:   1
isReturn:   false
typeQName:  {http://www.w3.org/2001/XMLSchema}string
javaType:   class java.lang.String
inHeader:   false
outHeader:  false
@2468f2b6<total parameters:2
20:34:16.161 [Test worker] DEBUG org.apache.axis.description.OperationDesc - @3bb4547c added parameter >name:       project_id
typeEntry:  null
mode:       IN
position:   2
isReturn:   false
typeQName:  {http://www.w3.org/2001/XMLSchema}integer
javaType:   class java.math.BigInteger
inHeader:   false
outHeader:  false
@62d85712<total parameters:3
20:34:16.161 [Test worker] DEBUG org.apache.axis.description.OperationDesc - @3bb4547c added parameter >name:       name
typeEntry:  null
mode:       IN
position:   3
isReturn:   false
typeQName:  {http://www.w3.org/2001/XMLSchema}string
javaType:   class java.lang.String
inHeader:   false
outHeader:  false
@7b56f881<total parameters:4
20:34:16.161 [Test worker] DEBUG org.apache.axis.description.OperationDesc - @3bb4547c added parameter >name:       title
typeEntry:  null
mode:       IN
position:   4
isReturn:   false
typeQName:  {http://www.w3.org/2001/XMLSchema}string
javaType:   class java.lang.String
[...]
20:34:33.127 [Test worker] DEBUG org.apache.axis.i18n.ProjectResourceBundle - org.apache.axis.i18n.resource::handleGetObject(endElem00)
20:34:33.127 [Test worker] DEBUG org.apache.axis.encoding.SerializationContext - End element ns1:mc_projects_get_user_accessible
20:34:33.127 [Test worker] DEBUG org.apache.axis.i18n.ProjectResourceBundle - org.apache.axis.i18n.resource::handleGetObject(endElem00)
20:34:33.127 [Test worker] DEBUG org.apache.axis.encoding.SerializationContext - End element soapenv:Body
20:34:33.127 [Test worker] DEBUG org.apache.axis.i18n.ProjectResourceBundle - org.apache.axis.i18n.resource::handleGetObject(endElem00)
20:34:33.127 [Test worker] DEBUG org.apache.axis.encoding.SerializationContext - End element soapenv:Envelope
20:34:33.127 [Test worker] DEBUG org.apache.axis.client.Call - <?xml version="1.0" encoding="UTF-8"?><soapenv:Envelope xmlns:soapenv="http://schemas.xmlsoap.org/soap/envelope/" xmlns:xsd="http://www.w3.org/2001/XMLSchema" xmlns:xsi="http://www.w3.org/2001/XMLSchema-instance"><soapenv:Body><ns1:mc_projects_get_user_accessible soapenv:encodingStyle="http://schemas.xmlsoap.org/soap/encoding/" xmlns:ns1="http://futureware.biz/mantisconnect"><username xsi:type="xsd:string">administratot</username><password xsi:type="xsd:string">root</password></ns1:mc_projects_get_user_accessible></soapenv:Body></soapenv:Envelope>
20:34:33.127 [Test worker] DEBUG org.apache.axis.client.AxisClient - Enter: AxisClient::invoke
20:34:33.127 [Test worker] DEBUG org.apache.axis.client.AxisClient - EngineHandler: null
20:34:33.131 [Test worker] DEBUG org.apache.axis.i18n.ProjectResourceBundle - org.apache.axis.i18n.resource::handleGetObject(axisUserAgent)
20:34:33.137 [Test worker] DEBUG org.apache.axis.SimpleChain - Enter: SimpleChain::invoke
20:34:33.137 [Test worker] DEBUG org.apache.axis.i18n.ProjectResourceBundle - org.apache.axis.i18n.resource::handleGetObject(enter00)
20:34:33.137 [Test worker] DEBUG org.apache.axis.transport.http.HTTPSender - Enter:  HTTPSender::invoke
20:34:33.139 [Test worker] DEBUG org.apache.axis.SOAPPart - Enter: SOAPPart::saveChanges
20:34:33.141 [Test worker] DEBUG org.apache.axis.i18n.ProjectResourceBundle - org.apache.axis.i18n.resource::handleGetObject(register00)
20:34:33.142 [Test worker] DEBUG org.apache.axis.encoding.SerializationContext - register 'soapenv' - 'http://schemas.xmlsoap.org/soap/envelope/'
20:34:33.142 [Test worker] DEBUG org.apache.axis.i18n.ProjectResourceBundle - org.apache.axis.i18n.resource::handleGetObject(register00)
20:34:33.142 [Test worker] DEBUG org.apache.axis.encoding.SerializationContext - register 'soapenv' - 'http://schemas.xmlsoap.org/soap/envelope/'
20:34:33.142 [Test worker] DEBUG org.apache.axis.i18n.ProjectResourceBundle - org.apache.axis.i18n.resource::handleGetObject(register00)
20:34:33.142 [Test worker] DEBUG org.apache.axis.encoding.SerializationContext - register 'xsd' - 'http://www.w3.org/2001/XMLSchema'
20:34:33.142 [Test worker] DEBUG org.apache.axis.i18n.ProjectResourceBundle - org.apache.axis.i18n.resource::handleGetObject(register00)
20:34:33.142 [Test worker] DEBUG org.apache.axis.encoding.SerializationContext - register 'xsi' - 'http://www.w3.org/2001/XMLSchema-instance'
20:34:33.142 [Test worker] DEBUG org.apache.axis.i18n.ProjectResourceBundle - org.apache.axis.i18n.resource::handleGetObject(startElem00)
20:34:33.142 [Test worker] DEBUG org.apache.axis.encoding.SerializationContext - Start element [http://schemas.xmlsoap.org/soap/envelope/]:Envelope
20:34:33.142 [Test worker] DEBUG org.apache.axis.i18n.ProjectResourceBundle - org.apache.axis.i18n.resource::handleGetObject(startElem00)
20:34:33.142 [Test worker] DEBUG org.apache.axis.encoding.SerializationContext - Start element [http://schemas.xmlsoap.org/soap/envelope/]:Body
20:34:33.142 [Test worker] DEBUG org.apache.axis.i18n.ProjectResourceBundle - org.apache.axis.i18n.resource::handleGetObject(startElem00)
20:34:33.142 [Test worker] DEBUG org.apache.axis.encoding.SerializationContext - Start element [http://futureware.biz/mantisconnect]:mc_projects_get_user_accessible
20:34:33.142 [Test worker] DEBUG org.apache.axis.i18n.ProjectResourceBundle - org.apache.axis.i18n.resource::handleGetObject(register00)
20:34:33.142 [Test worker] DEBUG org.apache.axis.encoding.SerializationContext - register 'ns1' - 'http://futureware.biz/mantisconnect'
20:34:33.142 [Test worker] DEBUG org.apache.axis.i18n.ProjectResourceBundle - org.apache.axis.i18n.resource::handleGetObject(startElem00)
20:34:33.143 [Test worker] DEBUG org.apache.axis.encoding.SerializationContext - Start element []:username
20:34:33.143 [Test worker] DEBUG org.apache.axis.i18n.ProjectResourceBundle - org.apache.axis.i18n.resource::handleGetObject(endElem00)
20:34:33.143 [Test worker] DEBUG org.apache.axis.encoding.SerializationContext - End element username
20:34:33.143 [Test worker] DEBUG org.apache.axis.i18n.ProjectResourceBundle - org.apache.axis.i18n.resource::handleGetObject(startElem00)
20:34:33.143 [Test worker] DEBUG org.apache.axis.encoding.SerializationContext - Start element []:password
20:34:33.143 [Test worker] DEBUG org.apache.axis.i18n.ProjectResourceBundle - org.apache.axis.i18n.resource::handleGetObject(endElem00)
20:34:33.143 [Test worker] DEBUG org.apache.axis.encoding.SerializationContext - End element password
20:34:33.143 [Test worker] DEBUG org.apache.axis.i18n.ProjectResourceBundle - org.apache.axis.i18n.resource::handleGetObject(endElem00)
20:34:33.143 [Test worker] DEBUG org.apache.axis.encoding.SerializationContext - End element ns1:mc_projects_get_user_accessible
20:34:33.143 [Test worker] DEBUG org.apache.axis.i18n.ProjectResourceBundle - org.apache.axis.i18n.resource::handleGetObject(endElem00)
20:34:33.143 [Test worker] DEBUG org.apache.axis.encoding.SerializationContext - End element soapenv:Body
20:34:33.143 [Test worker] DEBUG org.apache.axis.i18n.ProjectResourceBundle - org.apache.axis.i18n.resource::handleGetObject(endElem00)
20:34:33.143 [Test worker] DEBUG org.apache.axis.encoding.SerializationContext - End element soapenv:Envelope
20:34:33.143 [Test worker] DEBUG org.apache.axis.i18n.ProjectResourceBundle - org.apache.axis.i18n.resource::handleGetObject(setMsgForm)
20:34:33.144 [Test worker] DEBUG org.apache.axis.SOAPPart - Setting current message form to: FORM_OPTIMIZED (currentMessage is now org.apache.axis.utils.ByteArray)
20:34:33.144 [Test worker] DEBUG org.apache.axis.SOAPPart - Exit: SOAPPart::saveChanges(): org.apache.axis.utils.ByteArray@94dc694
20:34:33.144 [Test worker] DEBUG org.apache.axis.SOAPPart - Enter: SOAPPart::saveChanges
20:34:33.144 [Test worker] DEBUG org.apache.axis.SOAPPart - Enter: SOAPPart::saveChanges
20:34:33.156 [Test worker] DEBUG org.apache.axis.i18n.ProjectResourceBundle - org.apache.axis.i18n.resource::handleGetObject(createdHTTP00)
20:34:33.156 [Test worker] DEBUG org.apache.axis.components.net.DefaultSocketFactory - Created an insecure HTTP connection
20:34:33.156 [Test worker] DEBUG org.apache.axis.i18n.ProjectResourceBundle - org.apache.axis.i18n.resource::handleGetObject(xmlSent00)
20:34:33.156 [Test worker] DEBUG org.apache.axis.transport.http.HTTPSender - XML sent:
20:34:33.156 [Test worker] DEBUG org.apache.axis.transport.http.HTTPSender - ---------------------------------------------------
20:34:33.156 [Test worker] DEBUG org.apache.axis.SOAPPart - Enter: SOAPPart::saveChanges
20:34:33.157 [Test worker] DEBUG org.apache.axis.transport.http.HTTPSender - POST /mantisbt-2.24.0/api/soap/mantisconnect.php HTTP/1.0
Content-Type: text/xml; charset=utf-8
Accept: application/soap+xml, application/dime, multipart/related, text/*
User-Agent: Axis/1.4
Host: localhost
Cache-Control: no-cache
Pragma: no-cache
SOAPAction: "http://www.mantisbt.org/bugs/api/soap/mantisconnect.php/mc_projects_get_user_accessible"
Content-Length: 553

<?xml version="1.0" encoding="UTF-8"?><soapenv:Envelope xmlns:soapenv="http://schemas.xmlsoap.org/soap/envelope/" xmlns:xsd="http://www.w3.org/2001/XMLSchema" xmlns:xsi="http://www.w3.org/2001/XMLSchema-instance"><soapenv:Body><ns1:mc_projects_get_user_accessible soapenv:encodingStyle="http://schemas.xmlsoap.org/soap/encoding/" xmlns:ns1="http://futureware.biz/mantisconnect"><username xsi:type="xsd:string">administratot</username><password xsi:type="xsd:string">root</password></ns1:mc_projects_get_user_accessible></soapenv:Body></soapenv:Envelope>
20:34:33.260 [Test worker] DEBUG org.apache.axis.transport.http.HTTPSender - HTTP/1.1 200 OK
20:34:33.260 [Test worker] DEBUG org.apache.axis.transport.http.HTTPSender - Date Sat, 04 Apr 2020 17:34:33 GMT
20:34:33.260 [Test worker] DEBUG org.apache.axis.transport.http.HTTPSender - Server Apache/2.4.41 (Win64) OpenSSL/1.1.1c PHP/7.4.2
20:34:33.260 [Test worker] DEBUG org.apache.axis.transport.http.HTTPSender - X-Powered-By PHP/7.4.2
20:34:33.260 [Test worker] DEBUG org.apache.axis.transport.http.HTTPSender - Set-Cookie PHPSESSID=u2t2ievki2p21j38gp6j7vmfff; path=/; HttpOnly
20:34:33.260 [Test worker] DEBUG org.apache.axis.transport.http.HTTPSender - Cache-Control private, max-age=10800
20:34:33.260 [Test worker] DEBUG org.apache.axis.transport.http.HTTPSender - Last-Modified Sun, 29 Mar 2020 07:04:47 GMT
20:34:33.260 [Test worker] DEBUG org.apache.axis.transport.http.HTTPSender - Content-Length 34
20:34:33.260 [Test worker] DEBUG org.apache.axis.transport.http.HTTPSender - Connection close
20:34:33.260 [Test worker] DEBUG org.apache.axis.transport.http.HTTPSender - Content-Type text/html; charset=UTF-8
20:34:33.261 [Test worker] DEBUG org.apache.axis.SOAPPart - Enter: SOAPPart ctor(FORM_INPUTSTREAM)
20:34:33.261 [Test worker] DEBUG org.apache.axis.i18n.ProjectResourceBundle - org.apache.axis.i18n.resource::handleGetObject(setMsgForm)
20:34:33.261 [Test worker] DEBUG org.apache.axis.SOAPPart - Setting current message form to: FORM_INPUTSTREAM (currentMessage is now org.apache.axis.transport.http.SocketInputStream)
20:34:33.261 [Test worker] DEBUG org.apache.axis.SOAPPart - Exit: SOAPPart ctor()
20:34:33.261 [Test worker] DEBUG org.apache.axis.i18n.ProjectResourceBundle - org.apache.axis.i18n.resource::handleGetObject(xmlRecd00)
20:34:33.261 [Test worker] DEBUG org.apache.axis.transport.http.HTTPSender - 
XML received:
20:34:33.261 [Test worker] DEBUG org.apache.axis.transport.http.HTTPSender - -----------------------------------------------
20:34:33.261 [Test worker] DEBUG org.apache.axis.SOAPPart - Enter: SOAPPart::getAsSOAPEnvelope()
20:34:33.261 [Test worker] DEBUG org.apache.axis.i18n.ProjectResourceBundle - org.apache.axis.i18n.resource::handleGetObject(currForm)
20:34:33.261 [Test worker] DEBUG org.apache.axis.SOAPPart - current form is FORM_INPUTSTREAM
20:34:33.270 [Test worker] DEBUG org.apache.axis.i18n.ProjectResourceBundle - org.apache.axis.i18n.resource::handleGetObject(pushHandler00)
20:34:33.271 [Test worker] DEBUG org.apache.axis.encoding.DeserializationContext - Pushing handler org.apache.axis.message.EnvelopeHandler@55946e08
20:34:33.286 [Test worker] DEBUG org.apache.axis.transport.http.HTTPSender - org.xml.sax.SAXParseException; lineNumber: 1; columnNumber: 1; Content is not allowed in prolog.
20:34:33.286 [Test worker] DEBUG org.apache.axis.SOAPPart - Enter: SOAPPart ctor(FORM_FAULT)
20:34:33.286 [Test worker] DEBUG org.apache.axis.i18n.ProjectResourceBundle - org.apache.axis.i18n.resource::handleGetObject(setMsgForm)
20:34:33.286 [Test worker] DEBUG org.apache.axis.SOAPPart - Setting current message form to: FORM_FAULT (currentMessage is now org.apache.axis.AxisFault)
20:34:33.286 [Test worker] DEBUG org.apache.axis.SOAPPart - Exit: SOAPPart ctor()
20:34:33.286 [Test worker] DEBUG org.apache.axis.i18n.ProjectResourceBundle - org.apache.axis.i18n.resource::handleGetObject(toAxisFault00)
20:34:33.287 [Test worker] DEBUG org.apache.axis.enterprise - Mapping Exception to AxisFault
org.apache.axis.AxisFault: ; nested exception is: 
	org.xml.sax.SAXParseException; lineNumber: 1; columnNumber: 1; Content is not allowed in prolog.
	at org.apache.axis.AxisFault.makeFault(AxisFault.java:101)
	at org.apache.axis.SOAPPart.getAsSOAPEnvelope(SOAPPart.java:701)
	at org.apache.axis.Message.getSOAPEnvelope(Message.java:435)
	at org.apache.axis.transport.http.HTTPSender.readFromSocket(HTTPSender.java:796)
	at org.apache.axis.transport.http.HTTPSender.invoke(HTTPSender.java:144)
	at org.apache.axis.strategies.InvocationStrategy.visit(InvocationStrategy.java:32)
	at org.apache.axis.SimpleChain.doVisiting(SimpleChain.java:118)
	at org.apache.axis.SimpleChain.invoke(SimpleChain.java:83)
	at org.apache.axis.client.AxisClient.invoke(AxisClient.java:165)
	at org.apache.axis.client.Call.invokeEngine(Call.java:2784)
	at org.apache.axis.client.Call.invoke(Call.java:2767)
	at org.apache.axis.client.Call.invoke(Call.java:2443)
	at org.apache.axis.client.Call.invoke(Call.java:2366)
	at org.apache.axis.client.Call.invoke(Call.java:1812)
	at biz.futureware.mantis.rpc.soap.client.MantisConnectBindingStub.mc_projects_get_user_accessible(MantisConnectBindingStub.java:2750)
	at dd.pyrkova.mantis.appmanager.SoapHelper.getProjects(SoapHelper.java:26)
	at dd.pyrkova.mantis.tests.SoapTests.testGetProjects(SoapTests.java:16)
	at sun.reflect.NativeMethodAccessorImpl.invoke0(Native Method)
	at sun.reflect.NativeMethodAccessorImpl.invoke(NativeMethodAccessorImpl.java:62)
	at sun.reflect.DelegatingMethodAccessorImpl.invoke(DelegatingMethodAccessorImpl.java:43)
	at java.lang.reflect.Method.invoke(Method.java:498)
	at org.testng.internal.MethodInvocationHelper.invokeMethod(MethodInvocationHelper.java:134)
	at org.testng.internal.TestInvoker.invokeMethod(TestInvoker.java:597)
	at org.testng.internal.TestInvoker.invokeTestMethod(TestInvoker.java:173)
	at org.testng.internal.MethodRunner.runInSequence(MethodRunner.java:46)
	at org.testng.internal.TestInvoker$MethodInvocationAgent.invoke(TestInvoker.java:816)
	at org.testng.internal.TestInvoker.invokeTestMethods(TestInvoker.java:146)
	at org.testng.internal.TestMethodWorker.invokeTestMethods(TestMethodWorker.java:146)
	at org.testng.internal.TestMethodWorker.run(TestMethodWorker.java:128)
	at java.util.ArrayList.forEach(ArrayList.java:1257)
	at org.testng.TestRunner.privateRun(TestRunner.java:766)
	at org.testng.TestRunner.run(TestRunner.java:587)
	at org.testng.SuiteRunner.runTest(SuiteRunner.java:384)
	at org.testng.SuiteRunner.runSequentially(SuiteRunner.java:378)
	at org.testng.SuiteRunner.privateRun(SuiteRunner.java:337)
	at org.testng.SuiteRunner.run(SuiteRunner.java:286)
	at org.testng.SuiteRunnerWorker.runSuite(SuiteRunnerWorker.java:53)
	at org.testng.SuiteRunnerWorker.run(SuiteRunnerWorker.java:96)
	at org.testng.TestNG.runSuitesSequentially(TestNG.java:1187)
	at org.testng.TestNG.runSuitesLocally(TestNG.java:1109)
	at org.testng.TestNG.runSuites(TestNG.java:1039)
	at org.testng.TestNG.run(TestNG.java:1007)
	at org.gradle.api.internal.tasks.testing.testng.TestNGTestClassProcessor.runTests(TestNGTestClassProcessor.java:141)
	at org.gradle.api.internal.tasks.testing.testng.TestNGTestClassProcessor.stop(TestNGTestClassProcessor.java:90)
	at org.gradle.api.internal.tasks.testing.SuiteTestClassProcessor.stop(SuiteTestClassProcessor.java:61)
	at sun.reflect.NativeMethodAccessorImpl.invoke0(Native Method)
	at sun.reflect.NativeMethodAccessorImpl.invoke(NativeMethodAccessorImpl.java:62)
	at sun.reflect.DelegatingMethodAccessorImpl.invoke(DelegatingMethodAccessorImpl.java:43)
	at java.lang.reflect.Method.invoke(Method.java:498)
	at org.gradle.internal.dispatch.ReflectionDispatch.dispatch(ReflectionDispatch.java:36)
	at org.gradle.internal.dispatch.ReflectionDispatch.dispatch(ReflectionDispatch.java:24)
	at org.gradle.internal.dispatch.ContextClassLoaderDispatch.dispatch(ContextClassLoaderDispatch.java:33)
	at org.gradle.internal.dispatch.ProxyDispatchAdapter$DispatchingInvocationHandler.invoke(ProxyDispatchAdapter.java:94)
	at com.sun.proxy.$Proxy2.stop(Unknown Source)
	at org.gradle.api.internal.tasks.testing.worker.TestWorker.stop(TestWorker.java:132)
	at sun.reflect.NativeMethodAccessorImpl.invoke0(Native Method)
	at sun.reflect.NativeMethodAccessorImpl.invoke(NativeMethodAccessorImpl.java:62)
	at sun.reflect.DelegatingMethodAccessorImpl.invoke(DelegatingMethodAccessorImpl.java:43)
	at java.lang.reflect.Method.invoke(Method.java:498)
	at org.gradle.internal.dispatch.ReflectionDispatch.dispatch(ReflectionDispatch.java:36)
	at org.gradle.internal.dispatch.ReflectionDispatch.dispatch(ReflectionDispatch.java:24)
	at org.gradle.internal.remote.internal.hub.MessageHubBackedObjectConnection$DispatchWrapper.dispatch(MessageHubBackedObjectConnection.java:182)
	at org.gradle.internal.remote.internal.hub.MessageHubBackedObjectConnection$DispatchWrapper.dispatch(MessageHubBackedObjectConnection.java:164)
	at org.gradle.internal.remote.internal.hub.MessageHub$Handler.run(MessageHub.java:412)
	at org.gradle.internal.concurrent.ExecutorPolicy$CatchAndRecordFailures.onExecute(ExecutorPolicy.java:64)
	at org.gradle.internal.concurrent.ManagedExecutorImpl$1.run(ManagedExecutorImpl.java:48)
	at java.util.concurrent.ThreadPoolExecutor.runWorker(ThreadPoolExecutor.java:1149)
	at java.util.concurrent.ThreadPoolExecutor$Worker.run(ThreadPoolExecutor.java:624)
	at org.gradle.internal.concurrent.ThreadFactoryImpl$ManagedThreadRunnable.run(ThreadFactoryImpl.java:56)
	at java.lang.Thread.run(Thread.java:748)
Caused by: org.xml.sax.SAXParseException: Content is not allowed in prolog.
	at com.sun.org.apache.xerces.internal.util.ErrorHandlerWrapper.createSAXParseException(ErrorHandlerWrapper.java:203)
	at com.sun.org.apache.xerces.internal.util.ErrorHandlerWrapper.fatalError(ErrorHandlerWrapper.java:177)
	at com.sun.org.apache.xerces.internal.impl.XMLErrorReporter.reportError(XMLErrorReporter.java:400)
	at com.sun.org.apache.xerces.internal.impl.XMLErrorReporter.reportError(XMLErrorReporter.java:327)
	at com.sun.org.apache.xerces.internal.impl.XMLScanner.reportFatalError(XMLScanner.java:1472)
	at com.sun.org.apache.xerces.internal.impl.XMLDocumentScannerImpl$PrologDriver.next(XMLDocumentScannerImpl.java:994)
	at com.sun.org.apache.xerces.internal.impl.XMLDocumentScannerImpl.next(XMLDocumentScannerImpl.java:602)
	at com.sun.org.apache.xerces.internal.impl.XMLNSDocumentScannerImpl.next(XMLNSDocumentScannerImpl.java:112)
	at com.sun.org.apache.xerces.internal.impl.XMLDocumentFragmentScannerImpl.scanDocument(XMLDocumentFragmentScannerImpl.java:505)
	at com.sun.org.apache.xerces.internal.parsers.XML11Configuration.parse(XML11Configuration.java:842)
	at com.sun.org.apache.xerces.internal.parsers.XML11Configuration.parse(XML11Configuration.java:771)
	at com.sun.org.apache.xerces.internal.parsers.XMLParser.parse(XMLParser.java:141)
	at com.sun.org.apache.xerces.internal.parsers.AbstractSAXParser.parse(AbstractSAXParser.java:1213)
	at com.sun.org.apache.xerces.internal.jaxp.SAXParserImpl$JAXPSAXParser.parse(SAXParserImpl.java:643)
	at com.sun.org.apache.xerces.internal.jaxp.SAXParserImpl.parse(SAXParserImpl.java:327)
	at org.apache.axis.encoding.DeserializationContext.parse(DeserializationContext.java:227)
	at org.apache.axis.SOAPPart.getAsSOAPEnvelope(SOAPPart.java:696)
	... 68 common frames omitted
]]></system-out>
  <system-err><![CDATA[SLF4J: Class path contains multiple SLF4J bindings.
SLF4J: Found binding in [jar:file:/C:/Users/dpyrk/.gradle/caches/modules-2/files-2.1/ch.qos.logback/logback-classic/1.2.3/7c4f3c474fb2c041d8028740440937705ebb473a/logback-classic-1.2.3.jar!/org/slf4j/impl/StaticLoggerBinder.class]
SLF4J: Found binding in [jar:file:/C:/Users/dpyrk/.gradle/caches/modules-2/files-2.1/com.cisco.oss.foundation/logging-log4j/1.0.2-1/6a30195bf21e825693673fd5373a8ab4a48fc251/logging-log4j-1.0.2-1.jar!/org/slf4j/impl/StaticLoggerBinder.class]
SLF4J: See http://www.slf4j.org/codes.html#multiple_bindings for an explanation.
SLF4J: Actual binding is of type [ch.qos.logback.classic.util.ContextSelectorStaticBinder]
]]></system-err>
</testsuite>
