<?xml version="1.0" encoding="UTF-8"?>
<testsuite name="dd.pyrkova.mantis.tests.SoapTests" tests="2" skipped="1" failures="0" errors="0" timestamp="2020-04-04T20:29:05" hostname="CONGO" time="1.589">
  <properties/>
  <testcase name="testCreateIssue" classname="dd.pyrkova.mantis.tests.SoapTests" time="1.419"/>
  <testcase name="testGetProjects" classname="dd.pyrkova.mantis.tests.SoapTests" time="0.16">
    <skipped/>
  </testcase>
  <system-out><![CDATA[23:29:05.101 [Test worker] DEBUG org.apache.axis.i18n.ProjectResourceBundle - getBundle(org.apache.axis,org.apache.axis.i18n,resource,null,...)
23:29:05.111 [Test worker] DEBUG org.apache.axis.i18n.ProjectResourceBundle - loadBundle: Ignoring MissingResourceException: Can't find bundle for base name org.apache.axis.resource, locale ru_RU
23:29:05.111 [Test worker] DEBUG org.apache.axis.i18n.ProjectResourceBundle - Created org.apache.axis.i18n.resource, linked to parent null
23:29:05.112 [Test worker] DEBUG org.apache.axis.i18n.ProjectResourceBundle - getBundle(org.apache.axis,org.apache.axis.utils,resource,null,...)
23:29:05.114 [Test worker] DEBUG org.apache.axis.i18n.ProjectResourceBundle - loadBundle: Ignoring MissingResourceException: Can't find bundle for base name org.apache.axis.utils.resource, locale ru_RU
23:29:05.115 [Test worker] DEBUG org.apache.axis.i18n.ProjectResourceBundle - loadBundle: Ignoring MissingResourceException: Can't find bundle for base name org.apache.axis.resource, locale ru_RU
23:29:05.115 [Test worker] DEBUG org.apache.axis.i18n.ProjectResourceBundle - Root package not found, cross link to org.apache.axis.i18n.resource
23:29:05.115 [Test worker] DEBUG org.apache.axis.i18n.ProjectResourceBundle - Root package not found, cross link to org.apache.axis.i18n.resource
23:29:05.115 [Test worker] DEBUG org.apache.axis.i18n.ProjectResourceBundle - org.apache.axis.i18n.resource::handleGetObject(engineConfigLoadFactory)
23:29:05.116 [Test worker] DEBUG org.apache.axis.configuration.EngineConfigurationFactoryFinder - Factory org.apache.axis.configuration.EngineConfigurationFactoryServlet Ignored: unable to load/resolve class.
23:29:05.116 [Test worker] DEBUG org.apache.axis.i18n.ProjectResourceBundle - org.apache.axis.i18n.resource::handleGetObject(engineFactory)
23:29:05.116 [Test worker] DEBUG org.apache.axis.configuration.EngineConfigurationFactoryFinder - Got EngineFactory: org.apache.axis.configuration.EngineConfigurationFactoryDefault
23:29:05.118 [Test worker] DEBUG org.apache.axis.AxisEngine - Enter: AxisEngine::init
23:29:05.192 [Test worker] DEBUG org.apache.axis.i18n.ProjectResourceBundle - org.apache.axis.i18n.resource::handleGetObject(attachEnabled)
23:29:05.192 [Test worker] DEBUG org.apache.axis.utils.JavaUtils - Attachment support is enabled?  true
23:29:05.205 [Test worker] DEBUG org.apache.axis.encoding.ser.JAFDataHandlerDeserializerFactory - Enter/Exit: JAFDataHandlerDeserializerFactory(class java.lang.String, {http://xml.apache.org/xml-soap}PlainText)
23:29:05.206 [Test worker] DEBUG org.apache.axis.i18n.ProjectResourceBundle - org.apache.axis.i18n.resource::handleGetObject(oddDigits00)
23:29:05.207 [Test worker] DEBUG org.apache.axis.i18n.ProjectResourceBundle - org.apache.axis.i18n.resource::handleGetObject(badChars01)
23:29:05.239 [Test worker] DEBUG org.apache.axis.encoding.ser.JAFDataHandlerDeserializerFactory - Enter/Exit: JAFDataHandlerDeserializerFactory(class java.awt.Image, {http://xml.apache.org/xml-soap}Image)
23:29:05.240 [Test worker] DEBUG org.apache.axis.encoding.ser.JAFDataHandlerDeserializerFactory - Enter/Exit: JAFDataHandlerDeserializerFactory(class javax.mail.internet.MimeMultipart, {http://xml.apache.org/xml-soap}Multipart)
23:29:05.241 [Test worker] DEBUG org.apache.axis.encoding.ser.JAFDataHandlerDeserializerFactory - Enter/Exit: JAFDataHandlerDeserializerFactory(interface javax.xml.transform.Source, {http://xml.apache.org/xml-soap}Source)
23:29:05.243 [Test worker] DEBUG org.apache.axis.encoding.ser.JAFDataHandlerDeserializerFactory - Enter/Exit: JAFDataHandlerDeserializerFactory(class org.apache.axis.attachments.OctetStream, {http://xml.apache.org/xml-soap}octet-stream)
23:29:05.243 [Test worker] DEBUG org.apache.axis.encoding.ser.JAFDataHandlerDeserializerFactory - Enter/Exit: JAFDataHandlerDeserializerFactory()
23:29:05.271 [Test worker] DEBUG org.apache.axis.AxisEngine - Exit: AxisEngine::init
23:29:05.286 [Test worker] DEBUG org.apache.axis.description.OperationDesc - @ab93ff6setReturnType({http://www.w3.org/2001/XMLSchema}string)
23:29:05.289 [Test worker] DEBUG org.apache.axis.description.OperationDesc - @2beeff7 added parameter >name:       username
typeEntry:  null
mode:       IN
position:   0
isReturn:   false
typeQName:  {http://www.w3.org/2001/XMLSchema}string
javaType:   class java.lang.String
inHeader:   false
outHeader:  false
@585e7a4d<total parameters:1
23:29:05.289 [Test worker] DEBUG org.apache.axis.description.OperationDesc - @2beeff7 added parameter >name:       password
typeEntry:  null
mode:       IN
position:   1
isReturn:   false
typeQName:  {http://www.w3.org/2001/XMLSchema}string
javaType:   class java.lang.String
inHeader:   false
outHeader:  false
@12d92153<total parameters:2
23:29:05.289 [Test worker] DEBUG org.apache.axis.description.OperationDesc - @2beeff7setReturnType({http://futureware.biz/mantisconnect}UserData)
23:29:05.290 [Test worker] DEBUG org.apache.axis.description.OperationDesc - @48b60f98 added parameter >name:       username
typeEntry:  null
mode:       IN
position:   0
isReturn:   false
typeQName:  {http://www.w3.org/2001/XMLSchema}string
javaType:   class java.lang.String
inHeader:   false
outHeader:  false
@13be6c64<total parameters:1
23:29:05.291 [Test worker] DEBUG org.apache.axis.description.OperationDesc - @48b60f98 added parameter >name:       password
typeEntry:  null
mode:       IN
position:   1
isReturn:   false
typeQName:  {http://www.w3.org/2001/XMLSchema}string
javaType:   class java.lang.String
inHeader:   false
outHeader:  false
@2d6b1443<total parameters:2
23:29:05.291 [Test worker] DEBUG org.apache.axis.description.OperationDesc - @48b60f98setReturnType({http://futureware.biz/mantisconnect}ObjectRefArray)
23:29:05.291 [Test worker] DEBUG org.apache.axis.description.OperationDesc - @5af7c387 added parameter >name:       username
typeEntry:  null
mode:       IN
position:   0
isReturn:   false
typeQName:  {http://www.w3.org/2001/XMLSchema}string
javaType:   class java.lang.String
inHeader:   false
outHeader:  false
@2fcb1d96<total parameters:1
23:29:05.292 [Test worker] DEBUG org.apache.axis.description.OperationDesc - @5af7c387 added parameter >name:       password
typeEntry:  null
mode:       IN
position:   1
isReturn:   false
typeQName:  {http://www.w3.org/2001/XMLSchema}string
javaType:   class java.lang.String
inHeader:   false
outHeader:  false
@2f749f29<total parameters:2
23:29:05.292 [Test worker] DEBUG org.apache.axis.description.OperationDesc - @5af7c387setReturnType({http://futureware.biz/mantisconnect}ObjectRefArray)
23:29:05.292 [Test worker] DEBUG org.apache.axis.description.OperationDesc - @47f99a54 added parameter >name:       username
typeEntry:  null
mode:       IN
position:   0
isReturn:   false
typeQName:  {http://www.w3.org/2001/XMLSchema}string
javaType:   class java.lang.String
inHeader:   false
outHeader:  false
@237682d7<total parameters:1
23:29:05.292 [Test worker] DEBUG org.apache.axis.description.OperationDesc - @47f99a54 added parameter >name:       password
typeEntry:  null
mode:       IN
position:   1
isReturn:   false
typeQName:  {http://www.w3.org/2001/XMLSchema}string
javaType:   class java.lang.String
inHeader:   false
outHeader:  false
@54260c82<total parameters:2
23:29:05.293 [Test worker] DEBUG org.apache.axis.description.OperationDesc - @47f99a54setReturnType({http://futureware.biz/mantisconnect}ObjectRefArray)
23:29:05.293 [Test worker] DEBUG org.apache.axis.description.OperationDesc - @5fa05cf8 added parameter >name:       username
typeEntry:  null
mode:       IN
position:   0
isReturn:   false
typeQName:  {http://www.w3.org/2001/XMLSchema}string
javaType:   class java.lang.String
inHeader:   false
outHeader:  false
@54004662<total parameters:1
23:29:05.293 [Test worker] DEBUG org.apache.axis.description.OperationDesc - @5fa05cf8 added parameter >name:       password
typeEntry:  null
mode:       IN
position:   1
isReturn:   false
typeQName:  {http://www.w3.org/2001/XMLSchema}string
javaType:   class java.lang.String
inHeader:   false
outHeader:  false
@43f7060f<total parameters:2
23:29:05.293 [Test worker] DEBUG org.apache.axis.description.OperationDesc - @5fa05cf8setReturnType({http://futureware.biz/mantisconnect}ObjectRefArray)
23:29:05.293 [Test worker] DEBUG org.apache.axis.description.OperationDesc - @27d150ef added parameter >name:       username
typeEntry:  null
mode:       IN
position:   0
isReturn:   false
typeQName:  {http://www.w3.org/2001/XMLSchema}string
javaType:   class java.lang.String
inHeader:   false
outHeader:  false
@7acb8f71<total parameters:1
23:29:05.294 [Test worker] DEBUG org.apache.axis.description.OperationDesc - @27d150ef added parameter >name:       password
typeEntry:  null
mode:       IN
position:   1
isReturn:   false
typeQName:  {http://www.w3.org/2001/XMLSchema}string
javaType:   class java.lang.String
inHeader:   false
outHeader:  false
@2c2ee51c<total parameters:2
23:29:05.294 [Test worker] DEBUG org.apache.axis.description.OperationDesc - @27d150efsetReturnType({http://futureware.biz/mantisconnect}ObjectRefArray)
23:29:05.294 [Test worker] DEBUG org.apache.axis.description.OperationDesc - @571249e8 added parameter >name:       username
typeEntry:  null
mode:       IN
position:   0
isReturn:   false
typeQName:  {http://www.w3.org/2001/XMLSchema}string
javaType:   class java.lang.String
inHeader:   false
outHeader:  false
@7ae93dcd<total parameters:1
23:29:05.294 [Test worker] DEBUG org.apache.axis.description.OperationDesc - @571249e8 added parameter >name:       password
typeEntry:  null
mode:       IN
position:   1
isReturn:   false
typeQName:  {http://www.w3.org/2001/XMLSchema}string
javaType:   class java.lang.String
inHeader:   false
outHeader:  false
@5c7f95e6<total parameters:2
23:29:05.294 [Test worker] DEBUG org.apache.axis.description.OperationDesc - @571249e8setReturnType({http://futureware.biz/mantisconnect}ObjectRefArray)
23:29:05.294 [Test worker] DEBUG org.apache.axis.description.OperationDesc - @7a28d70 added parameter >name:       username
typeEntry:  null
mode:       IN
position:   0
isReturn:   false
typeQName:  {http://www.w3.org/2001/XMLSchema}string
javaType:   class java.lang.String
inHeader:   false
outHeader:  false
@423ad965<total parameters:1
23:29:05.295 [Test worker] DEBUG org.apache.axis.description.OperationDesc - @7a28d70 added parameter >name:       password
typeEntry:  null
mode:       IN
position:   1
isReturn:   false
typeQName:  {http://www.w3.org/2001/XMLSchema}string
javaType:   class java.lang.String
inHeader:   false
outHeader:  false
@718e93ba<total parameters:2
23:29:05.295 [Test worker] DEBUG org.apache.axis.description.OperationDesc - @7a28d70setReturnType({http://futureware.biz/mantisconnect}ObjectRefArray)
23:29:05.295 [Test worker] DEBUG org.apache.axis.description.OperationDesc - @517ee8c8 added parameter >name:       username
typeEntry:  null
mode:       IN
position:   0
isReturn:   false
typeQName:  {http://www.w3.org/2001/XMLSchema}string
javaType:   class java.lang.String
inHeader:   false
outHeader:  false
@42a4269a<total parameters:1
23:29:05.295 [Test worker] DEBUG org.apache.axis.description.OperationDesc - @517ee8c8 added parameter >name:       password
typeEntry:  null
mode:       IN
position:   1
isReturn:   false
typeQName:  {http://www.w3.org/2001/XMLSchema}string
javaType:   class java.lang.String
inHeader:   false
outHeader:  false
@56412e5a<total parameters:2
23:29:05.295 [Test worker] DEBUG org.apache.axis.description.OperationDesc - @517ee8c8setReturnType({http://futureware.biz/mantisconnect}ObjectRefArray)
23:29:05.296 [Test worker] DEBUG org.apache.axis.description.OperationDesc - @5357746b added parameter >name:       username
typeEntry:  null
mode:       IN
position:   0
isReturn:   false
typeQName:  {http://www.w3.org/2001/XMLSchema}string
javaType:   class java.lang.String
inHeader:   false
outHeader:  false
@75c9ee61<total parameters:1
23:29:05.296 [Test worker] DEBUG org.apache.axis.description.OperationDesc - @5357746b added parameter >name:       password
typeEntry:  null
mode:       IN
position:   1
isReturn:   false
typeQName:  {http://www.w3.org/2001/XMLSchema}string
javaType:   class java.lang.String
inHeader:   false
outHeader:  false
@163a96b4<total parameters:2
23:29:05.296 [Test worker] DEBUG org.apache.axis.description.OperationDesc - @5357746bsetReturnType({http://futureware.biz/mantisconnect}ObjectRefArray)
23:29:05.296 [Test worker] DEBUG org.apache.axis.description.OperationDesc - @495649d7 added parameter >name:       username
typeEntry:  null
mode:       IN
position:   0
isReturn:   false
typeQName:  {http://www.w3.org/2001/XMLSchema}string
javaType:   class java.lang.String
inHeader:   false
outHeader:  false
@214a88ba<total parameters:1
23:29:05.296 [Test worker] DEBUG org.apache.axis.description.OperationDesc - @495649d7 added parameter >name:       password
typeEntry:  null
mode:       IN
position:   1
isReturn:   false
typeQName:  {http://www.w3.org/2001/XMLSchema}string
javaType:   class java.lang.String
inHeader:   false
outHeader:  false
@1b4ad014<total parameters:2
23:29:05.297 [Test worker] DEBUG org.apache.axis.description.OperationDesc - @495649d7setReturnType({http://futureware.biz/mantisconnect}ObjectRefArray)
23:29:05.297 [Test worker] DEBUG org.apache.axis.description.OperationDesc - @59877aff added parameter >name:       username
typeEntry:  null
mode:       IN
position:   0
isReturn:   false
typeQName:  {http://www.w3.org/2001/XMLSchema}string
javaType:   class java.lang.String
inHeader:   false
outHeader:  false
@22e488e9<total parameters:1
23:29:05.297 [Test worker] DEBUG org.apache.axis.description.OperationDesc - @59877aff added parameter >name:       password
typeEntry:  null
mode:       IN
position:   1
isReturn:   false
typeQName:  {http://www.w3.org/2001/XMLSchema}string
javaType:   class java.lang.String
inHeader:   false
outHeader:  false
@579ecb57<total parameters:2
23:29:05.297 [Test worker] DEBUG org.apache.axis.description.OperationDesc - @59877affsetReturnType({http://futureware.biz/mantisconnect}ObjectRefArray)
23:29:05.297 [Test worker] DEBUG org.apache.axis.description.OperationDesc - @1a996bc0 added parameter >name:       username
typeEntry:  null
mode:       IN
position:   0
isReturn:   false
typeQName:  {http://www.w3.org/2001/XMLSchema}string
javaType:   class java.lang.String
inHeader:   false
outHeader:  false
@782bbaee<total parameters:1
23:29:05.297 [Test worker] DEBUG org.apache.axis.description.OperationDesc - @1a996bc0 added parameter >name:       password
typeEntry:  null
mode:       IN
position:   1
isReturn:   false
typeQName:  {http://www.w3.org/2001/XMLSchema}string
javaType:   class java.lang.String
inHeader:   false
outHeader:  false
@7e0ec6c2<total parameters:2
23:29:05.298 [Test worker] DEBUG org.apache.axis.description.OperationDesc - @1a996bc0setReturnType({http://futureware.biz/mantisconnect}ObjectRefArray)
23:29:05.298 [Test worker] DEBUG org.apache.axis.description.OperationDesc - @5feb7e27 added parameter >name:       username
typeEntry:  null
mode:       IN
position:   0
isReturn:   false
typeQName:  {http://www.w3.org/2001/XMLSchema}string
javaType:   class java.lang.String
inHeader:   false
outHeader:  false
@efdd971<total parameters:1
23:29:05.298 [Test worker] DEBUG org.apache.axis.description.OperationDesc - @5feb7e27 added parameter >name:       password
typeEntry:  null
mode:       IN
position:   1
isReturn:   false
typeQName:  {http://www.w3.org/2001/XMLSchema}string
javaType:   class java.lang.String
inHeader:   false
outHeader:  false
@2ba4fe8a<total parameters:2
23:29:05.298 [Test worker] DEBUG org.apache.axis.description.OperationDesc - @5feb7e27 added parameter >name:       enumeration
typeEntry:  null
mode:       IN
position:   2
isReturn:   false
typeQName:  {http://www.w3.org/2001/XMLSchema}string
javaType:   class java.lang.String
inHeader:   false
outHeader:  false
@239415ea<total parameters:3
23:29:05.299 [Test worker] DEBUG org.apache.axis.description.OperationDesc - @5feb7e27setReturnType({http://www.w3.org/2001/XMLSchema}string)
23:29:05.299 [Test worker] DEBUG org.apache.axis.description.OperationDesc - @278a4df9 added parameter >name:       username
typeEntry:  null
mode:       IN
position:   0
isReturn:   false
typeQName:  {http://www.w3.org/2001/XMLSchema}string
javaType:   class java.lang.String
inHeader:   false
outHeader:  false
@47dc2e28<total parameters:1
23:29:05.299 [Test worker] DEBUG org.apache.axis.description.OperationDesc - @278a4df9 added parameter >name:       password
typeEntry:  null
mode:       IN
position:   1
isReturn:   false
typeQName:  {http://www.w3.org/2001/XMLSchema}string
javaType:   class java.lang.String
inHeader:   false
outHeader:  false
@4b80d8f7<total parameters:2
23:29:05.300 [Test worker] DEBUG org.apache.axis.description.OperationDesc - @278a4df9 added parameter >name:       issue_id
typeEntry:  null
mode:       IN
position:   2
isReturn:   false
typeQName:  {http://www.w3.org/2001/XMLSchema}integer
javaType:   class java.math.BigInteger
inHeader:   false
outHeader:  false
@4838af28<total parameters:3
23:29:05.300 [Test worker] DEBUG org.apache.axis.description.OperationDesc - @278a4df9setReturnType({http://www.w3.org/2001/XMLSchema}boolean)
23:29:05.300 [Test worker] DEBUG org.apache.axis.description.OperationDesc - @3da8d653 added parameter >name:       username
typeEntry:  null
mode:       IN
position:   0
isReturn:   false
typeQName:  {http://www.w3.org/2001/XMLSchema}string
javaType:   class java.lang.String
inHeader:   false
outHeader:  false
@1ba302a0<total parameters:1
23:29:05.300 [Test worker] DEBUG org.apache.axis.description.OperationDesc - @3da8d653 added parameter >name:       password
typeEntry:  null
mode:       IN
position:   1
isReturn:   false
typeQName:  {http://www.w3.org/2001/XMLSchema}string
javaType:   class java.lang.String
inHeader:   false
outHeader:  false
@56a92643<total parameters:2
23:29:05.301 [Test worker] DEBUG org.apache.axis.description.OperationDesc - @3da8d653 added parameter >name:       issue_id
typeEntry:  null
mode:       IN
position:   2
isReturn:   false
typeQName:  {http://www.w3.org/2001/XMLSchema}integer
javaType:   class java.math.BigInteger
inHeader:   false
outHeader:  false
@5be58251<total parameters:3
23:29:05.302 [Test worker] DEBUG org.apache.axis.description.OperationDesc - @3da8d653setReturnType({http://futureware.biz/mantisconnect}IssueData)
23:29:05.303 [Test worker] DEBUG org.apache.axis.description.OperationDesc - @3c35cc99 added parameter >name:       username
typeEntry:  null
mode:       IN
position:   0
isReturn:   false
typeQName:  {http://www.w3.org/2001/XMLSchema}string
javaType:   class java.lang.String
inHeader:   false
outHeader:  false
@4bb52644<total parameters:1
23:29:05.307 [Test worker] DEBUG org.apache.axis.description.OperationDesc - @3c35cc99 added parameter >name:       password
typeEntry:  null
mode:       IN
position:   1
isReturn:   false
typeQName:  {http://www.w3.org/2001/XMLSchema}string
javaType:   class java.lang.String
inHeader:   false
outHeader:  false
@4dde8f5f<total parameters:2
23:29:05.307 [Test worker] DEBUG org.apache.axis.description.OperationDesc - @3c35cc99 added parameter >name:       issue_id
typeEntry:  null
mode:       IN
position:   2
isReturn:   false
typeQName:  {http://www.w3.org/2001/XMLSchema}integer
javaType:   class java.math.BigInteger
inHeader:   false
outHeader:  false
@65ab369b<total parameters:3
23:29:05.307 [Test worker] DEBUG org.apache.axis.description.OperationDesc - @3c35cc99setReturnType({http://futureware.biz/mantisconnect}HistoryDataArray)
23:29:05.308 [Test worker] DEBUG org.apache.axis.description.OperationDesc - @2c103185 added parameter >name:       username
typeEntry:  null
mode:       IN
position:   0
isReturn:   false
typeQName:  {http://www.w3.org/2001/XMLSchema}string
javaType:   class java.lang.String
inHeader:   false
outHeader:  false
@1033d572<total parameters:1
23:29:05.308 [Test worker] DEBUG org.apache.axis.description.OperationDesc - @2c103185 added parameter >name:       password
typeEntry:  null
mode:       IN
position:   1
isReturn:   false
typeQName:  {http://www.w3.org/2001/XMLSchema}string
javaType:   class java.lang.String
inHeader:   false
outHeader:  false
@2492a530<total parameters:2
23:29:05.309 [Test worker] DEBUG org.apache.axis.description.OperationDesc - @2c103185 added parameter >name:       project_id
typeEntry:  null
mode:       IN
position:   2
isReturn:   false
typeQName:  {http://www.w3.org/2001/XMLSchema}integer
javaType:   class java.math.BigInteger
inHeader:   false
outHeader:  false
@5ee53c2e<total parameters:3
23:29:05.309 [Test worker] DEBUG org.apache.axis.description.OperationDesc - @2c103185setReturnType({http://www.w3.org/2001/XMLSchema}integer)
23:29:05.309 [Test worker] DEBUG org.apache.axis.description.OperationDesc - @7354a26e added parameter >name:       username
typeEntry:  null
mode:       IN
position:   0
isReturn:   false
typeQName:  {http://www.w3.org/2001/XMLSchema}string
javaType:   class java.lang.String
inHeader:   false
outHeader:  false
@7dc26133<total parameters:1
23:29:05.310 [Test worker] DEBUG org.apache.axis.description.OperationDesc - @7354a26e added parameter >name:       password
typeEntry:  null
mode:       IN
position:   1
isReturn:   false
typeQName:  {http://www.w3.org/2001/XMLSchema}string
javaType:   class java.lang.String
inHeader:   false
outHeader:  false
@4c48e09e<total parameters:2
23:29:05.310 [Test worker] DEBUG org.apache.axis.description.OperationDesc - @7354a26e added parameter >name:       summary
typeEntry:  null
mode:       IN
position:   2
isReturn:   false
typeQName:  {http://www.w3.org/2001/XMLSchema}string
javaType:   class java.lang.String
inHeader:   false
outHeader:  false
@3bbbb175<total parameters:3
23:29:05.310 [Test worker] DEBUG org.apache.axis.description.OperationDesc - @7354a26esetReturnType({http://www.w3.org/2001/XMLSchema}integer)
23:29:05.310 [Test worker] DEBUG org.apache.axis.description.OperationDesc - @6daa23be added parameter >name:       username
typeEntry:  null
mode:       IN
position:   0
isReturn:   false
typeQName:  {http://www.w3.org/2001/XMLSchema}string
javaType:   class java.lang.String
inHeader:   false
outHeader:  false
@38f1cc1<total parameters:1
23:29:05.311 [Test worker] DEBUG org.apache.axis.description.OperationDesc - @6daa23be added parameter >name:       password
typeEntry:  null
mode:       IN
position:   1
isReturn:   false
typeQName:  {http://www.w3.org/2001/XMLSchema}string
javaType:   class java.lang.String
inHeader:   false
outHeader:  false
@848503e<total parameters:2
23:29:05.311 [Test worker] DEBUG org.apache.axis.description.OperationDesc - @6daa23be added parameter >name:       issue
typeEntry:  null
mode:       IN
position:   2
isReturn:   false
typeQName:  {http://futureware.biz/mantisconnect}IssueData
javaType:   class biz.futureware.mantis.rpc.soap.client.IssueData
inHeader:   false
outHeader:  false
@6e9e785b<total parameters:3
23:29:05.311 [Test worker] DEBUG org.apache.axis.description.OperationDesc - @6daa23besetReturnType({http://www.w3.org/2001/XMLSchema}integer)
23:29:05.311 [Test worker] DEBUG org.apache.axis.description.OperationDesc - @521501e5 added parameter >name:       username
typeEntry:  null
mode:       IN
position:   0
isReturn:   false
typeQName:  {http://www.w3.org/2001/XMLSchema}string
javaType:   class java.lang.String
inHeader:   false
outHeader:  false
@29876672<total parameters:1
23:29:05.312 [Test worker] DEBUG org.apache.axis.description.OperationDesc - @521501e5 added parameter >name:       password
typeEntry:  null
mode:       IN
position:   1
isReturn:   false
typeQName:  {http://www.w3.org/2001/XMLSchema}string
javaType:   class java.lang.String
inHeader:   false
outHeader:  false
@63040adc<total parameters:2
23:29:05.312 [Test worker] DEBUG org.apache.axis.description.OperationDesc - @521501e5 added parameter >name:       issueId
typeEntry:  null
mode:       IN
position:   2
isReturn:   false
typeQName:  {http://www.w3.org/2001/XMLSchema}integer
javaType:   class java.math.BigInteger
inHeader:   false
outHeader:  false
@7e45fa47<total parameters:3
23:29:05.312 [Test worker] DEBUG org.apache.axis.description.OperationDesc - @521501e5 added parameter >name:       issue
typeEntry:  null
mode:       IN
position:   3
isReturn:   false
typeQName:  {http://futureware.biz/mantisconnect}IssueData
javaType:   class biz.futureware.mantis.rpc.soap.client.IssueData
inHeader:   false
outHeader:  false
@425c643<total parameters:4
23:29:05.313 [Test worker] DEBUG org.apache.axis.description.OperationDesc - @521501e5setReturnType({http://www.w3.org/2001/XMLSchema}boolean)
23:29:05.313 [Test worker] DEBUG org.apache.axis.description.OperationDesc - @16838443 added parameter >name:       username
typeEntry:  null
mode:       IN
position:   0
isReturn:   false
typeQName:  {http://www.w3.org/2001/XMLSchema}string
javaType:   class java.lang.String
inHeader:   false
outHeader:  false
@55923ea5<total parameters:1
23:29:05.313 [Test worker] DEBUG org.apache.axis.description.OperationDesc - @16838443 added parameter >name:       password
typeEntry:  null
mode:       IN
position:   1
isReturn:   false
typeQName:  {http://www.w3.org/2001/XMLSchema}string
javaType:   class java.lang.String
inHeader:   false
outHeader:  false
@4546192<total parameters:2
23:29:05.314 [Test worker] DEBUG org.apache.axis.description.OperationDesc - @16838443 added parameter >name:       issue_id
typeEntry:  null
mode:       IN
position:   2
isReturn:   false
typeQName:  {http://www.w3.org/2001/XMLSchema}integer
javaType:   class java.math.BigInteger
inHeader:   false
outHeader:  false
@2e69a885<total parameters:3
23:29:05.315 [Test worker] DEBUG org.apache.axis.description.OperationDesc - @16838443 added parameter >name:       tags
typeEntry:  null
mode:       IN
position:   3
isReturn:   false
typeQName:  {http://futureware.biz/mantisconnect}TagDataArray
javaType:   class [Lbiz.futureware.mantis.rpc.soap.client.TagData;
inHeader:   false
outHeader:  false
@479e50d3<total parameters:4
23:29:05.315 [Test worker] DEBUG org.apache.axis.description.OperationDesc - @16838443setReturnType({http://www.w3.org/2001/XMLSchema}boolean)
23:29:05.315 [Test worker] DEBUG org.apache.axis.description.OperationDesc - @24d0f525 added parameter >name:       username
typeEntry:  null
mode:       IN
position:   0
isReturn:   false
typeQName:  {http://www.w3.org/2001/XMLSchema}string
javaType:   class java.lang.String
inHeader:   false
outHeader:  false
@14a69f00<total parameters:1
23:29:05.316 [Test worker] DEBUG org.apache.axis.description.OperationDesc - @24d0f525 added parameter >name:       password
typeEntry:  null
mode:       IN
position:   1
isReturn:   false
typeQName:  {http://www.w3.org/2001/XMLSchema}string
javaType:   class java.lang.String
inHeader:   false
outHeader:  false
@7b05d42d<total parameters:2
23:29:05.316 [Test worker] DEBUG org.apache.axis.description.OperationDesc - @24d0f525 added parameter >name:       issue_id
typeEntry:  null
mode:       IN
position:   2
isReturn:   false
typeQName:  {http://www.w3.org/2001/XMLSchema}integer
javaType:   class java.math.BigInteger
inHeader:   false
outHeader:  false
@4ea81b56<total parameters:3
23:29:05.317 [Test worker] DEBUG org.apache.axis.description.OperationDesc - @24d0f525setReturnType({http://www.w3.org/2001/XMLSchema}boolean)
23:29:05.317 [Test worker] DEBUG org.apache.axis.description.OperationDesc - @6d72b67b added parameter >name:       username
typeEntry:  null
mode:       IN
position:   0
isReturn:   false
typeQName:  {http://www.w3.org/2001/XMLSchema}string
javaType:   class java.lang.String
inHeader:   false
outHeader:  false
@4d0c6a4a<total parameters:1
23:29:05.317 [Test worker] DEBUG org.apache.axis.description.OperationDesc - @6d72b67b added parameter >name:       password
typeEntry:  null
mode:       IN
position:   1
isReturn:   false
typeQName:  {http://www.w3.org/2001/XMLSchema}string
javaType:   class java.lang.String
inHeader:   false
outHeader:  false
@187d6b7a<total parameters:2
23:29:05.318 [Test worker] DEBUG org.apache.axis.description.OperationDesc - @6d72b67b added parameter >name:       issue_id
typeEntry:  null
mode:       IN
position:   2
isReturn:   false
typeQName:  {http://www.w3.org/2001/XMLSchema}integer
javaType:   class java.math.BigInteger
inHeader:   false
outHeader:  false
@1601b188<total parameters:3
23:29:05.319 [Test worker] DEBUG org.apache.axis.description.OperationDesc - @6d72b67b added parameter >name:       note
typeEntry:  null
mode:       IN
position:   3
isReturn:   false
typeQName:  {http://futureware.biz/mantisconnect}IssueNoteData
javaType:   class biz.futureware.mantis.rpc.soap.client.IssueNoteData
inHeader:   false
outHeader:  false
@339df032<total parameters:4
23:29:05.319 [Test worker] DEBUG org.apache.axis.description.OperationDesc - @6d72b67bsetReturnType({http://www.w3.org/2001/XMLSchema}integer)
23:29:05.319 [Test worker] DEBUG org.apache.axis.description.OperationDesc - @280b8a38 added parameter >name:       username
typeEntry:  null
mode:       IN
position:   0
isReturn:   false
typeQName:  {http://www.w3.org/2001/XMLSchema}string
javaType:   class java.lang.String
inHeader:   false
outHeader:  false
@6ff2190<total parameters:1
23:29:05.320 [Test worker] DEBUG org.apache.axis.description.OperationDesc - @280b8a38 added parameter >name:       password
typeEntry:  null
mode:       IN
position:   1
isReturn:   false
typeQName:  {http://www.w3.org/2001/XMLSchema}string
javaType:   class java.lang.String
inHeader:   false
outHeader:  false
@59b7310<total parameters:2
23:29:05.320 [Test worker] DEBUG org.apache.axis.description.OperationDesc - @280b8a38 added parameter >name:       issue_note_id
typeEntry:  null
mode:       IN
position:   2
isReturn:   false
typeQName:  {http://www.w3.org/2001/XMLSchema}integer
javaType:   class java.math.BigInteger
inHeader:   false
outHeader:  false
@595b0ff1<total parameters:3
23:29:05.320 [Test worker] DEBUG org.apache.axis.description.OperationDesc - @280b8a38setReturnType({http://www.w3.org/2001/XMLSchema}boolean)
23:29:05.320 [Test worker] DEBUG org.apache.axis.description.OperationDesc - @2d7504a8 added parameter >name:       username
typeEntry:  null
mode:       IN
position:   0
isReturn:   false
typeQName:  {http://www.w3.org/2001/XMLSchema}string
javaType:   class java.lang.String
inHeader:   false
outHeader:  false
@52f94337<total parameters:1
23:29:05.320 [Test worker] DEBUG org.apache.axis.description.OperationDesc - @2d7504a8 added parameter >name:       password
typeEntry:  null
mode:       IN
position:   1
isReturn:   false
typeQName:  {http://www.w3.org/2001/XMLSchema}string
javaType:   class java.lang.String
inHeader:   false
outHeader:  false
@c24a98b<total parameters:2
23:29:05.321 [Test worker] DEBUG org.apache.axis.description.OperationDesc - @2d7504a8 added parameter >name:       note
typeEntry:  null
mode:       IN
position:   2
isReturn:   false
typeQName:  {http://futureware.biz/mantisconnect}IssueNoteData
javaType:   class biz.futureware.mantis.rpc.soap.client.IssueNoteData
inHeader:   false
outHeader:  false
@d010b79<total parameters:3
23:29:05.321 [Test worker] DEBUG org.apache.axis.description.OperationDesc - @2d7504a8setReturnType({http://www.w3.org/2001/XMLSchema}boolean)
23:29:05.321 [Test worker] DEBUG org.apache.axis.description.OperationDesc - @8541e35 added parameter >name:       username
typeEntry:  null
mode:       IN
position:   0
isReturn:   false
typeQName:  {http://www.w3.org/2001/XMLSchema}string
javaType:   class java.lang.String
inHeader:   false
outHeader:  false
@10ac04f3<total parameters:1
23:29:05.321 [Test worker] DEBUG org.apache.axis.description.OperationDesc - @8541e35 added parameter >name:       password
typeEntry:  null
mode:       IN
position:   1
isReturn:   false
typeQName:  {http://www.w3.org/2001/XMLSchema}string
javaType:   class java.lang.String
inHeader:   false
outHeader:  false
@39ed9f9c<total parameters:2
23:29:05.321 [Test worker] DEBUG org.apache.axis.description.OperationDesc - @8541e35 added parameter >name:       issue_id
typeEntry:  null
mode:       IN
position:   2
isReturn:   false
typeQName:  {http://www.w3.org/2001/XMLSchema}integer
javaType:   class java.math.BigInteger
inHeader:   false
outHeader:  false
@3cb2011b<total parameters:3
23:29:05.322 [Test worker] DEBUG org.apache.axis.description.OperationDesc - @8541e35 added parameter >name:       relationship
typeEntry:  null
mode:       IN
position:   3
isReturn:   false
typeQName:  {http://futureware.biz/mantisconnect}RelationshipData
javaType:   class biz.futureware.mantis.rpc.soap.client.RelationshipData
inHeader:   false
outHeader:  false
@3100629d<total parameters:4
23:29:05.322 [Test worker] DEBUG org.apache.axis.description.OperationDesc - @8541e35setReturnType({http://www.w3.org/2001/XMLSchema}integer)
23:29:05.322 [Test worker] DEBUG org.apache.axis.description.OperationDesc - @1d16177f added parameter >name:       username
typeEntry:  null
mode:       IN
position:   0
isReturn:   false
typeQName:  {http://www.w3.org/2001/XMLSchema}string
javaType:   class java.lang.String
inHeader:   false
outHeader:  false
@716d66b6<total parameters:1
23:29:05.322 [Test worker] DEBUG org.apache.axis.description.OperationDesc - @1d16177f added parameter >name:       password
typeEntry:  null
mode:       IN
position:   1
isReturn:   false
typeQName:  {http://www.w3.org/2001/XMLSchema}string
javaType:   class java.lang.String
inHeader:   false
outHeader:  false
@356a0bcd<total parameters:2
23:29:05.323 [Test worker] DEBUG org.apache.axis.description.OperationDesc - @1d16177f added parameter >name:       issue_id
typeEntry:  null
mode:       IN
position:   2
isReturn:   false
typeQName:  {http://www.w3.org/2001/XMLSchema}integer
javaType:   class java.math.BigInteger
inHeader:   false
outHeader:  false
@7cc8377<total parameters:3
23:29:05.323 [Test worker] DEBUG org.apache.axis.description.OperationDesc - @1d16177f added parameter >name:       relationship_id
typeEntry:  null
mode:       IN
position:   3
isReturn:   false
typeQName:  {http://www.w3.org/2001/XMLSchema}integer
javaType:   class java.math.BigInteger
inHeader:   false
outHeader:  false
@2accc11e<total parameters:4
23:29:05.323 [Test worker] DEBUG org.apache.axis.description.OperationDesc - @1d16177fsetReturnType({http://www.w3.org/2001/XMLSchema}boolean)
23:29:05.323 [Test worker] DEBUG org.apache.axis.description.OperationDesc - @308e5a27 added parameter >name:       username
typeEntry:  null
mode:       IN
position:   0
isReturn:   false
typeQName:  {http://www.w3.org/2001/XMLSchema}string
javaType:   class java.lang.String
inHeader:   false
outHeader:  false
@555f1b98<total parameters:1
23:29:05.323 [Test worker] DEBUG org.apache.axis.description.OperationDesc - @308e5a27 added parameter >name:       password
typeEntry:  null
mode:       IN
position:   1
isReturn:   false
typeQName:  {http://www.w3.org/2001/XMLSchema}string
javaType:   class java.lang.String
inHeader:   false
outHeader:  false
@36ebfd7f<total parameters:2
23:29:05.324 [Test worker] DEBUG org.apache.axis.description.OperationDesc - @308e5a27 added parameter >name:       issue_id
typeEntry:  null
mode:       IN
position:   2
isReturn:   false
typeQName:  {http://www.w3.org/2001/XMLSchema}integer
javaType:   class java.math.BigInteger
inHeader:   false
outHeader:  false
@7ae30e8d<total parameters:3
23:29:05.324 [Test worker] DEBUG org.apache.axis.description.OperationDesc - @308e5a27 added parameter >name:       name
typeEntry:  null
mode:       IN
position:   3
isReturn:   false
typeQName:  {http://www.w3.org/2001/XMLSchema}string
javaType:   class java.lang.String
inHeader:   false
outHeader:  false
@387e2c94<total parameters:4
23:29:05.324 [Test worker] DEBUG org.apache.axis.description.OperationDesc - @308e5a27 added parameter >name:       file_type
typeEntry:  null
mode:       IN
position:   4
isReturn:   false
typeQName:  {http://www.w3.org/2001/XMLSchema}string
javaType:   class java.lang.String
inHeader:   false
outHeader:  false
@155073d8<total parameters:5
23:29:05.324 [Test worker] DEBUG org.apache.axis.description.OperationDesc - @308e5a27 added parameter >name:       content
typeEntry:  null
mode:       IN
position:   5
isReturn:   false
typeQName:  {http://www.w3.org/2001/XMLSchema}base64Binary
javaType:   class [B
inHeader:   false
outHeader:  false
@7c396408<total parameters:6
23:29:05.324 [Test worker] DEBUG org.apache.axis.description.OperationDesc - @308e5a27setReturnType({http://www.w3.org/2001/XMLSchema}integer)
23:29:05.325 [Test worker] DEBUG org.apache.axis.description.OperationDesc - @1e4c8a64 added parameter >name:       username
typeEntry:  null
mode:       IN
position:   0
isReturn:   false
typeQName:  {http://www.w3.org/2001/XMLSchema}string
javaType:   class java.lang.String
inHeader:   false
outHeader:  false
@579f1fb5<total parameters:1
23:29:05.325 [Test worker] DEBUG org.apache.axis.description.OperationDesc - @1e4c8a64 added parameter >name:       password
typeEntry:  null
mode:       IN
position:   1
isReturn:   false
typeQName:  {http://www.w3.org/2001/XMLSchema}string
javaType:   class java.lang.String
inHeader:   false
outHeader:  false
@4147782d<total parameters:2
23:29:05.325 [Test worker] DEBUG org.apache.axis.description.OperationDesc - @1e4c8a64 added parameter >name:       issue_attachment_id
typeEntry:  null
mode:       IN
position:   2
isReturn:   false
typeQName:  {http://www.w3.org/2001/XMLSchema}integer
javaType:   class java.math.BigInteger
inHeader:   false
outHeader:  false
@76695d29<total parameters:3
23:29:05.325 [Test worker] DEBUG org.apache.axis.description.OperationDesc - @1e4c8a64setReturnType({http://www.w3.org/2001/XMLSchema}boolean)
23:29:05.325 [Test worker] DEBUG org.apache.axis.description.OperationDesc - @c0cf62a added parameter >name:       username
typeEntry:  null
mode:       IN
position:   0
isReturn:   false
typeQName:  {http://www.w3.org/2001/XMLSchema}string
javaType:   class java.lang.String
inHeader:   false
outHeader:  false
@234132a9<total parameters:1
23:29:05.325 [Test worker] DEBUG org.apache.axis.description.OperationDesc - @c0cf62a added parameter >name:       password
typeEntry:  null
mode:       IN
position:   1
isReturn:   false
typeQName:  {http://www.w3.org/2001/XMLSchema}string
javaType:   class java.lang.String
inHeader:   false
outHeader:  false
@593db0fc<total parameters:2
23:29:05.326 [Test worker] DEBUG org.apache.axis.description.OperationDesc - @c0cf62a added parameter >name:       issue_attachment_id
typeEntry:  null
mode:       IN
position:   2
isReturn:   false
typeQName:  {http://www.w3.org/2001/XMLSchema}integer
javaType:   class java.math.BigInteger
inHeader:   false
outHeader:  false
@65012ee7<total parameters:3
23:29:05.326 [Test worker] DEBUG org.apache.axis.description.OperationDesc - @c0cf62asetReturnType({http://www.w3.org/2001/XMLSchema}base64Binary)
23:29:05.326 [Test worker] DEBUG org.apache.axis.description.OperationDesc - @e5729cb added parameter >name:       username
typeEntry:  null
mode:       IN
position:   0
isReturn:   false
typeQName:  {http://www.w3.org/2001/XMLSchema}string
javaType:   class java.lang.String
inHeader:   false
outHeader:  false
@242986d2<total parameters:1
23:29:05.326 [Test worker] DEBUG org.apache.axis.description.OperationDesc - @e5729cb added parameter >name:       password
typeEntry:  null
mode:       IN
position:   1
isReturn:   false
typeQName:  {http://www.w3.org/2001/XMLSchema}string
javaType:   class java.lang.String
inHeader:   false
outHeader:  false
@102778fb<total parameters:2
23:29:05.327 [Test worker] DEBUG org.apache.axis.description.OperationDesc - @e5729cb added parameter >name:       project
typeEntry:  null
mode:       IN
position:   2
isReturn:   false
typeQName:  {http://futureware.biz/mantisconnect}ProjectData
javaType:   class biz.futureware.mantis.rpc.soap.client.ProjectData
inHeader:   false
outHeader:  false
@23e46d85<total parameters:3
23:29:05.327 [Test worker] DEBUG org.apache.axis.description.OperationDesc - @e5729cbsetReturnType({http://www.w3.org/2001/XMLSchema}integer)
23:29:05.328 [Test worker] DEBUG org.apache.axis.description.OperationDesc - @82f39a2 added parameter >name:       username
typeEntry:  null
mode:       IN
position:   0
isReturn:   false
typeQName:  {http://www.w3.org/2001/XMLSchema}string
javaType:   class java.lang.String
inHeader:   false
outHeader:  false
@1c562fc3<total parameters:1
23:29:05.328 [Test worker] DEBUG org.apache.axis.description.OperationDesc - @82f39a2 added parameter >name:       password
typeEntry:  null
mode:       IN
position:   1
isReturn:   false
typeQName:  {http://www.w3.org/2001/XMLSchema}string
javaType:   class java.lang.String
inHeader:   false
outHeader:  false
@4cfc331f<total parameters:2
23:29:05.328 [Test worker] DEBUG org.apache.axis.description.OperationDesc - @82f39a2 added parameter >name:       project_id
typeEntry:  null
mode:       IN
position:   2
isReturn:   false
typeQName:  {http://www.w3.org/2001/XMLSchema}integer
javaType:   class java.math.BigInteger
inHeader:   false
outHeader:  false
@4cf4f740<total parameters:3
23:29:05.328 [Test worker] DEBUG org.apache.axis.description.OperationDesc - @82f39a2setReturnType({http://www.w3.org/2001/XMLSchema}boolean)
23:29:05.328 [Test worker] DEBUG org.apache.axis.description.OperationDesc - @3de72555 added parameter >name:       username
typeEntry:  null
mode:       IN
position:   0
isReturn:   false
typeQName:  {http://www.w3.org/2001/XMLSchema}string
javaType:   class java.lang.String
inHeader:   false
outHeader:  false
@10e23d1d<total parameters:1
23:29:05.328 [Test worker] DEBUG org.apache.axis.description.OperationDesc - @3de72555 added parameter >name:       password
typeEntry:  null
mode:       IN
position:   1
isReturn:   false
typeQName:  {http://www.w3.org/2001/XMLSchema}string
javaType:   class java.lang.String
inHeader:   false
outHeader:  false
@3d2b90d5<total parameters:2
23:29:05.329 [Test worker] DEBUG org.apache.axis.description.OperationDesc - @3de72555 added parameter >name:       project_id
typeEntry:  null
mode:       IN
position:   2
isReturn:   false
typeQName:  {http://www.w3.org/2001/XMLSchema}integer
javaType:   class java.math.BigInteger
inHeader:   false
outHeader:  false
@560e3ec7<total parameters:3
23:29:05.329 [Test worker] DEBUG org.apache.axis.description.OperationDesc - @3de72555 added parameter >name:       project
typeEntry:  null
mode:       IN
position:   3
isReturn:   false
typeQName:  {http://futureware.biz/mantisconnect}ProjectData
javaType:   class biz.futureware.mantis.rpc.soap.client.ProjectData
inHeader:   false
outHeader:  false
@52c764de<total parameters:4
23:29:05.329 [Test worker] DEBUG org.apache.axis.description.OperationDesc - @3de72555setReturnType({http://www.w3.org/2001/XMLSchema}boolean)
23:29:05.329 [Test worker] DEBUG org.apache.axis.description.OperationDesc - @53cca14e added parameter >name:       username
typeEntry:  null
mode:       IN
position:   0
isReturn:   false
typeQName:  {http://www.w3.org/2001/XMLSchema}string
javaType:   class java.lang.String
inHeader:   false
outHeader:  false
@32802eda<total parameters:1
23:29:05.329 [Test worker] DEBUG org.apache.axis.description.OperationDesc - @53cca14e added parameter >name:       password
typeEntry:  null
mode:       IN
position:   1
isReturn:   false
typeQName:  {http://www.w3.org/2001/XMLSchema}string
javaType:   class java.lang.String
inHeader:   false
outHeader:  false
@15dfd64b<total parameters:2
23:29:05.330 [Test worker] DEBUG org.apache.axis.description.OperationDesc - @53cca14e added parameter >name:       project_name
typeEntry:  null
mode:       IN
position:   2
isReturn:   false
typeQName:  {http://www.w3.org/2001/XMLSchema}string
javaType:   class java.lang.String
inHeader:   false
outHeader:  false
@7cd7b1ba<total parameters:3
23:29:05.330 [Test worker] DEBUG org.apache.axis.description.OperationDesc - @53cca14esetReturnType({http://www.w3.org/2001/XMLSchema}integer)
23:29:05.330 [Test worker] DEBUG org.apache.axis.description.OperationDesc - @4aa7a9bf added parameter >name:       username
typeEntry:  null
mode:       IN
position:   0
isReturn:   false
typeQName:  {http://www.w3.org/2001/XMLSchema}string
javaType:   class java.lang.String
inHeader:   false
outHeader:  false
@7962b8cf<total parameters:1
23:29:05.330 [Test worker] DEBUG org.apache.axis.description.OperationDesc - @4aa7a9bf added parameter >name:       password
typeEntry:  null
mode:       IN
position:   1
isReturn:   false
typeQName:  {http://www.w3.org/2001/XMLSchema}string
javaType:   class java.lang.String
inHeader:   false
outHeader:  false
@12644426<total parameters:2
23:29:05.330 [Test worker] DEBUG org.apache.axis.description.OperationDesc - @4aa7a9bf added parameter >name:       project_id
typeEntry:  null
mode:       IN
position:   2
isReturn:   false
typeQName:  {http://www.w3.org/2001/XMLSchema}integer
javaType:   class java.math.BigInteger
inHeader:   false
outHeader:  false
@53ff6db1<total parameters:3
23:29:05.331 [Test worker] DEBUG org.apache.axis.description.OperationDesc - @4aa7a9bf added parameter >name:       filter_type
typeEntry:  null
mode:       IN
position:   3
isReturn:   false
typeQName:  {http://www.w3.org/2001/XMLSchema}string
javaType:   class java.lang.String
inHeader:   false
outHeader:  false
@24e2dc20<total parameters:4
23:29:05.331 [Test worker] DEBUG org.apache.axis.description.OperationDesc - @4aa7a9bf added parameter >name:       target_user
typeEntry:  null
mode:       IN
position:   4
isReturn:   false
typeQName:  {http://futureware.biz/mantisconnect}AccountData
javaType:   class biz.futureware.mantis.rpc.soap.client.AccountData
inHeader:   false
outHeader:  false
@5065fcab<total parameters:5
23:29:05.332 [Test worker] DEBUG org.apache.axis.description.OperationDesc - @4aa7a9bf added parameter >name:       page_number
typeEntry:  null
mode:       IN
position:   5
isReturn:   false
typeQName:  {http://www.w3.org/2001/XMLSchema}integer
javaType:   class java.math.BigInteger
inHeader:   false
outHeader:  false
@62d4295b<total parameters:6
23:29:05.332 [Test worker] DEBUG org.apache.axis.description.OperationDesc - @4aa7a9bf added parameter >name:       per_page
typeEntry:  null
mode:       IN
position:   6
isReturn:   false
typeQName:  {http://www.w3.org/2001/XMLSchema}integer
javaType:   class java.math.BigInteger
inHeader:   false
outHeader:  false
@7f06ce86<total parameters:7
23:29:05.332 [Test worker] DEBUG org.apache.axis.description.OperationDesc - @4aa7a9bfsetReturnType({http://futureware.biz/mantisconnect}IssueDataArray)
23:29:05.332 [Test worker] DEBUG org.apache.axis.description.OperationDesc - @7bfa1da6 added parameter >name:       username
typeEntry:  null
mode:       IN
position:   0
isReturn:   false
typeQName:  {http://www.w3.org/2001/XMLSchema}string
javaType:   class java.lang.String
inHeader:   false
outHeader:  false
@40526d6<total parameters:1
23:29:05.333 [Test worker] DEBUG org.apache.axis.description.OperationDesc - @7bfa1da6 added parameter >name:       password
typeEntry:  null
mode:       IN
position:   1
isReturn:   false
typeQName:  {http://www.w3.org/2001/XMLSchema}string
javaType:   class java.lang.String
inHeader:   false
outHeader:  false
@47d859fc<total parameters:2
23:29:05.333 [Test worker] DEBUG org.apache.axis.description.OperationDesc - @7bfa1da6 added parameter >name:       project_id
typeEntry:  null
mode:       IN
position:   2
isReturn:   false
typeQName:  {http://www.w3.org/2001/XMLSchema}integer
javaType:   class java.math.BigInteger
inHeader:   false
outHeader:  false
@e63cd7f<total parameters:3
23:29:05.333 [Test worker] DEBUG org.apache.axis.description.OperationDesc - @7bfa1da6 added parameter >name:       page_number
typeEntry:  null
mode:       IN
position:   3
isReturn:   false
typeQName:  {http://www.w3.org/2001/XMLSchema}integer
javaType:   class java.math.BigInteger
inHeader:   false
outHeader:  false
@255ff638<total parameters:4
23:29:05.333 [Test worker] DEBUG org.apache.axis.description.OperationDesc - @7bfa1da6 added parameter >name:       per_page
typeEntry:  null
mode:       IN
position:   4
isReturn:   false
typeQName:  {http://www.w3.org/2001/XMLSchema}integer
javaType:   class java.math.BigInteger
inHeader:   false
outHeader:  false
@8c157d3<total parameters:5
23:29:05.334 [Test worker] DEBUG org.apache.axis.description.OperationDesc - @7bfa1da6setReturnType({http://futureware.biz/mantisconnect}IssueDataArray)
23:29:05.334 [Test worker] DEBUG org.apache.axis.description.OperationDesc - @dd3e88e added parameter >name:       username
typeEntry:  null
mode:       IN
position:   0
isReturn:   false
typeQName:  {http://www.w3.org/2001/XMLSchema}string
javaType:   class java.lang.String
inHeader:   false
outHeader:  false
@1dcbc47e<total parameters:1
23:29:05.334 [Test worker] DEBUG org.apache.axis.description.OperationDesc - @dd3e88e added parameter >name:       password
typeEntry:  null
mode:       IN
position:   1
isReturn:   false
typeQName:  {http://www.w3.org/2001/XMLSchema}string
javaType:   class java.lang.String
inHeader:   false
outHeader:  false
@47ff0fc9<total parameters:2
23:29:05.334 [Test worker] DEBUG org.apache.axis.description.OperationDesc - @dd3e88e added parameter >name:       project_id
typeEntry:  null
mode:       IN
position:   2
isReturn:   false
typeQName:  {http://www.w3.org/2001/XMLSchema}integer
javaType:   class java.math.BigInteger
inHeader:   false
outHeader:  false
@4502b72a<total parameters:3
23:29:05.334 [Test worker] DEBUG org.apache.axis.description.OperationDesc - @dd3e88e added parameter >name:       page_number
typeEntry:  null
mode:       IN
position:   3
isReturn:   false
typeQName:  {http://www.w3.org/2001/XMLSchema}integer
javaType:   class java.math.BigInteger
inHeader:   false
outHeader:  false
@5787a09c<total parameters:4
23:29:05.334 [Test worker] DEBUG org.apache.axis.description.OperationDesc - @dd3e88e added parameter >name:       per_page
typeEntry:  null
mode:       IN
position:   4
isReturn:   false
typeQName:  {http://www.w3.org/2001/XMLSchema}integer
javaType:   class java.math.BigInteger
inHeader:   false
outHeader:  false
@14ac6626<total parameters:5
23:29:05.334 [Test worker] DEBUG org.apache.axis.description.OperationDesc - @dd3e88esetReturnType({http://futureware.biz/mantisconnect}IssueHeaderDataArray)
23:29:05.336 [Test worker] DEBUG org.apache.axis.description.OperationDesc - @11902721 added parameter >name:       username
typeEntry:  null
mode:       IN
position:   0
isReturn:   false
typeQName:  {http://www.w3.org/2001/XMLSchema}string
javaType:   class java.lang.String
inHeader:   false
outHeader:  false
@667afe63<total parameters:1
23:29:05.336 [Test worker] DEBUG org.apache.axis.description.OperationDesc - @11902721 added parameter >name:       password
typeEntry:  null
mode:       IN
position:   1
isReturn:   false
typeQName:  {http://www.w3.org/2001/XMLSchema}string
javaType:   class java.lang.String
inHeader:   false
outHeader:  false
@58c72bdb<total parameters:2
23:29:05.336 [Test worker] DEBUG org.apache.axis.description.OperationDesc - @11902721 added parameter >name:       project_id
typeEntry:  null
mode:       IN
position:   2
isReturn:   false
typeQName:  {http://www.w3.org/2001/XMLSchema}integer
javaType:   class java.math.BigInteger
inHeader:   false
outHeader:  false
@6cd66eba<total parameters:3
23:29:05.336 [Test worker] DEBUG org.apache.axis.description.OperationDesc - @11902721 added parameter >name:       access
typeEntry:  null
mode:       IN
position:   3
isReturn:   false
typeQName:  {http://www.w3.org/2001/XMLSchema}integer
javaType:   class java.math.BigInteger
inHeader:   false
outHeader:  false
@7c6fe52e<total parameters:4
23:29:05.336 [Test worker] DEBUG org.apache.axis.description.OperationDesc - @11902721setReturnType({http://futureware.biz/mantisconnect}AccountDataArray)
23:29:05.336 [Test worker] DEBUG org.apache.axis.description.OperationDesc - @4dd78526 added parameter >name:       username
typeEntry:  null
mode:       IN
position:   0
isReturn:   false
typeQName:  {http://www.w3.org/2001/XMLSchema}string
javaType:   class java.lang.String
inHeader:   false
outHeader:  false
@2cafe6b4<total parameters:1
23:29:05.336 [Test worker] DEBUG org.apache.axis.description.OperationDesc - @4dd78526 added parameter >name:       password
typeEntry:  null
mode:       IN
position:   1
isReturn:   false
typeQName:  {http://www.w3.org/2001/XMLSchema}string
javaType:   class java.lang.String
inHeader:   false
outHeader:  false
@73d3ee25<total parameters:2
23:29:05.337 [Test worker] DEBUG org.apache.axis.description.OperationDesc - @4dd78526setReturnType({http://futureware.biz/mantisconnect}ProjectDataArray)
23:29:05.337 [Test worker] DEBUG org.apache.axis.description.OperationDesc - @709633e4 added parameter >name:       username
typeEntry:  null
mode:       IN
position:   0
isReturn:   false
typeQName:  {http://www.w3.org/2001/XMLSchema}string
javaType:   class java.lang.String
inHeader:   false
outHeader:  false
@1997665<total parameters:1
23:29:05.337 [Test worker] DEBUG org.apache.axis.description.OperationDesc - @709633e4 added parameter >name:       password
typeEntry:  null
mode:       IN
position:   1
isReturn:   false
typeQName:  {http://www.w3.org/2001/XMLSchema}string
javaType:   class java.lang.String
inHeader:   false
outHeader:  false
@52d0baa4<total parameters:2
23:29:05.337 [Test worker] DEBUG org.apache.axis.description.OperationDesc - @709633e4 added parameter >name:       project_id
typeEntry:  null
mode:       IN
position:   2
isReturn:   false
typeQName:  {http://www.w3.org/2001/XMLSchema}integer
javaType:   class java.math.BigInteger
inHeader:   false
outHeader:  false
@3e9ed41d<total parameters:3
23:29:05.337 [Test worker] DEBUG org.apache.axis.description.OperationDesc - @709633e4setReturnType({http://futureware.biz/mantisconnect}StringArray)
23:29:05.337 [Test worker] DEBUG org.apache.axis.description.OperationDesc - @7f56d939 added parameter >name:       username
typeEntry:  null
mode:       IN
position:   0
isReturn:   false
typeQName:  {http://www.w3.org/2001/XMLSchema}string
javaType:   class java.lang.String
inHeader:   false
outHeader:  false
@3536a2e8<total parameters:1
23:29:05.338 [Test worker] DEBUG org.apache.axis.description.OperationDesc - @7f56d939 added parameter >name:       password
typeEntry:  null
mode:       IN
position:   1
isReturn:   false
typeQName:  {http://www.w3.org/2001/XMLSchema}string
javaType:   class java.lang.String
inHeader:   false
outHeader:  false
@62e43b70<total parameters:2
23:29:05.338 [Test worker] DEBUG org.apache.axis.description.OperationDesc - @7f56d939 added parameter >name:       project_id
typeEntry:  null
mode:       IN
position:   2
isReturn:   false
typeQName:  {http://www.w3.org/2001/XMLSchema}integer
javaType:   class java.math.BigInteger
inHeader:   false
outHeader:  false
@2a92250d<total parameters:3
23:29:05.338 [Test worker] DEBUG org.apache.axis.description.OperationDesc - @7f56d939 added parameter >name:       p_category_name
typeEntry:  null
mode:       IN
position:   3
isReturn:   false
typeQName:  {http://www.w3.org/2001/XMLSchema}string
javaType:   class java.lang.String
inHeader:   false
outHeader:  false
@63c4be77<total parameters:4
23:29:05.338 [Test worker] DEBUG org.apache.axis.description.OperationDesc - @7f56d939setReturnType({http://www.w3.org/2001/XMLSchema}integer)
23:29:05.338 [Test worker] DEBUG org.apache.axis.description.OperationDesc - @63657105 added parameter >name:       username
typeEntry:  null
mode:       IN
position:   0
isReturn:   false
typeQName:  {http://www.w3.org/2001/XMLSchema}string
javaType:   class java.lang.String
inHeader:   false
outHeader:  false
@2099e9a2<total parameters:1
23:29:05.338 [Test worker] DEBUG org.apache.axis.description.OperationDesc - @63657105 added parameter >name:       password
typeEntry:  null
mode:       IN
position:   1
isReturn:   false
typeQName:  {http://www.w3.org/2001/XMLSchema}string
javaType:   class java.lang.String
inHeader:   false
outHeader:  false
@1b181af1<total parameters:2
23:29:05.338 [Test worker] DEBUG org.apache.axis.description.OperationDesc - @63657105 added parameter >name:       project_id
typeEntry:  null
mode:       IN
position:   2
isReturn:   false
typeQName:  {http://www.w3.org/2001/XMLSchema}integer
javaType:   class java.math.BigInteger
inHeader:   false
outHeader:  false
@5d6928e3<total parameters:3
23:29:05.339 [Test worker] DEBUG org.apache.axis.description.OperationDesc - @63657105 added parameter >name:       p_category_name
typeEntry:  null
mode:       IN
position:   3
isReturn:   false
typeQName:  {http://www.w3.org/2001/XMLSchema}string
javaType:   class java.lang.String
inHeader:   false
outHeader:  false
@154c9712<total parameters:4
23:29:05.339 [Test worker] DEBUG org.apache.axis.description.OperationDesc - @63657105setReturnType({http://www.w3.org/2001/XMLSchema}integer)
23:29:05.339 [Test worker] DEBUG org.apache.axis.description.OperationDesc - @7a77a8e0 added parameter >name:       username
typeEntry:  null
mode:       IN
position:   0
isReturn:   false
typeQName:  {http://www.w3.org/2001/XMLSchema}string
javaType:   class java.lang.String
inHeader:   false
outHeader:  false
@2163facd<total parameters:1
23:29:05.339 [Test worker] DEBUG org.apache.axis.description.OperationDesc - @7a77a8e0 added parameter >name:       password
typeEntry:  null
mode:       IN
position:   1
isReturn:   false
typeQName:  {http://www.w3.org/2001/XMLSchema}string
javaType:   class java.lang.String
inHeader:   false
outHeader:  false
@3559f032<total parameters:2
23:29:05.339 [Test worker] DEBUG org.apache.axis.description.OperationDesc - @7a77a8e0 added parameter >name:       project_id
typeEntry:  null
mode:       IN
position:   2
isReturn:   false
typeQName:  {http://www.w3.org/2001/XMLSchema}integer
javaType:   class java.math.BigInteger
inHeader:   false
outHeader:  false
@445c158c<total parameters:3
23:29:05.339 [Test worker] DEBUG org.apache.axis.description.OperationDesc - @7a77a8e0 added parameter >name:       p_category_name
typeEntry:  null
mode:       IN
position:   3
isReturn:   false
typeQName:  {http://www.w3.org/2001/XMLSchema}string
javaType:   class java.lang.String
inHeader:   false
outHeader:  false
@3ab854f<total parameters:4
23:29:05.340 [Test worker] DEBUG org.apache.axis.description.OperationDesc - @7a77a8e0 added parameter >name:       p_category_name_new
typeEntry:  null
mode:       IN
position:   4
isReturn:   false
typeQName:  {http://www.w3.org/2001/XMLSchema}string
javaType:   class java.lang.String
inHeader:   false
outHeader:  false
@3da0b265<total parameters:5
23:29:05.340 [Test worker] DEBUG org.apache.axis.description.OperationDesc - @7a77a8e0 added parameter >name:       p_assigned_to
typeEntry:  null
mode:       IN
position:   5
isReturn:   false
typeQName:  {http://www.w3.org/2001/XMLSchema}integer
javaType:   class java.math.BigInteger
inHeader:   false
outHeader:  false
@47020d83<total parameters:6
23:29:05.340 [Test worker] DEBUG org.apache.axis.description.OperationDesc - @7a77a8e0setReturnType({http://www.w3.org/2001/XMLSchema}integer)
23:29:05.340 [Test worker] DEBUG org.apache.axis.description.OperationDesc - @6356809a added parameter >name:       username
typeEntry:  null
mode:       IN
position:   0
isReturn:   false
typeQName:  {http://www.w3.org/2001/XMLSchema}string
javaType:   class java.lang.String
inHeader:   false
outHeader:  false
@3c08e042<total parameters:1
23:29:05.340 [Test worker] DEBUG org.apache.axis.description.OperationDesc - @6356809a added parameter >name:       password
typeEntry:  null
mode:       IN
position:   1
isReturn:   false
typeQName:  {http://www.w3.org/2001/XMLSchema}string
javaType:   class java.lang.String
inHeader:   false
outHeader:  false
@4034e3c<total parameters:2
23:29:05.340 [Test worker] DEBUG org.apache.axis.description.OperationDesc - @6356809a added parameter >name:       project_id
typeEntry:  null
mode:       IN
position:   2
isReturn:   false
typeQName:  {http://www.w3.org/2001/XMLSchema}integer
javaType:   class java.math.BigInteger
inHeader:   false
outHeader:  false
@533a352a<total parameters:3
23:29:05.340 [Test worker] DEBUG org.apache.axis.description.OperationDesc - @6356809asetReturnType({http://futureware.biz/mantisconnect}ProjectVersionDataArray)
23:29:05.341 [Test worker] DEBUG org.apache.axis.description.OperationDesc - @612214c9 added parameter >name:       username
typeEntry:  null
mode:       IN
position:   0
isReturn:   false
typeQName:  {http://www.w3.org/2001/XMLSchema}string
javaType:   class java.lang.String
inHeader:   false
outHeader:  false
@6333eea2<total parameters:1
23:29:05.342 [Test worker] DEBUG org.apache.axis.description.OperationDesc - @612214c9 added parameter >name:       password
typeEntry:  null
mode:       IN
position:   1
isReturn:   false
typeQName:  {http://www.w3.org/2001/XMLSchema}string
javaType:   class java.lang.String
inHeader:   false
outHeader:  false
@1e1d2446<total parameters:2
23:29:05.342 [Test worker] DEBUG org.apache.axis.description.OperationDesc - @612214c9 added parameter >name:       version
typeEntry:  null
mode:       IN
position:   2
isReturn:   false
typeQName:  {http://futureware.biz/mantisconnect}ProjectVersionData
javaType:   class biz.futureware.mantis.rpc.soap.client.ProjectVersionData
inHeader:   false
outHeader:  false
@17670360<total parameters:3
23:29:05.342 [Test worker] DEBUG org.apache.axis.description.OperationDesc - @612214c9setReturnType({http://www.w3.org/2001/XMLSchema}integer)
23:29:05.342 [Test worker] DEBUG org.apache.axis.description.OperationDesc - @6692d919 added parameter >name:       username
typeEntry:  null
mode:       IN
position:   0
isReturn:   false
typeQName:  {http://www.w3.org/2001/XMLSchema}string
javaType:   class java.lang.String
inHeader:   false
outHeader:  false
@1aa86d97<total parameters:1
23:29:05.342 [Test worker] DEBUG org.apache.axis.description.OperationDesc - @6692d919 added parameter >name:       password
typeEntry:  null
mode:       IN
position:   1
isReturn:   false
typeQName:  {http://www.w3.org/2001/XMLSchema}string
javaType:   class java.lang.String
inHeader:   false
outHeader:  false
@6d604590<total parameters:2
23:29:05.342 [Test worker] DEBUG org.apache.axis.description.OperationDesc - @6692d919 added parameter >name:       version_id
typeEntry:  null
mode:       IN
position:   2
isReturn:   false
typeQName:  {http://www.w3.org/2001/XMLSchema}integer
javaType:   class java.math.BigInteger
inHeader:   false
outHeader:  false
@4233275f<total parameters:3
23:29:05.342 [Test worker] DEBUG org.apache.axis.description.OperationDesc - @6692d919 added parameter >name:       version
typeEntry:  null
mode:       IN
position:   3
isReturn:   false
typeQName:  {http://futureware.biz/mantisconnect}ProjectVersionData
javaType:   class biz.futureware.mantis.rpc.soap.client.ProjectVersionData
inHeader:   false
outHeader:  false
@32997411<total parameters:4
23:29:05.342 [Test worker] DEBUG org.apache.axis.description.OperationDesc - @6692d919setReturnType({http://www.w3.org/2001/XMLSchema}boolean)
23:29:05.342 [Test worker] DEBUG org.apache.axis.description.OperationDesc - @6b046300 added parameter >name:       username
typeEntry:  null
mode:       IN
position:   0
isReturn:   false
typeQName:  {http://www.w3.org/2001/XMLSchema}string
javaType:   class java.lang.String
inHeader:   false
outHeader:  false
@4a7e735<total parameters:1
23:29:05.342 [Test worker] DEBUG org.apache.axis.description.OperationDesc - @6b046300 added parameter >name:       password
typeEntry:  null
mode:       IN
position:   1
isReturn:   false
typeQName:  {http://www.w3.org/2001/XMLSchema}string
javaType:   class java.lang.String
inHeader:   false
outHeader:  false
@5ff52121<total parameters:2
23:29:05.342 [Test worker] DEBUG org.apache.axis.description.OperationDesc - @6b046300 added parameter >name:       version_id
typeEntry:  null
mode:       IN
position:   2
isReturn:   false
typeQName:  {http://www.w3.org/2001/XMLSchema}integer
javaType:   class java.math.BigInteger
inHeader:   false
outHeader:  false
@2635ff32<total parameters:3
23:29:05.342 [Test worker] DEBUG org.apache.axis.description.OperationDesc - @6b046300setReturnType({http://www.w3.org/2001/XMLSchema}boolean)
23:29:05.342 [Test worker] DEBUG org.apache.axis.description.OperationDesc - @6e618497 added parameter >name:       username
typeEntry:  null
mode:       IN
position:   0
isReturn:   false
typeQName:  {http://www.w3.org/2001/XMLSchema}string
javaType:   class java.lang.String
inHeader:   false
outHeader:  false
@55445821<total parameters:1
23:29:05.342 [Test worker] DEBUG org.apache.axis.description.OperationDesc - @6e618497 added parameter >name:       password
typeEntry:  null
mode:       IN
position:   1
isReturn:   false
typeQName:  {http://www.w3.org/2001/XMLSchema}string
javaType:   class java.lang.String
inHeader:   false
outHeader:  false
@23ce9781<total parameters:2
23:29:05.342 [Test worker] DEBUG org.apache.axis.description.OperationDesc - @6e618497 added parameter >name:       project_id
typeEntry:  null
mode:       IN
position:   2
isReturn:   false
typeQName:  {http://www.w3.org/2001/XMLSchema}integer
javaType:   class java.math.BigInteger
inHeader:   false
outHeader:  false
@2a8b20a5<total parameters:3
23:29:05.343 [Test worker] DEBUG org.apache.axis.description.OperationDesc - @6e618497setReturnType({http://futureware.biz/mantisconnect}ProjectVersionDataArray)
23:29:05.343 [Test worker] DEBUG org.apache.axis.description.OperationDesc - @48ac5c5f added parameter >name:       username
typeEntry:  null
mode:       IN
position:   0
isReturn:   false
typeQName:  {http://www.w3.org/2001/XMLSchema}string
javaType:   class java.lang.String
inHeader:   false
outHeader:  false
@3fde803b<total parameters:1
23:29:05.343 [Test worker] DEBUG org.apache.axis.description.OperationDesc - @48ac5c5f added parameter >name:       password
typeEntry:  null
mode:       IN
position:   1
isReturn:   false
typeQName:  {http://www.w3.org/2001/XMLSchema}string
javaType:   class java.lang.String
inHeader:   false
outHeader:  false
@687b7ade<total parameters:2
23:29:05.343 [Test worker] DEBUG org.apache.axis.description.OperationDesc - @48ac5c5f added parameter >name:       project_id
typeEntry:  null
mode:       IN
position:   2
isReturn:   false
typeQName:  {http://www.w3.org/2001/XMLSchema}integer
javaType:   class java.math.BigInteger
inHeader:   false
outHeader:  false
@1b86f17c<total parameters:3
23:29:05.343 [Test worker] DEBUG org.apache.axis.description.OperationDesc - @48ac5c5fsetReturnType({http://futureware.biz/mantisconnect}ProjectVersionDataArray)
23:29:05.343 [Test worker] DEBUG org.apache.axis.description.OperationDesc - @31e218f7 added parameter >name:       username
typeEntry:  null
mode:       IN
position:   0
isReturn:   false
typeQName:  {http://www.w3.org/2001/XMLSchema}string
javaType:   class java.lang.String
inHeader:   false
outHeader:  false
@7a7699a8<total parameters:1
23:29:05.343 [Test worker] DEBUG org.apache.axis.description.OperationDesc - @31e218f7 added parameter >name:       password
typeEntry:  null
mode:       IN
position:   1
isReturn:   false
typeQName:  {http://www.w3.org/2001/XMLSchema}string
javaType:   class java.lang.String
inHeader:   false
outHeader:  false
@4968b1b2<total parameters:2
23:29:05.343 [Test worker] DEBUG org.apache.axis.description.OperationDesc - @31e218f7 added parameter >name:       project_id
typeEntry:  null
mode:       IN
position:   2
isReturn:   false
typeQName:  {http://www.w3.org/2001/XMLSchema}integer
javaType:   class java.math.BigInteger
inHeader:   false
outHeader:  false
@6549b4f2<total parameters:3
23:29:05.343 [Test worker] DEBUG org.apache.axis.description.OperationDesc - @31e218f7setReturnType({http://futureware.biz/mantisconnect}ProjectAttachmentDataArray)
23:29:05.344 [Test worker] DEBUG org.apache.axis.description.OperationDesc - @6519220 added parameter >name:       username
typeEntry:  null
mode:       IN
position:   0
isReturn:   false
typeQName:  {http://www.w3.org/2001/XMLSchema}string
javaType:   class java.lang.String
inHeader:   false
outHeader:  false
@2e17483c<total parameters:1
23:29:05.344 [Test worker] DEBUG org.apache.axis.description.OperationDesc - @6519220 added parameter >name:       password
typeEntry:  null
mode:       IN
position:   1
isReturn:   false
typeQName:  {http://www.w3.org/2001/XMLSchema}string
javaType:   class java.lang.String
inHeader:   false
outHeader:  false
@39f25bf<total parameters:2
23:29:05.344 [Test worker] DEBUG org.apache.axis.description.OperationDesc - @6519220 added parameter >name:       project_id
typeEntry:  null
mode:       IN
position:   2
isReturn:   false
typeQName:  {http://www.w3.org/2001/XMLSchema}integer
javaType:   class java.math.BigInteger
inHeader:   false
outHeader:  false
@4bd045cf<total parameters:3
23:29:05.344 [Test worker] DEBUG org.apache.axis.description.OperationDesc - @6519220setReturnType({http://futureware.biz/mantisconnect}CustomFieldDefinitionDataArray)
23:29:05.345 [Test worker] DEBUG org.apache.axis.description.OperationDesc - @2f109d69 added parameter >name:       username
typeEntry:  null
mode:       IN
position:   0
isReturn:   false
typeQName:  {http://www.w3.org/2001/XMLSchema}string
javaType:   class java.lang.String
inHeader:   false
outHeader:  false
@66274b79<total parameters:1
23:29:05.345 [Test worker] DEBUG org.apache.axis.description.OperationDesc - @2f109d69 added parameter >name:       password
typeEntry:  null
mode:       IN
position:   1
isReturn:   false
typeQName:  {http://www.w3.org/2001/XMLSchema}string
javaType:   class java.lang.String
inHeader:   false
outHeader:  false
@775c8b9c<total parameters:2
23:29:05.345 [Test worker] DEBUG org.apache.axis.description.OperationDesc - @2f109d69 added parameter >name:       project_attachment_id
typeEntry:  null
mode:       IN
position:   2
isReturn:   false
typeQName:  {http://www.w3.org/2001/XMLSchema}integer
javaType:   class java.math.BigInteger
inHeader:   false
outHeader:  false
@65d360af<total parameters:3
23:29:05.345 [Test worker] DEBUG org.apache.axis.description.OperationDesc - @2f109d69setReturnType({http://www.w3.org/2001/XMLSchema}base64Binary)
23:29:05.346 [Test worker] DEBUG org.apache.axis.description.OperationDesc - @4e0352a9 added parameter >name:       username
typeEntry:  null
mode:       IN
position:   0
isReturn:   false
typeQName:  {http://www.w3.org/2001/XMLSchema}string
javaType:   class java.lang.String
inHeader:   false
outHeader:  false
@1223b493<total parameters:1
23:29:05.346 [Test worker] DEBUG org.apache.axis.description.OperationDesc - @4e0352a9 added parameter >name:       password
typeEntry:  null
mode:       IN
position:   1
isReturn:   false
typeQName:  {http://www.w3.org/2001/XMLSchema}string
javaType:   class java.lang.String
inHeader:   false
outHeader:  false
@130cd20<total parameters:2
23:29:05.346 [Test worker] DEBUG org.apache.axis.description.OperationDesc - @4e0352a9 added parameter >name:       project_id
typeEntry:  null
mode:       IN
position:   2
isReturn:   false
typeQName:  {http://www.w3.org/2001/XMLSchema}integer
javaType:   class java.math.BigInteger
inHeader:   false
outHeader:  false
@7f9813b1<total parameters:3
23:29:05.346 [Test worker] DEBUG org.apache.axis.description.OperationDesc - @4e0352a9 added parameter >name:       name
typeEntry:  null
mode:       IN
position:   3
isReturn:   false
typeQName:  {http://www.w3.org/2001/XMLSchema}string
javaType:   class java.lang.String
inHeader:   false
outHeader:  false
@2bda80f1<total parameters:4
23:29:05.346 [Test worker] DEBUG org.apache.axis.description.OperationDesc - @4e0352a9 added parameter >name:       title
typeEntry:  null
mode:       IN
position:   4
isReturn:   false
typeQName:  {http://www.w3.org/2001/XMLSchema}string
javaType:   class java.lang.String
inHeader:   false
outHeader:  false
@24d22e35<total parameters:5
23:29:05.346 [Test worker] DEBUG org.apache.axis.description.OperationDesc - @4e0352a9 added parameter >name:       description
typeEntry:  null
mode:       IN
position:   5
isReturn:   false
typeQName:  {http://www.w3.org/2001/XMLSchema}string
javaType:   class java.lang.String
inHeader:   false
outHeader:  false
@238cae42<total parameters:6
23:29:05.346 [Test worker] DEBUG org.apache.axis.description.OperationDesc - @4e0352a9 added parameter >name:       file_type
typeEntry:  null
mode:       IN
position:   6
isReturn:   false
typeQName:  {http://www.w3.org/2001/XMLSchema}string
javaType:   class java.lang.String
inHeader:   false
outHeader:  false
@1cb62419<total parameters:7
23:29:05.346 [Test worker] DEBUG org.apache.axis.description.OperationDesc - @4e0352a9 added parameter >name:       content
typeEntry:  null
mode:       IN
position:   7
isReturn:   false
typeQName:  {http://www.w3.org/2001/XMLSchema}base64Binary
javaType:   class [B
inHeader:   false
outHeader:  false
@6394e276<total parameters:8
23:29:05.346 [Test worker] DEBUG org.apache.axis.description.OperationDesc - @4e0352a9setReturnType({http://www.w3.org/2001/XMLSchema}integer)
23:29:05.346 [Test worker] DEBUG org.apache.axis.description.OperationDesc - @5602cbb7 added parameter >name:       username
typeEntry:  null
mode:       IN
position:   0
isReturn:   false
typeQName:  {http://www.w3.org/2001/XMLSchema}string
javaType:   class java.lang.String
inHeader:   false
outHeader:  false
@103a818b<total parameters:1
23:29:05.346 [Test worker] DEBUG org.apache.axis.description.OperationDesc - @5602cbb7 added parameter >name:       password
typeEntry:  null
mode:       IN
position:   1
isReturn:   false
typeQName:  {http://www.w3.org/2001/XMLSchema}string
javaType:   class java.lang.String
inHeader:   false
outHeader:  false
@3d81e979<total parameters:2
23:29:05.346 [Test worker] DEBUG org.apache.axis.description.OperationDesc - @5602cbb7 added parameter >name:       project_attachment_id
typeEntry:  null
mode:       IN
position:   2
isReturn:   false
typeQName:  {http://www.w3.org/2001/XMLSchema}integer
javaType:   class java.math.BigInteger
inHeader:   false
outHeader:  false
@79c22bed<total parameters:3
23:29:05.346 [Test worker] DEBUG org.apache.axis.description.OperationDesc - @5602cbb7setReturnType({http://www.w3.org/2001/XMLSchema}boolean)
23:29:05.346 [Test worker] DEBUG org.apache.axis.description.OperationDesc - @39dd0811 added parameter >name:       username
typeEntry:  null
mode:       IN
position:   0
isReturn:   false
typeQName:  {http://www.w3.org/2001/XMLSchema}string
javaType:   class java.lang.String
inHeader:   false
outHeader:  false
@7dafe078<total parameters:1
23:29:05.346 [Test worker] DEBUG org.apache.axis.description.OperationDesc - @39dd0811 added parameter >name:       password
typeEntry:  null
mode:       IN
position:   1
isReturn:   false
typeQName:  {http://www.w3.org/2001/XMLSchema}string
javaType:   class java.lang.String
inHeader:   false
outHeader:  false
@4fd70495<total parameters:2
23:29:05.347 [Test worker] DEBUG org.apache.axis.description.OperationDesc - @39dd0811 added parameter >name:       project_id
typeEntry:  null
mode:       IN
position:   2
isReturn:   false
typeQName:  {http://www.w3.org/2001/XMLSchema}integer
javaType:   class java.math.BigInteger
inHeader:   false
outHeader:  false
@2722c3c1<total parameters:3
23:29:05.347 [Test worker] DEBUG org.apache.axis.description.OperationDesc - @39dd0811setReturnType({http://futureware.biz/mantisconnect}StringArray)
23:29:05.347 [Test worker] DEBUG org.apache.axis.description.OperationDesc - @766ecab4 added parameter >name:       username
typeEntry:  null
mode:       IN
position:   0
isReturn:   false
typeQName:  {http://www.w3.org/2001/XMLSchema}string
javaType:   class java.lang.String
inHeader:   false
outHeader:  false
@74c04821<total parameters:1
23:29:05.347 [Test worker] DEBUG org.apache.axis.description.OperationDesc - @766ecab4 added parameter >name:       password
typeEntry:  null
mode:       IN
position:   1
isReturn:   false
typeQName:  {http://www.w3.org/2001/XMLSchema}string
javaType:   class java.lang.String
inHeader:   false
outHeader:  false
@3441980<total parameters:2
23:29:05.347 [Test worker] DEBUG org.apache.axis.description.OperationDesc - @766ecab4 added parameter >name:       project_id
typeEntry:  null
mode:       IN
position:   2
isReturn:   false
typeQName:  {http://www.w3.org/2001/XMLSchema}integer
javaType:   class java.math.BigInteger
inHeader:   false
outHeader:  false
@32c9eee2<total parameters:3
23:29:05.347 [Test worker] DEBUG org.apache.axis.description.OperationDesc - @766ecab4setReturnType({http://futureware.biz/mantisconnect}FilterDataArray)
23:29:05.348 [Test worker] DEBUG org.apache.axis.description.OperationDesc - @67aef743 added parameter >name:       username
typeEntry:  null
mode:       IN
position:   0
isReturn:   false
typeQName:  {http://www.w3.org/2001/XMLSchema}string
javaType:   class java.lang.String
inHeader:   false
outHeader:  false
@1aedabaa<total parameters:1
23:29:05.348 [Test worker] DEBUG org.apache.axis.description.OperationDesc - @67aef743 added parameter >name:       password
typeEntry:  null
mode:       IN
position:   1
isReturn:   false
typeQName:  {http://www.w3.org/2001/XMLSchema}string
javaType:   class java.lang.String
inHeader:   false
outHeader:  false
@3d739013<total parameters:2
23:29:05.348 [Test worker] DEBUG org.apache.axis.description.OperationDesc - @67aef743 added parameter >name:       project_id
typeEntry:  null
mode:       IN
position:   2
isReturn:   false
typeQName:  {http://www.w3.org/2001/XMLSchema}integer
javaType:   class java.math.BigInteger
inHeader:   false
outHeader:  false
@526bce49<total parameters:3
23:29:05.349 [Test worker] DEBUG org.apache.axis.description.OperationDesc - @67aef743 added parameter >name:       filter_id
typeEntry:  null
mode:       IN
position:   3
isReturn:   false
typeQName:  {http://www.w3.org/2001/XMLSchema}integer
javaType:   class java.math.BigInteger
inHeader:   false
outHeader:  false
@42ef2fa8<total parameters:4
23:29:05.349 [Test worker] DEBUG org.apache.axis.description.OperationDesc - @67aef743 added parameter >name:       page_number
typeEntry:  null
mode:       IN
position:   4
isReturn:   false
typeQName:  {http://www.w3.org/2001/XMLSchema}integer
javaType:   class java.math.BigInteger
inHeader:   false
outHeader:  false
@35286ca4<total parameters:5
23:29:05.349 [Test worker] DEBUG org.apache.axis.description.OperationDesc - @67aef743 added parameter >name:       per_page
typeEntry:  null
mode:       IN
position:   5
isReturn:   false
typeQName:  {http://www.w3.org/2001/XMLSchema}integer
javaType:   class java.math.BigInteger
inHeader:   false
outHeader:  false
@147a911a<total parameters:6
23:29:05.349 [Test worker] DEBUG org.apache.axis.description.OperationDesc - @67aef743setReturnType({http://futureware.biz/mantisconnect}IssueDataArray)
23:29:05.349 [Test worker] DEBUG org.apache.axis.description.OperationDesc - @18ef1c5a added parameter >name:       username
typeEntry:  null
mode:       IN
position:   0
isReturn:   false
typeQName:  {http://www.w3.org/2001/XMLSchema}string
javaType:   class java.lang.String
inHeader:   false
outHeader:  false
@2346e280<total parameters:1
[...]
23:29:06.595 [Test worker] DEBUG org.apache.axis.encoding.SerializationContext - End element id
23:29:06.595 [Test worker] DEBUG org.apache.axis.message.SAXOutputter - SAXOutputter.startElement ['' name]
23:29:06.595 [Test worker] DEBUG org.apache.axis.i18n.ProjectResourceBundle - org.apache.axis.i18n.resource::handleGetObject(startElem00)
23:29:06.595 [Test worker] DEBUG org.apache.axis.encoding.SerializationContext - Start element []:name
23:29:06.595 [Test worker] DEBUG org.apache.axis.message.SAXOutputter - SAXOutputter.characters ['minor']
23:29:06.595 [Test worker] DEBUG org.apache.axis.message.SAXOutputter - SAXOutputter.endElement ['' name]
23:29:06.595 [Test worker] DEBUG org.apache.axis.i18n.ProjectResourceBundle - org.apache.axis.i18n.resource::handleGetObject(endElem00)
23:29:06.595 [Test worker] DEBUG org.apache.axis.encoding.SerializationContext - End element name
23:29:06.595 [Test worker] DEBUG org.apache.axis.message.SAXOutputter - SAXOutputter.endElement ['' severity]
23:29:06.595 [Test worker] DEBUG org.apache.axis.i18n.ProjectResourceBundle - org.apache.axis.i18n.resource::handleGetObject(endElem00)
23:29:06.595 [Test worker] DEBUG org.apache.axis.encoding.SerializationContext - End element severity
23:29:06.595 [Test worker] DEBUG org.apache.axis.message.SAXOutputter - SAXOutputter.startElement ['' status]
23:29:06.595 [Test worker] DEBUG org.apache.axis.i18n.ProjectResourceBundle - org.apache.axis.i18n.resource::handleGetObject(startElem00)
23:29:06.595 [Test worker] DEBUG org.apache.axis.encoding.SerializationContext - Start element []:status
23:29:06.595 [Test worker] DEBUG org.apache.axis.message.SAXOutputter - SAXOutputter.startElement ['' id]
23:29:06.595 [Test worker] DEBUG org.apache.axis.i18n.ProjectResourceBundle - org.apache.axis.i18n.resource::handleGetObject(startElem00)
23:29:06.595 [Test worker] DEBUG org.apache.axis.encoding.SerializationContext - Start element []:id
23:29:06.595 [Test worker] DEBUG org.apache.axis.message.SAXOutputter - SAXOutputter.characters ['10']
23:29:06.595 [Test worker] DEBUG org.apache.axis.message.SAXOutputter - SAXOutputter.endElement ['' id]
23:29:06.595 [Test worker] DEBUG org.apache.axis.i18n.ProjectResourceBundle - org.apache.axis.i18n.resource::handleGetObject(endElem00)
23:29:06.595 [Test worker] DEBUG org.apache.axis.encoding.SerializationContext - End element id
23:29:06.595 [Test worker] DEBUG org.apache.axis.message.SAXOutputter - SAXOutputter.startElement ['' name]
23:29:06.595 [Test worker] DEBUG org.apache.axis.i18n.ProjectResourceBundle - org.apache.axis.i18n.resource::handleGetObject(startElem00)
23:29:06.595 [Test worker] DEBUG org.apache.axis.encoding.SerializationContext - Start element []:name
23:29:06.595 [Test worker] DEBUG org.apache.axis.message.SAXOutputter - SAXOutputter.characters ['new']
23:29:06.595 [Test worker] DEBUG org.apache.axis.message.SAXOutputter - SAXOutputter.endElement ['' name]
23:29:06.595 [Test worker] DEBUG org.apache.axis.i18n.ProjectResourceBundle - org.apache.axis.i18n.resource::handleGetObject(endElem00)
23:29:06.595 [Test worker] DEBUG org.apache.axis.encoding.SerializationContext - End element name
23:29:06.595 [Test worker] DEBUG org.apache.axis.message.SAXOutputter - SAXOutputter.endElement ['' status]
23:29:06.595 [Test worker] DEBUG org.apache.axis.i18n.ProjectResourceBundle - org.apache.axis.i18n.resource::handleGetObject(endElem00)
23:29:06.595 [Test worker] DEBUG org.apache.axis.encoding.SerializationContext - End element status
23:29:06.595 [Test worker] DEBUG org.apache.axis.message.SAXOutputter - SAXOutputter.startElement ['' reporter]
23:29:06.595 [Test worker] DEBUG org.apache.axis.i18n.ProjectResourceBundle - org.apache.axis.i18n.resource::handleGetObject(startElem00)
23:29:06.595 [Test worker] DEBUG org.apache.axis.encoding.SerializationContext - Start element []:reporter
23:29:06.595 [Test worker] DEBUG org.apache.axis.message.SAXOutputter - SAXOutputter.startElement ['' id]
23:29:06.596 [Test worker] DEBUG org.apache.axis.i18n.ProjectResourceBundle - org.apache.axis.i18n.resource::handleGetObject(startElem00)
23:29:06.596 [Test worker] DEBUG org.apache.axis.encoding.SerializationContext - Start element []:id
23:29:06.596 [Test worker] DEBUG org.apache.axis.message.SAXOutputter - SAXOutputter.characters ['1']
23:29:06.596 [Test worker] DEBUG org.apache.axis.message.SAXOutputter - SAXOutputter.endElement ['' id]
23:29:06.596 [Test worker] DEBUG org.apache.axis.i18n.ProjectResourceBundle - org.apache.axis.i18n.resource::handleGetObject(endElem00)
23:29:06.596 [Test worker] DEBUG org.apache.axis.encoding.SerializationContext - End element id
23:29:06.596 [Test worker] DEBUG org.apache.axis.message.SAXOutputter - SAXOutputter.startElement ['' name]
23:29:06.596 [Test worker] DEBUG org.apache.axis.i18n.ProjectResourceBundle - org.apache.axis.i18n.resource::handleGetObject(startElem00)
23:29:06.596 [Test worker] DEBUG org.apache.axis.encoding.SerializationContext - Start element []:name
23:29:06.596 [Test worker] DEBUG org.apache.axis.message.SAXOutputter - SAXOutputter.characters ['administrator']
23:29:06.596 [Test worker] DEBUG org.apache.axis.message.SAXOutputter - SAXOutputter.endElement ['' name]
23:29:06.596 [Test worker] DEBUG org.apache.axis.i18n.ProjectResourceBundle - org.apache.axis.i18n.resource::handleGetObject(endElem00)
23:29:06.596 [Test worker] DEBUG org.apache.axis.encoding.SerializationContext - End element name
23:29:06.596 [Test worker] DEBUG org.apache.axis.message.SAXOutputter - SAXOutputter.startElement ['' email]
23:29:06.596 [Test worker] DEBUG org.apache.axis.i18n.ProjectResourceBundle - org.apache.axis.i18n.resource::handleGetObject(startElem00)
23:29:06.596 [Test worker] DEBUG org.apache.axis.encoding.SerializationContext - Start element []:email
23:29:06.596 [Test worker] DEBUG org.apache.axis.message.SAXOutputter - SAXOutputter.characters ['root@localhost']
23:29:06.596 [Test worker] DEBUG org.apache.axis.message.SAXOutputter - SAXOutputter.endElement ['' email]
23:29:06.596 [Test worker] DEBUG org.apache.axis.i18n.ProjectResourceBundle - org.apache.axis.i18n.resource::handleGetObject(endElem00)
23:29:06.596 [Test worker] DEBUG org.apache.axis.encoding.SerializationContext - End element email
23:29:06.596 [Test worker] DEBUG org.apache.axis.message.SAXOutputter - SAXOutputter.endElement ['' reporter]
23:29:06.596 [Test worker] DEBUG org.apache.axis.i18n.ProjectResourceBundle - org.apache.axis.i18n.resource::handleGetObject(endElem00)
23:29:06.596 [Test worker] DEBUG org.apache.axis.encoding.SerializationContext - End element reporter
23:29:06.596 [Test worker] DEBUG org.apache.axis.message.SAXOutputter - SAXOutputter.startElement ['' summary]
23:29:06.596 [Test worker] DEBUG org.apache.axis.i18n.ProjectResourceBundle - org.apache.axis.i18n.resource::handleGetObject(startElem00)
23:29:06.596 [Test worker] DEBUG org.apache.axis.encoding.SerializationContext - Start element []:summary
23:29:06.596 [Test worker] DEBUG org.apache.axis.message.SAXOutputter - SAXOutputter.characters ['Test issue']
23:29:06.596 [Test worker] DEBUG org.apache.axis.message.SAXOutputter - SAXOutputter.endElement ['' summary]
23:29:06.596 [Test worker] DEBUG org.apache.axis.i18n.ProjectResourceBundle - org.apache.axis.i18n.resource::handleGetObject(endElem00)
23:29:06.596 [Test worker] DEBUG org.apache.axis.encoding.SerializationContext - End element summary
23:29:06.596 [Test worker] DEBUG org.apache.axis.message.SAXOutputter - SAXOutputter.startElement ['' reproducibility]
23:29:06.596 [Test worker] DEBUG org.apache.axis.i18n.ProjectResourceBundle - org.apache.axis.i18n.resource::handleGetObject(startElem00)
23:29:06.596 [Test worker] DEBUG org.apache.axis.encoding.SerializationContext - Start element []:reproducibility
23:29:06.596 [Test worker] DEBUG org.apache.axis.message.SAXOutputter - SAXOutputter.startElement ['' id]
23:29:06.596 [Test worker] DEBUG org.apache.axis.i18n.ProjectResourceBundle - org.apache.axis.i18n.resource::handleGetObject(startElem00)
23:29:06.596 [Test worker] DEBUG org.apache.axis.encoding.SerializationContext - Start element []:id
23:29:06.596 [Test worker] DEBUG org.apache.axis.message.SAXOutputter - SAXOutputter.characters ['70']
23:29:06.596 [Test worker] DEBUG org.apache.axis.message.SAXOutputter - SAXOutputter.endElement ['' id]
23:29:06.596 [Test worker] DEBUG org.apache.axis.i18n.ProjectResourceBundle - org.apache.axis.i18n.resource::handleGetObject(endElem00)
23:29:06.596 [Test worker] DEBUG org.apache.axis.encoding.SerializationContext - End element id
23:29:06.596 [Test worker] DEBUG org.apache.axis.message.SAXOutputter - SAXOutputter.startElement ['' name]
23:29:06.596 [Test worker] DEBUG org.apache.axis.i18n.ProjectResourceBundle - org.apache.axis.i18n.resource::handleGetObject(startElem00)
23:29:06.596 [Test worker] DEBUG org.apache.axis.encoding.SerializationContext - Start element []:name
23:29:06.596 [Test worker] DEBUG org.apache.axis.message.SAXOutputter - SAXOutputter.characters ['have not tried']
23:29:06.596 [Test worker] DEBUG org.apache.axis.message.SAXOutputter - SAXOutputter.endElement ['' name]
23:29:06.596 [Test worker] DEBUG org.apache.axis.i18n.ProjectResourceBundle - org.apache.axis.i18n.resource::handleGetObject(endElem00)
23:29:06.596 [Test worker] DEBUG org.apache.axis.encoding.SerializationContext - End element name
23:29:06.596 [Test worker] DEBUG org.apache.axis.message.SAXOutputter - SAXOutputter.endElement ['' reproducibility]
23:29:06.596 [Test worker] DEBUG org.apache.axis.i18n.ProjectResourceBundle - org.apache.axis.i18n.resource::handleGetObject(endElem00)
23:29:06.596 [Test worker] DEBUG org.apache.axis.encoding.SerializationContext - End element reproducibility
23:29:06.596 [Test worker] DEBUG org.apache.axis.message.SAXOutputter - SAXOutputter.startElement ['' date_submitted]
23:29:06.596 [Test worker] DEBUG org.apache.axis.i18n.ProjectResourceBundle - org.apache.axis.i18n.resource::handleGetObject(startElem00)
23:29:06.596 [Test worker] DEBUG org.apache.axis.encoding.SerializationContext - Start element []:date_submitted
23:29:06.596 [Test worker] DEBUG org.apache.axis.message.SAXOutputter - SAXOutputter.characters ['2020-04-04T21:15:12+02:00']
23:29:06.596 [Test worker] DEBUG org.apache.axis.message.SAXOutputter - SAXOutputter.endElement ['' date_submitted]
23:29:06.596 [Test worker] DEBUG org.apache.axis.i18n.ProjectResourceBundle - org.apache.axis.i18n.resource::handleGetObject(endElem00)
23:29:06.596 [Test worker] DEBUG org.apache.axis.encoding.SerializationContext - End element date_submitted
23:29:06.596 [Test worker] DEBUG org.apache.axis.message.SAXOutputter - SAXOutputter.startElement ['' sponsorship_total]
23:29:06.596 [Test worker] DEBUG org.apache.axis.i18n.ProjectResourceBundle - org.apache.axis.i18n.resource::handleGetObject(startElem00)
23:29:06.596 [Test worker] DEBUG org.apache.axis.encoding.SerializationContext - Start element []:sponsorship_total
23:29:06.596 [Test worker] DEBUG org.apache.axis.message.SAXOutputter - SAXOutputter.characters ['0']
23:29:06.596 [Test worker] DEBUG org.apache.axis.message.SAXOutputter - SAXOutputter.endElement ['' sponsorship_total]
23:29:06.596 [Test worker] DEBUG org.apache.axis.i18n.ProjectResourceBundle - org.apache.axis.i18n.resource::handleGetObject(endElem00)
23:29:06.596 [Test worker] DEBUG org.apache.axis.encoding.SerializationContext - End element sponsorship_total
23:29:06.596 [Test worker] DEBUG org.apache.axis.message.SAXOutputter - SAXOutputter.startElement ['' resolution]
23:29:06.596 [Test worker] DEBUG org.apache.axis.i18n.ProjectResourceBundle - org.apache.axis.i18n.resource::handleGetObject(startElem00)
23:29:06.596 [Test worker] DEBUG org.apache.axis.encoding.SerializationContext - Start element []:resolution
23:29:06.596 [Test worker] DEBUG org.apache.axis.message.SAXOutputter - SAXOutputter.startElement ['' id]
23:29:06.596 [Test worker] DEBUG org.apache.axis.i18n.ProjectResourceBundle - org.apache.axis.i18n.resource::handleGetObject(startElem00)
23:29:06.596 [Test worker] DEBUG org.apache.axis.encoding.SerializationContext - Start element []:id
23:29:06.596 [Test worker] DEBUG org.apache.axis.message.SAXOutputter - SAXOutputter.characters ['10']
23:29:06.596 [Test worker] DEBUG org.apache.axis.message.SAXOutputter - SAXOutputter.endElement ['' id]
23:29:06.596 [Test worker] DEBUG org.apache.axis.i18n.ProjectResourceBundle - org.apache.axis.i18n.resource::handleGetObject(endElem00)
23:29:06.596 [Test worker] DEBUG org.apache.axis.encoding.SerializationContext - End element id
23:29:06.596 [Test worker] DEBUG org.apache.axis.message.SAXOutputter - SAXOutputter.startElement ['' name]
23:29:06.596 [Test worker] DEBUG org.apache.axis.i18n.ProjectResourceBundle - org.apache.axis.i18n.resource::handleGetObject(startElem00)
23:29:06.596 [Test worker] DEBUG org.apache.axis.encoding.SerializationContext - Start element []:name
23:29:06.596 [Test worker] DEBUG org.apache.axis.message.SAXOutputter - SAXOutputter.characters ['open']
23:29:06.596 [Test worker] DEBUG org.apache.axis.message.SAXOutputter - SAXOutputter.endElement ['' name]
23:29:06.596 [Test worker] DEBUG org.apache.axis.i18n.ProjectResourceBundle - org.apache.axis.i18n.resource::handleGetObject(endElem00)
23:29:06.596 [Test worker] DEBUG org.apache.axis.encoding.SerializationContext - End element name
23:29:06.596 [Test worker] DEBUG org.apache.axis.message.SAXOutputter - SAXOutputter.endElement ['' resolution]
23:29:06.596 [Test worker] DEBUG org.apache.axis.i18n.ProjectResourceBundle - org.apache.axis.i18n.resource::handleGetObject(endElem00)
23:29:06.596 [Test worker] DEBUG org.apache.axis.encoding.SerializationContext - End element resolution
23:29:06.596 [Test worker] DEBUG org.apache.axis.message.SAXOutputter - SAXOutputter.startElement ['' description]
23:29:06.596 [Test worker] DEBUG org.apache.axis.i18n.ProjectResourceBundle - org.apache.axis.i18n.resource::handleGetObject(startElem00)
23:29:06.596 [Test worker] DEBUG org.apache.axis.encoding.SerializationContext - Start element []:description
23:29:06.596 [Test worker] DEBUG org.apache.axis.message.SAXOutputter - SAXOutputter.characters ['Test issue description']
23:29:06.596 [Test worker] DEBUG org.apache.axis.message.SAXOutputter - SAXOutputter.endElement ['' description]
23:29:06.596 [Test worker] DEBUG org.apache.axis.i18n.ProjectResourceBundle - org.apache.axis.i18n.resource::handleGetObject(endElem00)
23:29:06.596 [Test worker] DEBUG org.apache.axis.encoding.SerializationContext - End element description
23:29:06.596 [Test worker] DEBUG org.apache.axis.message.SAXOutputter - SAXOutputter.startElement ['' attachments]
23:29:06.596 [Test worker] DEBUG org.apache.axis.i18n.ProjectResourceBundle - org.apache.axis.i18n.resource::handleGetObject(startElem00)
23:29:06.596 [Test worker] DEBUG org.apache.axis.encoding.SerializationContext - Start element []:attachments
23:29:06.596 [Test worker] DEBUG org.apache.axis.message.SAXOutputter - SAXOutputter.endElement ['' attachments]
23:29:06.596 [Test worker] DEBUG org.apache.axis.i18n.ProjectResourceBundle - org.apache.axis.i18n.resource::handleGetObject(endElem00)
23:29:06.596 [Test worker] DEBUG org.apache.axis.encoding.SerializationContext - End element attachments
23:29:06.596 [Test worker] DEBUG org.apache.axis.message.SAXOutputter - SAXOutputter.startElement ['' monitors]
23:29:06.596 [Test worker] DEBUG org.apache.axis.i18n.ProjectResourceBundle - org.apache.axis.i18n.resource::handleGetObject(startElem00)
23:29:06.596 [Test worker] DEBUG org.apache.axis.encoding.SerializationContext - Start element []:monitors
23:29:06.596 [Test worker] DEBUG org.apache.axis.message.SAXOutputter - SAXOutputter.endElement ['' monitors]
23:29:06.596 [Test worker] DEBUG org.apache.axis.i18n.ProjectResourceBundle - org.apache.axis.i18n.resource::handleGetObject(endElem00)
23:29:06.596 [Test worker] DEBUG org.apache.axis.encoding.SerializationContext - End element monitors
23:29:06.596 [Test worker] DEBUG org.apache.axis.message.SAXOutputter - SAXOutputter.startElement ['' sticky]
23:29:06.596 [Test worker] DEBUG org.apache.axis.i18n.ProjectResourceBundle - org.apache.axis.i18n.resource::handleGetObject(startElem00)
23:29:06.597 [Test worker] DEBUG org.apache.axis.encoding.SerializationContext - Start element []:sticky
23:29:06.597 [Test worker] DEBUG org.apache.axis.message.SAXOutputter - SAXOutputter.characters ['false']
23:29:06.597 [Test worker] DEBUG org.apache.axis.message.SAXOutputter - SAXOutputter.endElement ['' sticky]
23:29:06.597 [Test worker] DEBUG org.apache.axis.i18n.ProjectResourceBundle - org.apache.axis.i18n.resource::handleGetObject(endElem00)
23:29:06.597 [Test worker] DEBUG org.apache.axis.encoding.SerializationContext - End element sticky
23:29:06.597 [Test worker] DEBUG org.apache.axis.message.SAXOutputter - SAXOutputter.startElement ['' tags]
23:29:06.597 [Test worker] DEBUG org.apache.axis.i18n.ProjectResourceBundle - org.apache.axis.i18n.resource::handleGetObject(startElem00)
23:29:06.597 [Test worker] DEBUG org.apache.axis.encoding.SerializationContext - Start element []:tags
23:29:06.597 [Test worker] DEBUG org.apache.axis.message.SAXOutputter - SAXOutputter.endElement ['' tags]
23:29:06.597 [Test worker] DEBUG org.apache.axis.i18n.ProjectResourceBundle - org.apache.axis.i18n.resource::handleGetObject(endElem00)
23:29:06.597 [Test worker] DEBUG org.apache.axis.encoding.SerializationContext - End element tags
23:29:06.597 [Test worker] DEBUG org.apache.axis.message.SAXOutputter - SAXOutputter.endElement ['' return]
23:29:06.597 [Test worker] DEBUG org.apache.axis.i18n.ProjectResourceBundle - org.apache.axis.i18n.resource::handleGetObject(endElem00)
23:29:06.597 [Test worker] DEBUG org.apache.axis.encoding.SerializationContext - End element return
23:29:06.597 [Test worker] DEBUG org.apache.axis.message.SAXOutputter - SAXOutputter.endElement ['http://futureware.biz/mantisconnect' mc_issue_getResponse]
23:29:06.597 [Test worker] DEBUG org.apache.axis.i18n.ProjectResourceBundle - org.apache.axis.i18n.resource::handleGetObject(endElem00)
23:29:06.597 [Test worker] DEBUG org.apache.axis.encoding.SerializationContext - End element ns1:mc_issue_getResponse
23:29:06.597 [Test worker] DEBUG org.apache.axis.i18n.ProjectResourceBundle - org.apache.axis.i18n.resource::handleGetObject(endElem00)
23:29:06.597 [Test worker] DEBUG org.apache.axis.encoding.SerializationContext - End element SOAP-ENV:Body
23:29:06.597 [Test worker] DEBUG org.apache.axis.i18n.ProjectResourceBundle - org.apache.axis.i18n.resource::handleGetObject(endElem00)
23:29:06.597 [Test worker] DEBUG org.apache.axis.encoding.SerializationContext - End element SOAP-ENV:Envelope
23:29:06.597 [Test worker] DEBUG org.apache.axis.i18n.ProjectResourceBundle - org.apache.axis.i18n.resource::handleGetObject(setMsgForm)
23:29:06.597 [Test worker] DEBUG org.apache.axis.SOAPPart - Setting current message form to: FORM_OPTIMIZED (currentMessage is now org.apache.axis.utils.ByteArray)
23:29:06.597 [Test worker] DEBUG org.apache.axis.SOAPPart - Exit: SOAPPart::saveChanges(): org.apache.axis.utils.ByteArray@2cee8921
]]></system-out>
  <system-err><![CDATA[SLF4J: Class path contains multiple SLF4J bindings.
SLF4J: Found binding in [jar:file:/C:/Users/dpyrk/.gradle/caches/modules-2/files-2.1/ch.qos.logback/logback-classic/1.2.3/7c4f3c474fb2c041d8028740440937705ebb473a/logback-classic-1.2.3.jar!/org/slf4j/impl/StaticLoggerBinder.class]
SLF4J: Found binding in [jar:file:/C:/Users/dpyrk/.gradle/caches/modules-2/files-2.1/com.cisco.oss.foundation/logging-log4j/1.0.2-1/6a30195bf21e825693673fd5373a8ab4a48fc251/logging-log4j-1.0.2-1.jar!/org/slf4j/impl/StaticLoggerBinder.class]
SLF4J: See http://www.slf4j.org/codes.html#multiple_bindings for an explanation.
SLF4J: Actual binding is of type [ch.qos.logback.classic.util.ContextSelectorStaticBinder]
]]></system-err>
</testsuite>
